2020-05-14 00:00:56 [SpringContextShutdownHook] [INFO] o.s.s.c.ThreadPoolTaskExecutor - Shutting down ExecutorService 'applicationTaskExecutor'
2020-05-14 00:00:56 [SpringContextShutdownHook] [INFO] com.zaxxer.hikari.HikariDataSource - HikariPool-1 - Shutdown initiated...
2020-05-14 00:00:56 [SpringContextShutdownHook] [INFO] com.zaxxer.hikari.HikariDataSource - HikariPool-1 - Shutdown completed.
2020-05-14 00:01:04 [restartedMain] [INFO] c.s.adminlte.AdminlteApplication - Starting AdminlteApplication on DESKTOP-SSTPOFF with PID 8928 (D:\Projects\adminlte\out\production\classes started by Eanda in D:\Projects\adminlte)
2020-05-14 00:01:04 [restartedMain] [DEBUG] c.s.adminlte.AdminlteApplication - Running with Spring Boot v2.2.4.RELEASE, Spring v5.2.3.RELEASE
2020-05-14 00:01:04 [restartedMain] [INFO] c.s.adminlte.AdminlteApplication - No active profile set, falling back to default profiles: default
2020-05-14 00:01:04 [restartedMain] [INFO] o.s.b.d.e.DevToolsPropertyDefaultsPostProcessor - Devtools property defaults active! Set 'spring.devtools.add-properties' to 'false' to disable
2020-05-14 00:01:04 [restartedMain] [INFO] o.s.b.d.e.DevToolsPropertyDefaultsPostProcessor - For additional web related logging consider setting the 'logging.level.web' property to 'DEBUG'
2020-05-14 00:01:07 [restartedMain] [DEBUG] o.m.s.b.a.MybatisAutoConfiguration - Searching for mappers annotated with @Mapper
2020-05-14 00:01:07 [restartedMain] [DEBUG] o.m.s.b.a.MybatisAutoConfiguration - Using auto-configuration base package 'com.spring.adminlte'
2020-05-14 00:01:07 [restartedMain] [INFO] o.s.d.r.c.RepositoryConfigurationDelegate - Bootstrapping Spring Data JDBC repositories in DEFAULT mode.
2020-05-14 00:01:07 [restartedMain] [INFO] o.s.d.r.c.RepositoryConfigurationDelegate - Finished Spring Data repository scanning in 11ms. Found 0 JDBC repository interfaces.
2020-05-14 00:01:07 [restartedMain] [DEBUG] o.m.s.mapper.ClassPathMapperScanner - Identified candidate component class: file [D:\Projects\adminlte\out\production\classes\com\spring\adminlte\dao\CompanyDao.class]
2020-05-14 00:01:07 [restartedMain] [DEBUG] o.m.s.mapper.ClassPathMapperScanner - Identified candidate component class: file [D:\Projects\adminlte\out\production\classes\com\spring\adminlte\dao\ImportProductDao.class]
2020-05-14 00:01:07 [restartedMain] [DEBUG] o.m.s.mapper.ClassPathMapperScanner - Identified candidate component class: file [D:\Projects\adminlte\out\production\classes\com\spring\adminlte\dao\ImportProductDetailsDao.class]
2020-05-14 00:01:07 [restartedMain] [DEBUG] o.m.s.mapper.ClassPathMapperScanner - Identified candidate component class: file [D:\Projects\adminlte\out\production\classes\com\spring\adminlte\dao\MainCategoryDao.class]
2020-05-14 00:01:07 [restartedMain] [DEBUG] o.m.s.mapper.ClassPathMapperScanner - Identified candidate component class: file [D:\Projects\adminlte\out\production\classes\com\spring\adminlte\dao\ProductDao.class]
2020-05-14 00:01:07 [restartedMain] [DEBUG] o.m.s.mapper.ClassPathMapperScanner - Identified candidate component class: file [D:\Projects\adminlte\out\production\classes\com\spring\adminlte\dao\ProductDetailsDao.class]
2020-05-14 00:01:07 [restartedMain] [DEBUG] o.m.s.mapper.ClassPathMapperScanner - Identified candidate component class: file [D:\Projects\adminlte\out\production\classes\com\spring\adminlte\dao\ProductImageDao.class]
2020-05-14 00:01:07 [restartedMain] [DEBUG] o.m.s.mapper.ClassPathMapperScanner - Identified candidate component class: file [D:\Projects\adminlte\out\production\classes\com\spring\adminlte\dao\ResourceFileInfoDao.class]
2020-05-14 00:01:07 [restartedMain] [DEBUG] o.m.s.mapper.ClassPathMapperScanner - Identified candidate component class: file [D:\Projects\adminlte\out\production\classes\com\spring\adminlte\dao\SubCategoryDao.class]
2020-05-14 00:01:07 [restartedMain] [DEBUG] o.m.s.mapper.ClassPathMapperScanner - Identified candidate component class: file [D:\Projects\adminlte\out\production\classes\com\spring\adminlte\dao\SubCategoryDetailDao.class]
2020-05-14 00:01:07 [restartedMain] [DEBUG] o.m.s.mapper.ClassPathMapperScanner - Identified candidate component class: file [D:\Projects\adminlte\out\production\classes\com\spring\adminlte\dao\SupplierDao.class]
2020-05-14 00:01:07 [restartedMain] [DEBUG] o.m.s.mapper.ClassPathMapperScanner - Creating MapperFactoryBean with name 'companyDao' and 'com.spring.adminlte.dao.CompanyDao' mapperInterface
2020-05-14 00:01:07 [restartedMain] [DEBUG] o.m.s.mapper.ClassPathMapperScanner - Enabling autowire by type for MapperFactoryBean with name 'companyDao'.
2020-05-14 00:01:07 [restartedMain] [DEBUG] o.m.s.mapper.ClassPathMapperScanner - Creating MapperFactoryBean with name 'importProductDao' and 'com.spring.adminlte.dao.ImportProductDao' mapperInterface
2020-05-14 00:01:07 [restartedMain] [DEBUG] o.m.s.mapper.ClassPathMapperScanner - Enabling autowire by type for MapperFactoryBean with name 'importProductDao'.
2020-05-14 00:01:07 [restartedMain] [DEBUG] o.m.s.mapper.ClassPathMapperScanner - Creating MapperFactoryBean with name 'importProductDetailsDao' and 'com.spring.adminlte.dao.ImportProductDetailsDao' mapperInterface
2020-05-14 00:01:07 [restartedMain] [DEBUG] o.m.s.mapper.ClassPathMapperScanner - Enabling autowire by type for MapperFactoryBean with name 'importProductDetailsDao'.
2020-05-14 00:01:07 [restartedMain] [DEBUG] o.m.s.mapper.ClassPathMapperScanner - Creating MapperFactoryBean with name 'mainCategoryDao' and 'com.spring.adminlte.dao.MainCategoryDao' mapperInterface
2020-05-14 00:01:07 [restartedMain] [DEBUG] o.m.s.mapper.ClassPathMapperScanner - Enabling autowire by type for MapperFactoryBean with name 'mainCategoryDao'.
2020-05-14 00:01:07 [restartedMain] [DEBUG] o.m.s.mapper.ClassPathMapperScanner - Creating MapperFactoryBean with name 'productDao' and 'com.spring.adminlte.dao.ProductDao' mapperInterface
2020-05-14 00:01:07 [restartedMain] [DEBUG] o.m.s.mapper.ClassPathMapperScanner - Enabling autowire by type for MapperFactoryBean with name 'productDao'.
2020-05-14 00:01:07 [restartedMain] [DEBUG] o.m.s.mapper.ClassPathMapperScanner - Creating MapperFactoryBean with name 'productDetailsDao' and 'com.spring.adminlte.dao.ProductDetailsDao' mapperInterface
2020-05-14 00:01:07 [restartedMain] [DEBUG] o.m.s.mapper.ClassPathMapperScanner - Enabling autowire by type for MapperFactoryBean with name 'productDetailsDao'.
2020-05-14 00:01:07 [restartedMain] [DEBUG] o.m.s.mapper.ClassPathMapperScanner - Creating MapperFactoryBean with name 'productImageDao' and 'com.spring.adminlte.dao.ProductImageDao' mapperInterface
2020-05-14 00:01:07 [restartedMain] [DEBUG] o.m.s.mapper.ClassPathMapperScanner - Enabling autowire by type for MapperFactoryBean with name 'productImageDao'.
2020-05-14 00:01:07 [restartedMain] [DEBUG] o.m.s.mapper.ClassPathMapperScanner - Creating MapperFactoryBean with name 'resourceFileInfoDao' and 'com.spring.adminlte.dao.ResourceFileInfoDao' mapperInterface
2020-05-14 00:01:07 [restartedMain] [DEBUG] o.m.s.mapper.ClassPathMapperScanner - Enabling autowire by type for MapperFactoryBean with name 'resourceFileInfoDao'.
2020-05-14 00:01:07 [restartedMain] [DEBUG] o.m.s.mapper.ClassPathMapperScanner - Creating MapperFactoryBean with name 'subCategoryDao' and 'com.spring.adminlte.dao.SubCategoryDao' mapperInterface
2020-05-14 00:01:07 [restartedMain] [DEBUG] o.m.s.mapper.ClassPathMapperScanner - Enabling autowire by type for MapperFactoryBean with name 'subCategoryDao'.
2020-05-14 00:01:07 [restartedMain] [DEBUG] o.m.s.mapper.ClassPathMapperScanner - Creating MapperFactoryBean with name 'subCategoryDetailDao' and 'com.spring.adminlte.dao.SubCategoryDetailDao' mapperInterface
2020-05-14 00:01:07 [restartedMain] [DEBUG] o.m.s.mapper.ClassPathMapperScanner - Enabling autowire by type for MapperFactoryBean with name 'subCategoryDetailDao'.
2020-05-14 00:01:07 [restartedMain] [DEBUG] o.m.s.mapper.ClassPathMapperScanner - Creating MapperFactoryBean with name 'supplierDao' and 'com.spring.adminlte.dao.SupplierDao' mapperInterface
2020-05-14 00:01:07 [restartedMain] [DEBUG] o.m.s.mapper.ClassPathMapperScanner - Enabling autowire by type for MapperFactoryBean with name 'supplierDao'.
2020-05-14 00:01:07 [restartedMain] [INFO] o.s.c.s.PostProcessorRegistrationDelegate$BeanPostProcessorChecker - Bean 'org.springframework.ws.config.annotation.DelegatingWsConfiguration' of type [org.springframework.ws.config.annotation.DelegatingWsConfiguration$$EnhancerBySpringCGLIB$$5bd6b98d] is not eligible for getting processed by all BeanPostProcessors (for example: not eligible for auto-proxying)
2020-05-14 00:01:07 [restartedMain] [INFO] o.s.w.s.a.s.AnnotationActionEndpointMapping - Supporting [WS-Addressing August 2004, WS-Addressing 1.0]
2020-05-14 00:01:07 [restartedMain] [INFO] o.s.c.s.PostProcessorRegistrationDelegate$BeanPostProcessorChecker - Bean 'org.springframework.transaction.annotation.ProxyTransactionManagementConfiguration' of type [org.springframework.transaction.annotation.ProxyTransactionManagementConfiguration] is not eligible for getting processed by all BeanPostProcessors (for example: not eligible for auto-proxying)
2020-05-14 00:01:08 [restartedMain] [INFO] o.s.b.w.e.tomcat.TomcatWebServer - Tomcat initialized with port(s): 8080 (http)
2020-05-14 00:01:08 [restartedMain] [INFO] o.a.coyote.http11.Http11NioProtocol - Initializing ProtocolHandler ["http-nio-8080"]
2020-05-14 00:01:08 [restartedMain] [INFO] o.a.catalina.core.StandardService - Starting service [Tomcat]
2020-05-14 00:01:08 [restartedMain] [INFO] o.a.catalina.core.StandardEngine - Starting Servlet engine: [Apache Tomcat/9.0.30]
2020-05-14 00:01:08 [restartedMain] [INFO] o.a.c.c.C.[Tomcat].[localhost].[/] - Initializing Spring embedded WebApplicationContext
2020-05-14 00:01:08 [restartedMain] [INFO] o.s.web.context.ContextLoader - Root WebApplicationContext: initialization completed in 3745 ms
2020-05-14 00:01:08 [restartedMain] [DEBUG] o.m.spring.SqlSessionFactoryBean - Parsed configuration file: 'class path resource [mybatis/mybatis_config.xml]'
2020-05-14 00:01:08 [restartedMain] [DEBUG] o.m.spring.SqlSessionFactoryBean - Parsed mapper file: 'file [D:\Projects\adminlte\out\production\resources\mybatis\mapper\ProductIamgeDao.xml]'
2020-05-14 00:01:08 [restartedMain] [DEBUG] o.m.spring.SqlSessionFactoryBean - Parsed mapper file: 'file [D:\Projects\adminlte\out\production\resources\mybatis\mapper\ResourceFileInfoDao.xml]'
2020-05-14 00:01:08 [restartedMain] [DEBUG] o.m.spring.SqlSessionFactoryBean - Parsed mapper file: 'file [D:\Projects\adminlte\out\production\resources\mybatis\mapper\companyDAO.xml]'
2020-05-14 00:01:08 [restartedMain] [DEBUG] o.m.spring.SqlSessionFactoryBean - Parsed mapper file: 'file [D:\Projects\adminlte\out\production\resources\mybatis\mapper\importProductDao.xml]'
2020-05-14 00:01:08 [restartedMain] [DEBUG] o.m.spring.SqlSessionFactoryBean - Parsed mapper file: 'file [D:\Projects\adminlte\out\production\resources\mybatis\mapper\importProductDetailsDao.xml]'
2020-05-14 00:01:08 [restartedMain] [DEBUG] o.m.spring.SqlSessionFactoryBean - Parsed mapper file: 'file [D:\Projects\adminlte\out\production\resources\mybatis\mapper\mainCategoryDao.xml]'
2020-05-14 00:01:08 [restartedMain] [DEBUG] o.m.spring.SqlSessionFactoryBean - Parsed mapper file: 'file [D:\Projects\adminlte\out\production\resources\mybatis\mapper\productDao.xml]'
2020-05-14 00:01:08 [restartedMain] [DEBUG] o.m.spring.SqlSessionFactoryBean - Parsed mapper file: 'file [D:\Projects\adminlte\out\production\resources\mybatis\mapper\productDetailsDao.xml]'
2020-05-14 00:01:08 [restartedMain] [DEBUG] o.m.spring.SqlSessionFactoryBean - Parsed mapper file: 'file [D:\Projects\adminlte\out\production\resources\mybatis\mapper\subCategoryDao.xml]'
2020-05-14 00:01:08 [restartedMain] [DEBUG] o.m.spring.SqlSessionFactoryBean - Parsed mapper file: 'file [D:\Projects\adminlte\out\production\resources\mybatis\mapper\subCategoryDetailDao.xml]'
2020-05-14 00:01:09 [restartedMain] [DEBUG] o.m.spring.SqlSessionFactoryBean - Parsed mapper file: 'file [D:\Projects\adminlte\out\production\resources\mybatis\mapper\supplierDao.xml]'
2020-05-14 00:01:09 [restartedMain] [INFO] o.s.s.c.ThreadPoolTaskExecutor - Initializing ExecutorService 'applicationTaskExecutor'
2020-05-14 00:01:09 [restartedMain] [WARN] o.s.b.a.t.ThymeleafAutoConfiguration$DefaultTemplateResolverConfiguration - Cannot find template location: classpath:/templates/ (please add some templates or check your Thymeleaf configuration)
2020-05-14 00:01:09 [restartedMain] [WARN] o.t.templatemode.TemplateMode - [THYMELEAF][restartedMain] Template Mode 'LEGACYHTML5' is deprecated. Using Template Mode 'HTML' instead.
2020-05-14 00:01:09 [restartedMain] [DEBUG] o.m.s.b.a.MybatisAutoConfiguration - Not found configuration for registering mapper bean using @MapperScan, MapperFactoryBean and MapperScannerConfigurer.
2020-05-14 00:01:09 [restartedMain] [INFO] o.s.b.d.a.OptionalLiveReloadServer - LiveReload server is running on port 35729
2020-05-14 00:01:09 [restartedMain] [INFO] o.a.coyote.http11.Http11NioProtocol - Starting ProtocolHandler ["http-nio-8080"]
2020-05-14 00:01:09 [restartedMain] [INFO] o.s.b.w.e.tomcat.TomcatWebServer - Tomcat started on port(s): 8080 (http) with context path ''
2020-05-14 00:01:09 [restartedMain] [INFO] c.s.adminlte.AdminlteApplication - Started AdminlteApplication in 5.616 seconds (JVM running for 7.105)
2020-05-14 00:01:35 [http-nio-8080-exec-1] [INFO] o.a.c.c.C.[Tomcat].[localhost].[/] - Initializing Spring DispatcherServlet 'dispatcherServlet'
2020-05-14 00:01:35 [http-nio-8080-exec-1] [INFO] o.s.web.servlet.DispatcherServlet - Initializing Servlet 'dispatcherServlet'
2020-05-14 00:01:35 [http-nio-8080-exec-1] [INFO] o.s.web.servlet.DispatcherServlet - Completed initialization in 7 ms
2020-05-14 00:01:35 [http-nio-8080-exec-2] [DEBUG] org.mybatis.spring.SqlSessionUtils - Creating a new SqlSession
2020-05-14 00:01:35 [http-nio-8080-exec-2] [DEBUG] org.mybatis.spring.SqlSessionUtils - SqlSession [org.apache.ibatis.session.defaults.DefaultSqlSession@51ff14fd] was not registered for synchronization because synchronization is not active
2020-05-14 00:01:35 [http-nio-8080-exec-2] [INFO] com.zaxxer.hikari.HikariDataSource - HikariPool-1 - Starting...
2020-05-14 00:01:35 [http-nio-8080-exec-2] [INFO] com.zaxxer.hikari.HikariDataSource - HikariPool-1 - Start completed.
2020-05-14 00:01:35 [http-nio-8080-exec-2] [DEBUG] o.m.s.t.SpringManagedTransaction - JDBC Connection [HikariProxyConnection@658979282 wrapping org.postgresql.jdbc.PgConnection@2a83caa3] will not be managed by Spring
2020-05-14 00:01:35 [http-nio-8080-exec-2] [DEBUG] c.s.a.dao.ProductDetailsDao.getList - ==>  Preparing: select tp.pro_id ,tp.pro_nm ,tp.sub_cat_id ,tsc.sub_cat_nm ,tp.pro_create_by ,tp.pro_create_date ,tp.pro_create_date , tp.pro_modify_date , tp.pro_desc , tp.pro_status , resource_file_info_id from tb_product tp inner join tb_sb_category tsc on tsc.sub_id = tp.sub_cat_id where tp.pro_status != ? 
2020-05-14 00:01:35 [http-nio-8080-exec-2] [DEBUG] c.s.a.dao.ProductDetailsDao.getList - ==> Parameters: 6(String)
2020-05-14 00:01:35 [http-nio-8080-exec-2] [DEBUG] org.mybatis.spring.SqlSessionUtils - Closing non transactional SqlSession [org.apache.ibatis.session.defaults.DefaultSqlSession@51ff14fd]
2020-05-14 00:01:35 [http-nio-8080-exec-2] [ERROR] c.s.a.resController.admin.CompanyRes - 
 ===> get error get product details list

2020-05-14 00:01:35 [http-nio-8080-exec-2] [ERROR] o.a.c.c.C.[.[.[.[dispatcherServlet] - Servlet.service() for servlet [dispatcherServlet] in context with path [] threw exception [Request processing failed; nested exception is org.springframework.jdbc.BadSqlGrammarException: 
### Error querying database.  Cause: org.postgresql.util.PSQLException: ERROR: column "resource_file_info_id" does not exist
  Position: 215
### The error may exist in file [D:\Projects\adminlte\out\production\resources\mybatis\mapper\productDetailsDao.xml]
### The error may involve defaultParameterMap
### The error occurred while setting parameters
### SQL: select     tp.pro_id     ,tp.pro_nm     ,tp.sub_cat_id     ,tsc.sub_cat_nm     ,tp.pro_create_by     ,tp.pro_create_date     ,tp.pro_create_date     , tp.pro_modify_date     , tp.pro_desc     , tp.pro_status     , resource_file_info_id    from tb_product tp    inner join tb_sb_category tsc on tsc.sub_id = tp.sub_cat_id    where tp.pro_status != ?
### Cause: org.postgresql.util.PSQLException: ERROR: column "resource_file_info_id" does not exist
  Position: 215
; bad SQL grammar []; nested exception is org.postgresql.util.PSQLException: ERROR: column "resource_file_info_id" does not exist
  Position: 215] with root cause
org.postgresql.util.PSQLException: ERROR: column "resource_file_info_id" does not exist
  Position: 215
	at org.postgresql.core.v3.QueryExecutorImpl.receiveErrorResponse(QueryExecutorImpl.java:2505)
	at org.postgresql.core.v3.QueryExecutorImpl.processResults(QueryExecutorImpl.java:2241)
	at org.postgresql.core.v3.QueryExecutorImpl.execute(QueryExecutorImpl.java:310)
	at org.postgresql.jdbc.PgStatement.executeInternal(PgStatement.java:447)
	at org.postgresql.jdbc.PgStatement.execute(PgStatement.java:368)
	at org.postgresql.jdbc.PgPreparedStatement.executeWithFlags(PgPreparedStatement.java:158)
	at org.postgresql.jdbc.PgPreparedStatement.execute(PgPreparedStatement.java:147)
	at com.zaxxer.hikari.pool.ProxyPreparedStatement.execute(ProxyPreparedStatement.java:44)
	at com.zaxxer.hikari.pool.HikariProxyPreparedStatement.execute(HikariProxyPreparedStatement.java)
	at java.base/jdk.internal.reflect.NativeMethodAccessorImpl.invoke0(Native Method)
	at java.base/jdk.internal.reflect.NativeMethodAccessorImpl.invoke(NativeMethodAccessorImpl.java:62)
	at java.base/jdk.internal.reflect.DelegatingMethodAccessorImpl.invoke(DelegatingMethodAccessorImpl.java:43)
	at java.base/java.lang.reflect.Method.invoke(Method.java:566)
	at org.apache.ibatis.logging.jdbc.PreparedStatementLogger.invoke(PreparedStatementLogger.java:59)
	at com.sun.proxy.$Proxy96.execute(Unknown Source)
	at org.apache.ibatis.executor.statement.PreparedStatementHandler.query(PreparedStatementHandler.java:64)
	at org.apache.ibatis.executor.statement.RoutingStatementHandler.query(RoutingStatementHandler.java:79)
	at org.apache.ibatis.executor.SimpleExecutor.doQuery(SimpleExecutor.java:63)
	at org.apache.ibatis.executor.BaseExecutor.queryFromDatabase(BaseExecutor.java:324)
	at org.apache.ibatis.executor.BaseExecutor.query(BaseExecutor.java:156)
	at org.apache.ibatis.executor.CachingExecutor.query(CachingExecutor.java:109)
	at org.apache.ibatis.executor.CachingExecutor.query(CachingExecutor.java:83)
	at org.apache.ibatis.session.defaults.DefaultSqlSession.selectList(DefaultSqlSession.java:147)
	at org.apache.ibatis.session.defaults.DefaultSqlSession.selectList(DefaultSqlSession.java:140)
	at java.base/jdk.internal.reflect.NativeMethodAccessorImpl.invoke0(Native Method)
	at java.base/jdk.internal.reflect.NativeMethodAccessorImpl.invoke(NativeMethodAccessorImpl.java:62)
	at java.base/jdk.internal.reflect.DelegatingMethodAccessorImpl.invoke(DelegatingMethodAccessorImpl.java:43)
	at java.base/java.lang.reflect.Method.invoke(Method.java:566)
	at org.mybatis.spring.SqlSessionTemplate$SqlSessionInterceptor.invoke(SqlSessionTemplate.java:426)
	at com.sun.proxy.$Proxy70.selectList(Unknown Source)
	at org.mybatis.spring.SqlSessionTemplate.selectList(SqlSessionTemplate.java:223)
	at org.apache.ibatis.binding.MapperMethod.executeForMany(MapperMethod.java:147)
	at org.apache.ibatis.binding.MapperMethod.execute(MapperMethod.java:80)
	at org.apache.ibatis.binding.MapperProxy.invoke(MapperProxy.java:93)
	at com.sun.proxy.$Proxy80.getList(Unknown Source)
	at com.spring.adminlte.resController.admin.ProductRes.getProductDetailsList(ProductRes.java:58)
	at java.base/jdk.internal.reflect.NativeMethodAccessorImpl.invoke0(Native Method)
	at java.base/jdk.internal.reflect.NativeMethodAccessorImpl.invoke(NativeMethodAccessorImpl.java:62)
	at java.base/jdk.internal.reflect.DelegatingMethodAccessorImpl.invoke(DelegatingMethodAccessorImpl.java:43)
	at java.base/java.lang.reflect.Method.invoke(Method.java:566)
	at org.springframework.web.method.support.InvocableHandlerMethod.doInvoke(InvocableHandlerMethod.java:190)
	at org.springframework.web.method.support.InvocableHandlerMethod.invokeForRequest(InvocableHandlerMethod.java:138)
	at org.springframework.web.servlet.mvc.method.annotation.ServletInvocableHandlerMethod.invokeAndHandle(ServletInvocableHandlerMethod.java:106)
	at org.springframework.web.servlet.mvc.method.annotation.RequestMappingHandlerAdapter.invokeHandlerMethod(RequestMappingHandlerAdapter.java:888)
	at org.springframework.web.servlet.mvc.method.annotation.RequestMappingHandlerAdapter.handleInternal(RequestMappingHandlerAdapter.java:793)
	at org.springframework.web.servlet.mvc.method.AbstractHandlerMethodAdapter.handle(AbstractHandlerMethodAdapter.java:87)
	at org.springframework.web.servlet.DispatcherServlet.doDispatch(DispatcherServlet.java:1040)
	at org.springframework.web.servlet.DispatcherServlet.doService(DispatcherServlet.java:943)
	at org.springframework.web.servlet.FrameworkServlet.processRequest(FrameworkServlet.java:1006)
	at org.springframework.web.servlet.FrameworkServlet.doPost(FrameworkServlet.java:909)
	at javax.servlet.http.HttpServlet.service(HttpServlet.java:660)
	at org.springframework.web.servlet.FrameworkServlet.service(FrameworkServlet.java:883)
	at javax.servlet.http.HttpServlet.service(HttpServlet.java:741)
	at org.apache.catalina.core.ApplicationFilterChain.internalDoFilter(ApplicationFilterChain.java:231)
	at org.apache.catalina.core.ApplicationFilterChain.doFilter(ApplicationFilterChain.java:166)
	at org.apache.tomcat.websocket.server.WsFilter.doFilter(WsFilter.java:53)
	at org.apache.catalina.core.ApplicationFilterChain.internalDoFilter(ApplicationFilterChain.java:193)
	at org.apache.catalina.core.ApplicationFilterChain.doFilter(ApplicationFilterChain.java:166)
	at org.springframework.web.filter.CorsFilter.doFilterInternal(CorsFilter.java:92)
	at org.springframework.web.filter.OncePerRequestFilter.doFilter(OncePerRequestFilter.java:119)
	at org.apache.catalina.core.ApplicationFilterChain.internalDoFilter(ApplicationFilterChain.java:193)
	at org.apache.catalina.core.ApplicationFilterChain.doFilter(ApplicationFilterChain.java:166)
	at org.springframework.web.filter.RequestContextFilter.doFilterInternal(RequestContextFilter.java:100)
	at org.springframework.web.filter.OncePerRequestFilter.doFilter(OncePerRequestFilter.java:119)
	at org.apache.catalina.core.ApplicationFilterChain.internalDoFilter(ApplicationFilterChain.java:193)
	at org.apache.catalina.core.ApplicationFilterChain.doFilter(ApplicationFilterChain.java:166)
	at org.springframework.web.filter.FormContentFilter.doFilterInternal(FormContentFilter.java:93)
	at org.springframework.web.filter.OncePerRequestFilter.doFilter(OncePerRequestFilter.java:119)
	at org.apache.catalina.core.ApplicationFilterChain.internalDoFilter(ApplicationFilterChain.java:193)
	at org.apache.catalina.core.ApplicationFilterChain.doFilter(ApplicationFilterChain.java:166)
	at org.springframework.web.filter.CharacterEncodingFilter.doFilterInternal(CharacterEncodingFilter.java:201)
	at org.springframework.web.filter.OncePerRequestFilter.doFilter(OncePerRequestFilter.java:119)
	at org.apache.catalina.core.ApplicationFilterChain.internalDoFilter(ApplicationFilterChain.java:193)
	at org.apache.catalina.core.ApplicationFilterChain.doFilter(ApplicationFilterChain.java:166)
	at org.apache.catalina.core.StandardWrapperValve.invoke(StandardWrapperValve.java:202)
	at org.apache.catalina.core.StandardContextValve.invoke(StandardContextValve.java:96)
	at org.apache.catalina.authenticator.AuthenticatorBase.invoke(AuthenticatorBase.java:541)
	at org.apache.catalina.core.StandardHostValve.invoke(StandardHostValve.java:139)
	at org.apache.catalina.valves.ErrorReportValve.invoke(ErrorReportValve.java:92)
	at org.apache.catalina.core.StandardEngineValve.invoke(StandardEngineValve.java:74)
	at org.apache.catalina.connector.CoyoteAdapter.service(CoyoteAdapter.java:343)
	at org.apache.coyote.http11.Http11Processor.service(Http11Processor.java:367)
	at org.apache.coyote.AbstractProcessorLight.process(AbstractProcessorLight.java:65)
	at org.apache.coyote.AbstractProtocol$ConnectionHandler.process(AbstractProtocol.java:860)
	at org.apache.tomcat.util.net.NioEndpoint$SocketProcessor.doRun(NioEndpoint.java:1598)
	at org.apache.tomcat.util.net.SocketProcessorBase.run(SocketProcessorBase.java:49)
	at java.base/java.util.concurrent.ThreadPoolExecutor.runWorker(ThreadPoolExecutor.java:1128)
	at java.base/java.util.concurrent.ThreadPoolExecutor$Worker.run(ThreadPoolExecutor.java:628)
	at org.apache.tomcat.util.threads.TaskThread$WrappingRunnable.run(TaskThread.java:61)
	at java.base/java.lang.Thread.run(Thread.java:834)
2020-05-14 00:04:20 [SpringContextShutdownHook] [INFO] o.s.s.c.ThreadPoolTaskExecutor - Shutting down ExecutorService 'applicationTaskExecutor'
2020-05-14 00:04:20 [SpringContextShutdownHook] [INFO] com.zaxxer.hikari.HikariDataSource - HikariPool-1 - Shutdown initiated...
2020-05-14 00:04:20 [SpringContextShutdownHook] [INFO] com.zaxxer.hikari.HikariDataSource - HikariPool-1 - Shutdown completed.
2020-05-14 00:04:24 [restartedMain] [INFO] c.s.adminlte.AdminlteApplication - Starting AdminlteApplication on DESKTOP-SSTPOFF with PID 13988 (D:\Projects\adminlte\out\production\classes started by Eanda in D:\Projects\adminlte)
2020-05-14 00:04:24 [restartedMain] [DEBUG] c.s.adminlte.AdminlteApplication - Running with Spring Boot v2.2.4.RELEASE, Spring v5.2.3.RELEASE
2020-05-14 00:04:24 [restartedMain] [INFO] c.s.adminlte.AdminlteApplication - No active profile set, falling back to default profiles: default
2020-05-14 00:04:24 [restartedMain] [INFO] o.s.b.d.e.DevToolsPropertyDefaultsPostProcessor - Devtools property defaults active! Set 'spring.devtools.add-properties' to 'false' to disable
2020-05-14 00:04:24 [restartedMain] [INFO] o.s.b.d.e.DevToolsPropertyDefaultsPostProcessor - For additional web related logging consider setting the 'logging.level.web' property to 'DEBUG'
2020-05-14 00:04:25 [restartedMain] [DEBUG] o.m.s.b.a.MybatisAutoConfiguration - Searching for mappers annotated with @Mapper
2020-05-14 00:04:25 [restartedMain] [DEBUG] o.m.s.b.a.MybatisAutoConfiguration - Using auto-configuration base package 'com.spring.adminlte'
2020-05-14 00:04:25 [restartedMain] [INFO] o.s.d.r.c.RepositoryConfigurationDelegate - Bootstrapping Spring Data JDBC repositories in DEFAULT mode.
2020-05-14 00:04:25 [restartedMain] [INFO] o.s.d.r.c.RepositoryConfigurationDelegate - Finished Spring Data repository scanning in 11ms. Found 0 JDBC repository interfaces.
2020-05-14 00:04:25 [restartedMain] [DEBUG] o.m.s.mapper.ClassPathMapperScanner - Identified candidate component class: file [D:\Projects\adminlte\out\production\classes\com\spring\adminlte\dao\CompanyDao.class]
2020-05-14 00:04:25 [restartedMain] [DEBUG] o.m.s.mapper.ClassPathMapperScanner - Identified candidate component class: file [D:\Projects\adminlte\out\production\classes\com\spring\adminlte\dao\ImportProductDao.class]
2020-05-14 00:04:25 [restartedMain] [DEBUG] o.m.s.mapper.ClassPathMapperScanner - Identified candidate component class: file [D:\Projects\adminlte\out\production\classes\com\spring\adminlte\dao\ImportProductDetailsDao.class]
2020-05-14 00:04:25 [restartedMain] [DEBUG] o.m.s.mapper.ClassPathMapperScanner - Identified candidate component class: file [D:\Projects\adminlte\out\production\classes\com\spring\adminlte\dao\MainCategoryDao.class]
2020-05-14 00:04:25 [restartedMain] [DEBUG] o.m.s.mapper.ClassPathMapperScanner - Identified candidate component class: file [D:\Projects\adminlte\out\production\classes\com\spring\adminlte\dao\ProductDao.class]
2020-05-14 00:04:25 [restartedMain] [DEBUG] o.m.s.mapper.ClassPathMapperScanner - Identified candidate component class: file [D:\Projects\adminlte\out\production\classes\com\spring\adminlte\dao\ProductDetailsDao.class]
2020-05-14 00:04:25 [restartedMain] [DEBUG] o.m.s.mapper.ClassPathMapperScanner - Identified candidate component class: file [D:\Projects\adminlte\out\production\classes\com\spring\adminlte\dao\ProductImageDao.class]
2020-05-14 00:04:25 [restartedMain] [DEBUG] o.m.s.mapper.ClassPathMapperScanner - Identified candidate component class: file [D:\Projects\adminlte\out\production\classes\com\spring\adminlte\dao\ResourceFileInfoDao.class]
2020-05-14 00:04:25 [restartedMain] [DEBUG] o.m.s.mapper.ClassPathMapperScanner - Identified candidate component class: file [D:\Projects\adminlte\out\production\classes\com\spring\adminlte\dao\SubCategoryDao.class]
2020-05-14 00:04:25 [restartedMain] [DEBUG] o.m.s.mapper.ClassPathMapperScanner - Identified candidate component class: file [D:\Projects\adminlte\out\production\classes\com\spring\adminlte\dao\SubCategoryDetailDao.class]
2020-05-14 00:04:25 [restartedMain] [DEBUG] o.m.s.mapper.ClassPathMapperScanner - Identified candidate component class: file [D:\Projects\adminlte\out\production\classes\com\spring\adminlte\dao\SupplierDao.class]
2020-05-14 00:04:25 [restartedMain] [DEBUG] o.m.s.mapper.ClassPathMapperScanner - Creating MapperFactoryBean with name 'companyDao' and 'com.spring.adminlte.dao.CompanyDao' mapperInterface
2020-05-14 00:04:25 [restartedMain] [DEBUG] o.m.s.mapper.ClassPathMapperScanner - Enabling autowire by type for MapperFactoryBean with name 'companyDao'.
2020-05-14 00:04:25 [restartedMain] [DEBUG] o.m.s.mapper.ClassPathMapperScanner - Creating MapperFactoryBean with name 'importProductDao' and 'com.spring.adminlte.dao.ImportProductDao' mapperInterface
2020-05-14 00:04:25 [restartedMain] [DEBUG] o.m.s.mapper.ClassPathMapperScanner - Enabling autowire by type for MapperFactoryBean with name 'importProductDao'.
2020-05-14 00:04:25 [restartedMain] [DEBUG] o.m.s.mapper.ClassPathMapperScanner - Creating MapperFactoryBean with name 'importProductDetailsDao' and 'com.spring.adminlte.dao.ImportProductDetailsDao' mapperInterface
2020-05-14 00:04:25 [restartedMain] [DEBUG] o.m.s.mapper.ClassPathMapperScanner - Enabling autowire by type for MapperFactoryBean with name 'importProductDetailsDao'.
2020-05-14 00:04:25 [restartedMain] [DEBUG] o.m.s.mapper.ClassPathMapperScanner - Creating MapperFactoryBean with name 'mainCategoryDao' and 'com.spring.adminlte.dao.MainCategoryDao' mapperInterface
2020-05-14 00:04:25 [restartedMain] [DEBUG] o.m.s.mapper.ClassPathMapperScanner - Enabling autowire by type for MapperFactoryBean with name 'mainCategoryDao'.
2020-05-14 00:04:25 [restartedMain] [DEBUG] o.m.s.mapper.ClassPathMapperScanner - Creating MapperFactoryBean with name 'productDao' and 'com.spring.adminlte.dao.ProductDao' mapperInterface
2020-05-14 00:04:25 [restartedMain] [DEBUG] o.m.s.mapper.ClassPathMapperScanner - Enabling autowire by type for MapperFactoryBean with name 'productDao'.
2020-05-14 00:04:25 [restartedMain] [DEBUG] o.m.s.mapper.ClassPathMapperScanner - Creating MapperFactoryBean with name 'productDetailsDao' and 'com.spring.adminlte.dao.ProductDetailsDao' mapperInterface
2020-05-14 00:04:25 [restartedMain] [DEBUG] o.m.s.mapper.ClassPathMapperScanner - Enabling autowire by type for MapperFactoryBean with name 'productDetailsDao'.
2020-05-14 00:04:25 [restartedMain] [DEBUG] o.m.s.mapper.ClassPathMapperScanner - Creating MapperFactoryBean with name 'productImageDao' and 'com.spring.adminlte.dao.ProductImageDao' mapperInterface
2020-05-14 00:04:25 [restartedMain] [DEBUG] o.m.s.mapper.ClassPathMapperScanner - Enabling autowire by type for MapperFactoryBean with name 'productImageDao'.
2020-05-14 00:04:25 [restartedMain] [DEBUG] o.m.s.mapper.ClassPathMapperScanner - Creating MapperFactoryBean with name 'resourceFileInfoDao' and 'com.spring.adminlte.dao.ResourceFileInfoDao' mapperInterface
2020-05-14 00:04:25 [restartedMain] [DEBUG] o.m.s.mapper.ClassPathMapperScanner - Enabling autowire by type for MapperFactoryBean with name 'resourceFileInfoDao'.
2020-05-14 00:04:25 [restartedMain] [DEBUG] o.m.s.mapper.ClassPathMapperScanner - Creating MapperFactoryBean with name 'subCategoryDao' and 'com.spring.adminlte.dao.SubCategoryDao' mapperInterface
2020-05-14 00:04:25 [restartedMain] [DEBUG] o.m.s.mapper.ClassPathMapperScanner - Enabling autowire by type for MapperFactoryBean with name 'subCategoryDao'.
2020-05-14 00:04:25 [restartedMain] [DEBUG] o.m.s.mapper.ClassPathMapperScanner - Creating MapperFactoryBean with name 'subCategoryDetailDao' and 'com.spring.adminlte.dao.SubCategoryDetailDao' mapperInterface
2020-05-14 00:04:25 [restartedMain] [DEBUG] o.m.s.mapper.ClassPathMapperScanner - Enabling autowire by type for MapperFactoryBean with name 'subCategoryDetailDao'.
2020-05-14 00:04:25 [restartedMain] [DEBUG] o.m.s.mapper.ClassPathMapperScanner - Creating MapperFactoryBean with name 'supplierDao' and 'com.spring.adminlte.dao.SupplierDao' mapperInterface
2020-05-14 00:04:25 [restartedMain] [DEBUG] o.m.s.mapper.ClassPathMapperScanner - Enabling autowire by type for MapperFactoryBean with name 'supplierDao'.
2020-05-14 00:04:25 [restartedMain] [INFO] o.s.c.s.PostProcessorRegistrationDelegate$BeanPostProcessorChecker - Bean 'org.springframework.ws.config.annotation.DelegatingWsConfiguration' of type [org.springframework.ws.config.annotation.DelegatingWsConfiguration$$EnhancerBySpringCGLIB$$3c598c3a] is not eligible for getting processed by all BeanPostProcessors (for example: not eligible for auto-proxying)
2020-05-14 00:04:25 [restartedMain] [INFO] o.s.w.s.a.s.AnnotationActionEndpointMapping - Supporting [WS-Addressing August 2004, WS-Addressing 1.0]
2020-05-14 00:04:25 [restartedMain] [INFO] o.s.c.s.PostProcessorRegistrationDelegate$BeanPostProcessorChecker - Bean 'org.springframework.transaction.annotation.ProxyTransactionManagementConfiguration' of type [org.springframework.transaction.annotation.ProxyTransactionManagementConfiguration] is not eligible for getting processed by all BeanPostProcessors (for example: not eligible for auto-proxying)
2020-05-14 00:04:26 [restartedMain] [INFO] o.s.b.w.e.tomcat.TomcatWebServer - Tomcat initialized with port(s): 8080 (http)
2020-05-14 00:04:26 [restartedMain] [INFO] o.a.coyote.http11.Http11NioProtocol - Initializing ProtocolHandler ["http-nio-8080"]
2020-05-14 00:04:26 [restartedMain] [INFO] o.a.catalina.core.StandardService - Starting service [Tomcat]
2020-05-14 00:04:26 [restartedMain] [INFO] o.a.catalina.core.StandardEngine - Starting Servlet engine: [Apache Tomcat/9.0.30]
2020-05-14 00:04:26 [restartedMain] [INFO] o.a.c.c.C.[Tomcat].[localhost].[/] - Initializing Spring embedded WebApplicationContext
2020-05-14 00:04:26 [restartedMain] [INFO] o.s.web.context.ContextLoader - Root WebApplicationContext: initialization completed in 2025 ms
2020-05-14 00:04:26 [restartedMain] [DEBUG] o.m.spring.SqlSessionFactoryBean - Parsed configuration file: 'class path resource [mybatis/mybatis_config.xml]'
2020-05-14 00:04:26 [restartedMain] [DEBUG] o.m.spring.SqlSessionFactoryBean - Parsed mapper file: 'file [D:\Projects\adminlte\out\production\resources\mybatis\mapper\ProductIamgeDao.xml]'
2020-05-14 00:04:26 [restartedMain] [DEBUG] o.m.spring.SqlSessionFactoryBean - Parsed mapper file: 'file [D:\Projects\adminlte\out\production\resources\mybatis\mapper\ResourceFileInfoDao.xml]'
2020-05-14 00:04:26 [restartedMain] [DEBUG] o.m.spring.SqlSessionFactoryBean - Parsed mapper file: 'file [D:\Projects\adminlte\out\production\resources\mybatis\mapper\companyDAO.xml]'
2020-05-14 00:04:26 [restartedMain] [DEBUG] o.m.spring.SqlSessionFactoryBean - Parsed mapper file: 'file [D:\Projects\adminlte\out\production\resources\mybatis\mapper\importProductDao.xml]'
2020-05-14 00:04:26 [restartedMain] [DEBUG] o.m.spring.SqlSessionFactoryBean - Parsed mapper file: 'file [D:\Projects\adminlte\out\production\resources\mybatis\mapper\importProductDetailsDao.xml]'
2020-05-14 00:04:26 [restartedMain] [DEBUG] o.m.spring.SqlSessionFactoryBean - Parsed mapper file: 'file [D:\Projects\adminlte\out\production\resources\mybatis\mapper\mainCategoryDao.xml]'
2020-05-14 00:04:26 [restartedMain] [DEBUG] o.m.spring.SqlSessionFactoryBean - Parsed mapper file: 'file [D:\Projects\adminlte\out\production\resources\mybatis\mapper\productDao.xml]'
2020-05-14 00:04:26 [restartedMain] [DEBUG] o.m.spring.SqlSessionFactoryBean - Parsed mapper file: 'file [D:\Projects\adminlte\out\production\resources\mybatis\mapper\productDetailsDao.xml]'
2020-05-14 00:04:26 [restartedMain] [DEBUG] o.m.spring.SqlSessionFactoryBean - Parsed mapper file: 'file [D:\Projects\adminlte\out\production\resources\mybatis\mapper\subCategoryDao.xml]'
2020-05-14 00:04:26 [restartedMain] [DEBUG] o.m.spring.SqlSessionFactoryBean - Parsed mapper file: 'file [D:\Projects\adminlte\out\production\resources\mybatis\mapper\subCategoryDetailDao.xml]'
2020-05-14 00:04:26 [restartedMain] [DEBUG] o.m.spring.SqlSessionFactoryBean - Parsed mapper file: 'file [D:\Projects\adminlte\out\production\resources\mybatis\mapper\supplierDao.xml]'
2020-05-14 00:04:27 [restartedMain] [INFO] o.s.s.c.ThreadPoolTaskExecutor - Initializing ExecutorService 'applicationTaskExecutor'
2020-05-14 00:04:27 [restartedMain] [WARN] o.s.b.a.t.ThymeleafAutoConfiguration$DefaultTemplateResolverConfiguration - Cannot find template location: classpath:/templates/ (please add some templates or check your Thymeleaf configuration)
2020-05-14 00:04:27 [restartedMain] [WARN] o.t.templatemode.TemplateMode - [THYMELEAF][restartedMain] Template Mode 'LEGACYHTML5' is deprecated. Using Template Mode 'HTML' instead.
2020-05-14 00:04:27 [restartedMain] [DEBUG] o.m.s.b.a.MybatisAutoConfiguration - Not found configuration for registering mapper bean using @MapperScan, MapperFactoryBean and MapperScannerConfigurer.
2020-05-14 00:04:27 [restartedMain] [INFO] o.s.b.d.a.OptionalLiveReloadServer - LiveReload server is running on port 35729
2020-05-14 00:04:27 [restartedMain] [INFO] o.a.coyote.http11.Http11NioProtocol - Starting ProtocolHandler ["http-nio-8080"]
2020-05-14 00:04:27 [restartedMain] [INFO] o.s.b.w.e.tomcat.TomcatWebServer - Tomcat started on port(s): 8080 (http) with context path ''
2020-05-14 00:04:27 [restartedMain] [INFO] c.s.adminlte.AdminlteApplication - Started AdminlteApplication in 3.674 seconds (JVM running for 5.179)
2020-05-14 00:04:40 [http-nio-8080-exec-1] [INFO] o.a.c.c.C.[Tomcat].[localhost].[/] - Initializing Spring DispatcherServlet 'dispatcherServlet'
2020-05-14 00:04:40 [http-nio-8080-exec-1] [INFO] o.s.web.servlet.DispatcherServlet - Initializing Servlet 'dispatcherServlet'
2020-05-14 00:04:40 [http-nio-8080-exec-1] [INFO] o.s.web.servlet.DispatcherServlet - Completed initialization in 6 ms
2020-05-14 00:04:40 [http-nio-8080-exec-1] [DEBUG] org.mybatis.spring.SqlSessionUtils - Creating a new SqlSession
2020-05-14 00:04:40 [http-nio-8080-exec-1] [DEBUG] org.mybatis.spring.SqlSessionUtils - SqlSession [org.apache.ibatis.session.defaults.DefaultSqlSession@543d9792] was not registered for synchronization because synchronization is not active
2020-05-14 00:04:40 [http-nio-8080-exec-1] [INFO] com.zaxxer.hikari.HikariDataSource - HikariPool-1 - Starting...
2020-05-14 00:04:40 [http-nio-8080-exec-1] [INFO] com.zaxxer.hikari.HikariDataSource - HikariPool-1 - Start completed.
2020-05-14 00:04:41 [http-nio-8080-exec-1] [DEBUG] o.m.s.t.SpringManagedTransaction - JDBC Connection [HikariProxyConnection@579011943 wrapping org.postgresql.jdbc.PgConnection@7393aad] will not be managed by Spring
2020-05-14 00:04:41 [http-nio-8080-exec-1] [DEBUG] c.s.a.dao.ProductDetailsDao.getList - ==>  Preparing: select tp.pro_id ,tp.pro_nm ,tp.sub_cat_id ,tsc.sub_cat_nm ,tp.pro_create_by ,tp.pro_create_date ,tp.pro_create_date , tp.pro_modify_date , tp.pro_desc , tp.pro_status , tp.resource_file_info_id from tb_product tp inner join tb_sb_category tsc on tsc.sub_id = tp.sub_cat_id where tp.pro_status != ? 
2020-05-14 00:04:41 [http-nio-8080-exec-1] [DEBUG] c.s.a.dao.ProductDetailsDao.getList - ==> Parameters: 6(String)
2020-05-14 00:04:41 [http-nio-8080-exec-1] [DEBUG] c.s.a.dao.ProductDetailsDao.getList - <==      Total: 2
2020-05-14 00:04:41 [http-nio-8080-exec-1] [DEBUG] org.mybatis.spring.SqlSessionUtils - Closing non transactional SqlSession [org.apache.ibatis.session.defaults.DefaultSqlSession@543d9792]
2020-05-14 00:04:41 [http-nio-8080-exec-3] [DEBUG] org.mybatis.spring.SqlSessionUtils - Creating a new SqlSession
2020-05-14 00:04:41 [http-nio-8080-exec-2] [DEBUG] org.mybatis.spring.SqlSessionUtils - Creating a new SqlSession
2020-05-14 00:04:41 [http-nio-8080-exec-3] [DEBUG] org.mybatis.spring.SqlSessionUtils - SqlSession [org.apache.ibatis.session.defaults.DefaultSqlSession@34451f2a] was not registered for synchronization because synchronization is not active
2020-05-14 00:04:41 [http-nio-8080-exec-2] [DEBUG] org.mybatis.spring.SqlSessionUtils - SqlSession [org.apache.ibatis.session.defaults.DefaultSqlSession@49314e9] was not registered for synchronization because synchronization is not active
2020-05-14 00:04:41 [http-nio-8080-exec-3] [DEBUG] o.m.s.t.SpringManagedTransaction - JDBC Connection [HikariProxyConnection@843408065 wrapping org.postgresql.jdbc.PgConnection@7393aad] will not be managed by Spring
2020-05-14 00:04:41 [http-nio-8080-exec-2] [DEBUG] o.m.s.t.SpringManagedTransaction - JDBC Connection [HikariProxyConnection@7409655 wrapping org.postgresql.jdbc.PgConnection@24e911b8] will not be managed by Spring
2020-05-14 00:04:41 [http-nio-8080-exec-3] [DEBUG] c.s.a.d.ProductImageDao.getValueById - ==>  Preparing: SELECT pro_img_id , pro_img_uri , pro_img_status , pro_img_create_by , pro_img_create_date , pro_img_modify_by , pro_img_modify_date , pro_id , pro_img_nm , size , extension FROM tb_pro_img WHERE pro_img_id = ? 
2020-05-14 00:04:41 [http-nio-8080-exec-2] [DEBUG] c.s.a.d.ProductImageDao.getValueById - ==>  Preparing: SELECT pro_img_id , pro_img_uri , pro_img_status , pro_img_create_by , pro_img_create_date , pro_img_modify_by , pro_img_modify_date , pro_id , pro_img_nm , size , extension FROM tb_pro_img WHERE pro_img_id = ? 
2020-05-14 00:04:41 [http-nio-8080-exec-2] [DEBUG] c.s.a.d.ProductImageDao.getValueById - ==> Parameters: 1(Integer)
2020-05-14 00:04:41 [http-nio-8080-exec-3] [DEBUG] c.s.a.d.ProductImageDao.getValueById - ==> Parameters: 3(Integer)
2020-05-14 00:04:41 [http-nio-8080-exec-3] [DEBUG] c.s.a.d.ProductImageDao.getValueById - <==      Total: 1
2020-05-14 00:04:41 [http-nio-8080-exec-2] [DEBUG] c.s.a.d.ProductImageDao.getValueById - <==      Total: 1
2020-05-14 00:04:41 [http-nio-8080-exec-3] [DEBUG] org.mybatis.spring.SqlSessionUtils - Closing non transactional SqlSession [org.apache.ibatis.session.defaults.DefaultSqlSession@34451f2a]
2020-05-14 00:04:41 [http-nio-8080-exec-2] [DEBUG] org.mybatis.spring.SqlSessionUtils - Closing non transactional SqlSession [org.apache.ibatis.session.defaults.DefaultSqlSession@49314e9]
2020-05-14 00:04:41 [http-nio-8080-exec-3] [DEBUG] org.mybatis.spring.SqlSessionUtils - Creating a new SqlSession
2020-05-14 00:04:41 [http-nio-8080-exec-2] [DEBUG] org.mybatis.spring.SqlSessionUtils - Creating a new SqlSession
2020-05-14 00:04:41 [http-nio-8080-exec-3] [DEBUG] org.mybatis.spring.SqlSessionUtils - SqlSession [org.apache.ibatis.session.defaults.DefaultSqlSession@2f411076] was not registered for synchronization because synchronization is not active
2020-05-14 00:04:41 [http-nio-8080-exec-2] [DEBUG] org.mybatis.spring.SqlSessionUtils - SqlSession [org.apache.ibatis.session.defaults.DefaultSqlSession@37b270bd] was not registered for synchronization because synchronization is not active
2020-05-14 00:04:41 [http-nio-8080-exec-3] [DEBUG] o.m.s.t.SpringManagedTransaction - JDBC Connection [HikariProxyConnection@906705973 wrapping org.postgresql.jdbc.PgConnection@7393aad] will not be managed by Spring
2020-05-14 00:04:41 [http-nio-8080-exec-2] [DEBUG] o.m.s.t.SpringManagedTransaction - JDBC Connection [HikariProxyConnection@1964803293 wrapping org.postgresql.jdbc.PgConnection@24e911b8] will not be managed by Spring
2020-05-14 00:04:41 [http-nio-8080-exec-2] [DEBUG] c.s.a.d.ProductImageDao.getPathImage - ==>  Preparing: SELECT pro_img_uri FROM tb_pro_img WHERE pro_id = ? 
2020-05-14 00:04:41 [http-nio-8080-exec-3] [DEBUG] c.s.a.d.ProductImageDao.getPathImage - ==>  Preparing: SELECT pro_img_uri FROM tb_pro_img WHERE pro_id = ? 
2020-05-14 00:04:41 [http-nio-8080-exec-3] [DEBUG] c.s.a.d.ProductImageDao.getPathImage - ==> Parameters: 3(Integer)
2020-05-14 00:04:41 [http-nio-8080-exec-2] [DEBUG] c.s.a.d.ProductImageDao.getPathImage - ==> Parameters: 1(Integer)
2020-05-14 00:04:41 [http-nio-8080-exec-2] [DEBUG] c.s.a.d.ProductImageDao.getPathImage - <==      Total: 1
2020-05-14 00:04:41 [http-nio-8080-exec-3] [DEBUG] c.s.a.d.ProductImageDao.getPathImage - <==      Total: 1
2020-05-14 00:04:41 [http-nio-8080-exec-3] [DEBUG] org.mybatis.spring.SqlSessionUtils - Closing non transactional SqlSession [org.apache.ibatis.session.defaults.DefaultSqlSession@2f411076]
2020-05-14 00:04:41 [http-nio-8080-exec-2] [DEBUG] org.mybatis.spring.SqlSessionUtils - Closing non transactional SqlSession [org.apache.ibatis.session.defaults.DefaultSqlSession@37b270bd]
2020-05-14 00:06:23 [http-nio-8080-exec-8] [DEBUG] org.mybatis.spring.SqlSessionUtils - Creating a new SqlSession
2020-05-14 00:06:23 [http-nio-8080-exec-8] [DEBUG] org.mybatis.spring.SqlSessionUtils - SqlSession [org.apache.ibatis.session.defaults.DefaultSqlSession@7f2ee848] was not registered for synchronization because synchronization is not active
2020-05-14 00:06:23 [http-nio-8080-exec-8] [DEBUG] o.m.s.t.SpringManagedTransaction - JDBC Connection [HikariProxyConnection@1911101917 wrapping org.postgresql.jdbc.PgConnection@7393aad] will not be managed by Spring
2020-05-14 00:06:23 [http-nio-8080-exec-8] [DEBUG] c.s.a.dao.ProductDetailsDao.getList - ==>  Preparing: select tp.pro_id ,tp.pro_nm ,tp.sub_cat_id ,tsc.sub_cat_nm ,tp.pro_create_by ,tp.pro_create_date ,tp.pro_create_date , tp.pro_modify_date , tp.pro_desc , tp.pro_status , tp.resource_file_info_id from tb_product tp inner join tb_sb_category tsc on tsc.sub_id = tp.sub_cat_id where tp.pro_status != ? 
2020-05-14 00:06:23 [http-nio-8080-exec-8] [DEBUG] c.s.a.dao.ProductDetailsDao.getList - ==> Parameters: 6(String)
2020-05-14 00:06:23 [http-nio-8080-exec-8] [DEBUG] c.s.a.dao.ProductDetailsDao.getList - <==      Total: 2
2020-05-14 00:06:23 [http-nio-8080-exec-8] [DEBUG] org.mybatis.spring.SqlSessionUtils - Closing non transactional SqlSession [org.apache.ibatis.session.defaults.DefaultSqlSession@7f2ee848]
2020-05-14 00:06:25 [http-nio-8080-exec-9] [DEBUG] org.mybatis.spring.SqlSessionUtils - Creating a new SqlSession
2020-05-14 00:06:25 [http-nio-8080-exec-9] [DEBUG] org.mybatis.spring.SqlSessionUtils - SqlSession [org.apache.ibatis.session.defaults.DefaultSqlSession@49ab26de] was not registered for synchronization because synchronization is not active
2020-05-14 00:06:25 [http-nio-8080-exec-9] [DEBUG] o.m.s.t.SpringManagedTransaction - JDBC Connection [HikariProxyConnection@243132361 wrapping org.postgresql.jdbc.PgConnection@7393aad] will not be managed by Spring
2020-05-14 00:06:25 [http-nio-8080-exec-9] [DEBUG] c.s.a.d.R.getResourceById - ==>  Preparing: SELECT * FROM tb_resource_file_info WHERE res_file_id = ? LIMIT 1 
2020-05-14 00:06:25 [http-nio-8080-exec-9] [DEBUG] c.s.a.d.R.getResourceById - ==> Parameters: bd1c4a92-8cfe-4c33-ab6f-da4e941c5e94(String)
2020-05-14 00:06:25 [http-nio-8080-exec-10] [DEBUG] org.mybatis.spring.SqlSessionUtils - Creating a new SqlSession
2020-05-14 00:06:25 [http-nio-8080-exec-10] [DEBUG] org.mybatis.spring.SqlSessionUtils - SqlSession [org.apache.ibatis.session.defaults.DefaultSqlSession@7c12e4a0] was not registered for synchronization because synchronization is not active
2020-05-14 00:06:25 [http-nio-8080-exec-10] [DEBUG] o.m.s.t.SpringManagedTransaction - JDBC Connection [HikariProxyConnection@1926567250 wrapping org.postgresql.jdbc.PgConnection@24e911b8] will not be managed by Spring
2020-05-14 00:06:25 [http-nio-8080-exec-10] [DEBUG] c.s.a.d.R.getResourceById - ==>  Preparing: SELECT * FROM tb_resource_file_info WHERE res_file_id = ? LIMIT 1 
2020-05-14 00:06:25 [http-nio-8080-exec-10] [DEBUG] c.s.a.d.R.getResourceById - ==> Parameters: a72b22d6-7eb5-4827-824a-170aa71dec0c(String)
2020-05-14 00:06:25 [http-nio-8080-exec-10] [DEBUG] c.s.a.d.R.getResourceById - <==      Total: 1
2020-05-14 00:06:25 [http-nio-8080-exec-9] [DEBUG] c.s.a.d.R.getResourceById - <==      Total: 1
2020-05-14 00:06:25 [http-nio-8080-exec-10] [DEBUG] org.mybatis.spring.SqlSessionUtils - Closing non transactional SqlSession [org.apache.ibatis.session.defaults.DefaultSqlSession@7c12e4a0]
2020-05-14 00:06:25 [http-nio-8080-exec-9] [DEBUG] org.mybatis.spring.SqlSessionUtils - Closing non transactional SqlSession [org.apache.ibatis.session.defaults.DefaultSqlSession@49ab26de]
2020-05-14 00:07:02 [http-nio-8080-exec-5] [DEBUG] org.mybatis.spring.SqlSessionUtils - Creating a new SqlSession
2020-05-14 00:07:02 [http-nio-8080-exec-5] [DEBUG] org.mybatis.spring.SqlSessionUtils - SqlSession [org.apache.ibatis.session.defaults.DefaultSqlSession@27b083f0] was not registered for synchronization because synchronization is not active
2020-05-14 00:07:02 [http-nio-8080-exec-5] [DEBUG] o.m.s.t.SpringManagedTransaction - JDBC Connection [HikariProxyConnection@695695734 wrapping org.postgresql.jdbc.PgConnection@7393aad] will not be managed by Spring
2020-05-14 00:07:02 [http-nio-8080-exec-5] [DEBUG] c.s.a.dao.ProductDetailsDao.getList - ==>  Preparing: select tp.pro_id ,tp.pro_nm ,tp.sub_cat_id ,tsc.sub_cat_nm ,tp.pro_create_by ,tp.pro_create_date ,tp.pro_create_date , tp.pro_modify_date , tp.pro_desc , tp.pro_status , tp.resource_file_info_id from tb_product tp inner join tb_sb_category tsc on tsc.sub_id = tp.sub_cat_id where tp.pro_status != ? 
2020-05-14 00:07:02 [http-nio-8080-exec-5] [DEBUG] c.s.a.dao.ProductDetailsDao.getList - ==> Parameters: 6(String)
2020-05-14 00:07:02 [http-nio-8080-exec-5] [DEBUG] c.s.a.dao.ProductDetailsDao.getList - <==      Total: 2
2020-05-14 00:07:02 [http-nio-8080-exec-5] [DEBUG] org.mybatis.spring.SqlSessionUtils - Closing non transactional SqlSession [org.apache.ibatis.session.defaults.DefaultSqlSession@27b083f0]
2020-05-14 00:07:02 [http-nio-8080-exec-6] [DEBUG] org.mybatis.spring.SqlSessionUtils - Creating a new SqlSession
2020-05-14 00:07:02 [http-nio-8080-exec-6] [DEBUG] org.mybatis.spring.SqlSessionUtils - SqlSession [org.apache.ibatis.session.defaults.DefaultSqlSession@4050f960] was not registered for synchronization because synchronization is not active
2020-05-14 00:07:02 [http-nio-8080-exec-6] [DEBUG] o.m.s.t.SpringManagedTransaction - JDBC Connection [HikariProxyConnection@1318522650 wrapping org.postgresql.jdbc.PgConnection@7393aad] will not be managed by Spring
2020-05-14 00:07:02 [http-nio-8080-exec-6] [DEBUG] c.s.a.d.R.getResourceById - ==>  Preparing: SELECT * FROM tb_resource_file_info WHERE res_file_id = ? LIMIT 1 
2020-05-14 00:07:02 [http-nio-8080-exec-6] [DEBUG] c.s.a.d.R.getResourceById - ==> Parameters: bd1c4a92-8cfe-4c33-ab6f-da4e941c5e94(String)
2020-05-14 00:07:02 [http-nio-8080-exec-6] [DEBUG] c.s.a.d.R.getResourceById - <==      Total: 1
2020-05-14 00:07:02 [http-nio-8080-exec-6] [DEBUG] org.mybatis.spring.SqlSessionUtils - Closing non transactional SqlSession [org.apache.ibatis.session.defaults.DefaultSqlSession@4050f960]
2020-05-14 00:07:02 [http-nio-8080-exec-7] [DEBUG] org.mybatis.spring.SqlSessionUtils - Creating a new SqlSession
2020-05-14 00:07:02 [http-nio-8080-exec-7] [DEBUG] org.mybatis.spring.SqlSessionUtils - SqlSession [org.apache.ibatis.session.defaults.DefaultSqlSession@6b13e829] was not registered for synchronization because synchronization is not active
2020-05-14 00:07:02 [http-nio-8080-exec-7] [DEBUG] o.m.s.t.SpringManagedTransaction - JDBC Connection [HikariProxyConnection@1708399419 wrapping org.postgresql.jdbc.PgConnection@7393aad] will not be managed by Spring
2020-05-14 00:07:02 [http-nio-8080-exec-7] [DEBUG] c.s.a.d.R.getResourceById - ==>  Preparing: SELECT * FROM tb_resource_file_info WHERE res_file_id = ? LIMIT 1 
2020-05-14 00:07:02 [http-nio-8080-exec-7] [DEBUG] c.s.a.d.R.getResourceById - ==> Parameters: a72b22d6-7eb5-4827-824a-170aa71dec0c(String)
2020-05-14 00:07:02 [http-nio-8080-exec-7] [DEBUG] c.s.a.d.R.getResourceById - <==      Total: 1
2020-05-14 00:07:02 [http-nio-8080-exec-7] [DEBUG] org.mybatis.spring.SqlSessionUtils - Closing non transactional SqlSession [org.apache.ibatis.session.defaults.DefaultSqlSession@6b13e829]
2020-05-14 00:08:08 [http-nio-8080-exec-2] [DEBUG] org.mybatis.spring.SqlSessionUtils - Creating a new SqlSession
2020-05-14 00:08:08 [http-nio-8080-exec-2] [DEBUG] org.mybatis.spring.SqlSessionUtils - SqlSession [org.apache.ibatis.session.defaults.DefaultSqlSession@7b93fa85] was not registered for synchronization because synchronization is not active
2020-05-14 00:08:08 [http-nio-8080-exec-2] [DEBUG] o.m.s.t.SpringManagedTransaction - JDBC Connection [HikariProxyConnection@902975430 wrapping org.postgresql.jdbc.PgConnection@24e911b8] will not be managed by Spring
2020-05-14 00:08:08 [http-nio-8080-exec-2] [DEBUG] c.s.a.dao.ProductDetailsDao.getList - ==>  Preparing: select tp.pro_id ,tp.pro_nm ,tp.sub_cat_id ,tsc.sub_cat_nm ,tp.pro_create_by ,tp.pro_create_date ,tp.pro_create_date , tp.pro_modify_date , tp.pro_desc , tp.pro_status , tp.resource_file_info_id from tb_product tp inner join tb_sb_category tsc on tsc.sub_id = tp.sub_cat_id where tp.pro_status != ? 
2020-05-14 00:08:08 [http-nio-8080-exec-2] [DEBUG] c.s.a.dao.ProductDetailsDao.getList - ==> Parameters: 6(String)
2020-05-14 00:08:08 [http-nio-8080-exec-2] [DEBUG] c.s.a.dao.ProductDetailsDao.getList - <==      Total: 2
2020-05-14 00:08:08 [http-nio-8080-exec-2] [DEBUG] org.mybatis.spring.SqlSessionUtils - Closing non transactional SqlSession [org.apache.ibatis.session.defaults.DefaultSqlSession@7b93fa85]
2020-05-14 00:08:09 [http-nio-8080-exec-1] [DEBUG] org.mybatis.spring.SqlSessionUtils - Creating a new SqlSession
2020-05-14 00:08:09 [http-nio-8080-exec-1] [DEBUG] org.mybatis.spring.SqlSessionUtils - SqlSession [org.apache.ibatis.session.defaults.DefaultSqlSession@746e9e57] was not registered for synchronization because synchronization is not active
2020-05-14 00:08:09 [http-nio-8080-exec-1] [DEBUG] o.m.s.t.SpringManagedTransaction - JDBC Connection [HikariProxyConnection@423019597 wrapping org.postgresql.jdbc.PgConnection@7393aad] will not be managed by Spring
2020-05-14 00:08:09 [http-nio-8080-exec-1] [DEBUG] c.s.a.d.R.getResourceById - ==>  Preparing: SELECT * FROM tb_resource_file_info WHERE res_file_id = ? LIMIT 1 
2020-05-14 00:08:09 [http-nio-8080-exec-1] [DEBUG] c.s.a.d.R.getResourceById - ==> Parameters: bd1c4a92-8cfe-4c33-ab6f-da4e941c5e94(String)
2020-05-14 00:08:09 [http-nio-8080-exec-1] [DEBUG] c.s.a.d.R.getResourceById - <==      Total: 1
2020-05-14 00:08:09 [http-nio-8080-exec-1] [DEBUG] org.mybatis.spring.SqlSessionUtils - Closing non transactional SqlSession [org.apache.ibatis.session.defaults.DefaultSqlSession@746e9e57]
2020-05-14 00:08:09 [http-nio-8080-exec-3] [DEBUG] org.mybatis.spring.SqlSessionUtils - Creating a new SqlSession
2020-05-14 00:08:09 [http-nio-8080-exec-3] [DEBUG] org.mybatis.spring.SqlSessionUtils - SqlSession [org.apache.ibatis.session.defaults.DefaultSqlSession@25134cd5] was not registered for synchronization because synchronization is not active
2020-05-14 00:08:09 [http-nio-8080-exec-3] [DEBUG] o.m.s.t.SpringManagedTransaction - JDBC Connection [HikariProxyConnection@1353711957 wrapping org.postgresql.jdbc.PgConnection@7393aad] will not be managed by Spring
2020-05-14 00:08:09 [http-nio-8080-exec-3] [DEBUG] c.s.a.d.R.getResourceById - ==>  Preparing: SELECT * FROM tb_resource_file_info WHERE res_file_id = ? LIMIT 1 
2020-05-14 00:08:09 [http-nio-8080-exec-3] [DEBUG] c.s.a.d.R.getResourceById - ==> Parameters: a72b22d6-7eb5-4827-824a-170aa71dec0c(String)
2020-05-14 00:08:09 [http-nio-8080-exec-3] [DEBUG] c.s.a.d.R.getResourceById - <==      Total: 1
2020-05-14 00:08:09 [http-nio-8080-exec-3] [DEBUG] org.mybatis.spring.SqlSessionUtils - Closing non transactional SqlSession [org.apache.ibatis.session.defaults.DefaultSqlSession@25134cd5]
2020-05-14 00:08:14 [http-nio-8080-exec-8] [DEBUG] org.mybatis.spring.SqlSessionUtils - Creating a new SqlSession
2020-05-14 00:08:14 [http-nio-8080-exec-8] [DEBUG] org.mybatis.spring.SqlSessionUtils - SqlSession [org.apache.ibatis.session.defaults.DefaultSqlSession@6e7d7f8b] was not registered for synchronization because synchronization is not active
2020-05-14 00:08:14 [http-nio-8080-exec-9] [DEBUG] org.mybatis.spring.SqlSessionUtils - Creating a new SqlSession
2020-05-14 00:08:14 [http-nio-8080-exec-9] [DEBUG] org.mybatis.spring.SqlSessionUtils - SqlSession [org.apache.ibatis.session.defaults.DefaultSqlSession@4adc8cb0] was not registered for synchronization because synchronization is not active
2020-05-14 00:08:14 [http-nio-8080-exec-8] [DEBUG] o.m.s.t.SpringManagedTransaction - JDBC Connection [HikariProxyConnection@522415442 wrapping org.postgresql.jdbc.PgConnection@7393aad] will not be managed by Spring
2020-05-14 00:08:14 [http-nio-8080-exec-9] [DEBUG] o.m.s.t.SpringManagedTransaction - JDBC Connection [HikariProxyConnection@1421427292 wrapping org.postgresql.jdbc.PgConnection@24e911b8] will not be managed by Spring
2020-05-14 00:08:14 [http-nio-8080-exec-9] [DEBUG] c.s.a.dao.SubCategoryDao.getList - ==>  Preparing: select tsc.sub_id , tsc.mn_cate_id , tsc.sub_cat_nm , tsc.sub_cat_desc , tsc.sub_cat_status , tsc.sub_cat_create_by , tsc.sub_cate_create_date , tsc.sub_cat_modify_by , tsc.sub_cat_modify_date from tb_sb_category tsc where tsc.sub_cat_status != ?; 
2020-05-14 00:08:14 [http-nio-8080-exec-8] [DEBUG] c.s.a.dao.MainCategoryDao.getList - ==>  Preparing: select tmc.mn_cat_id , tmc.mn_cat_nm , tmc .mn_cat_desc , tmc .mn_cate_status , tmc .mn_cat_create_by , tmc .mn_cat_create_date , tmc .mn_cat_modify_date , tmc .mn_cat_modify_by from tb_mn_category tmc where tmc.mn_cate_status != '6'; 
2020-05-14 00:08:14 [http-nio-8080-exec-9] [DEBUG] c.s.a.dao.SubCategoryDao.getList - ==> Parameters: 6(String)
2020-05-14 00:08:14 [http-nio-8080-exec-8] [DEBUG] c.s.a.dao.MainCategoryDao.getList - ==> Parameters: 
2020-05-14 00:08:14 [http-nio-8080-exec-8] [DEBUG] c.s.a.dao.MainCategoryDao.getList - <==      Total: 2
2020-05-14 00:08:14 [http-nio-8080-exec-8] [DEBUG] org.mybatis.spring.SqlSessionUtils - Closing non transactional SqlSession [org.apache.ibatis.session.defaults.DefaultSqlSession@6e7d7f8b]
2020-05-14 00:08:14 [http-nio-8080-exec-9] [DEBUG] c.s.a.dao.SubCategoryDao.getList - <==      Total: 9
2020-05-14 00:08:14 [http-nio-8080-exec-9] [DEBUG] org.mybatis.spring.SqlSessionUtils - Closing non transactional SqlSession [org.apache.ibatis.session.defaults.DefaultSqlSession@4adc8cb0]
2020-05-14 00:10:27 [http-nio-8080-exec-3] [DEBUG] org.mybatis.spring.SqlSessionUtils - Creating a new SqlSession
2020-05-14 00:10:27 [http-nio-8080-exec-3] [DEBUG] org.mybatis.spring.SqlSessionUtils - SqlSession [org.apache.ibatis.session.defaults.DefaultSqlSession@3d249e6c] was not registered for synchronization because synchronization is not active
2020-05-14 00:10:27 [http-nio-8080-exec-3] [DEBUG] o.m.s.t.SpringManagedTransaction - JDBC Connection [HikariProxyConnection@40765689 wrapping org.postgresql.jdbc.PgConnection@7393aad] will not be managed by Spring
2020-05-14 00:10:27 [http-nio-8080-exec-3] [DEBUG] c.s.a.dao.ProductDetailsDao.getList - ==>  Preparing: select tp.pro_id ,tp.pro_nm ,tp.sub_cat_id ,tsc.sub_cat_nm ,tp.pro_create_by ,tp.pro_create_date ,tp.pro_create_date , tp.pro_modify_date , tp.pro_desc , tp.pro_status , tp.resource_file_info_id from tb_product tp inner join tb_sb_category tsc on tsc.sub_id = tp.sub_cat_id where tp.pro_status != ? 
2020-05-14 00:10:27 [http-nio-8080-exec-3] [DEBUG] c.s.a.dao.ProductDetailsDao.getList - ==> Parameters: 6(String)
2020-05-14 00:10:27 [http-nio-8080-exec-3] [DEBUG] c.s.a.dao.ProductDetailsDao.getList - <==      Total: 2
2020-05-14 00:10:27 [http-nio-8080-exec-3] [DEBUG] org.mybatis.spring.SqlSessionUtils - Closing non transactional SqlSession [org.apache.ibatis.session.defaults.DefaultSqlSession@3d249e6c]
2020-05-14 00:10:27 [http-nio-8080-exec-5] [DEBUG] org.mybatis.spring.SqlSessionUtils - Creating a new SqlSession
2020-05-14 00:10:27 [http-nio-8080-exec-5] [DEBUG] org.mybatis.spring.SqlSessionUtils - SqlSession [org.apache.ibatis.session.defaults.DefaultSqlSession@2d48e880] was not registered for synchronization because synchronization is not active
2020-05-14 00:10:27 [http-nio-8080-exec-5] [DEBUG] o.m.s.t.SpringManagedTransaction - JDBC Connection [HikariProxyConnection@1749709645 wrapping org.postgresql.jdbc.PgConnection@7393aad] will not be managed by Spring
2020-05-14 00:10:27 [http-nio-8080-exec-5] [DEBUG] c.s.a.d.R.getResourceById - ==>  Preparing: SELECT * FROM tb_resource_file_info WHERE res_file_id = ? LIMIT 1 
2020-05-14 00:10:27 [http-nio-8080-exec-5] [DEBUG] c.s.a.d.R.getResourceById - ==> Parameters: bd1c4a92-8cfe-4c33-ab6f-da4e941c5e94(String)
2020-05-14 00:10:27 [http-nio-8080-exec-5] [DEBUG] c.s.a.d.R.getResourceById - <==      Total: 1
2020-05-14 00:10:27 [http-nio-8080-exec-5] [DEBUG] org.mybatis.spring.SqlSessionUtils - Closing non transactional SqlSession [org.apache.ibatis.session.defaults.DefaultSqlSession@2d48e880]
2020-05-14 00:10:27 [http-nio-8080-exec-4] [DEBUG] org.mybatis.spring.SqlSessionUtils - Creating a new SqlSession
2020-05-14 00:10:27 [http-nio-8080-exec-4] [DEBUG] org.mybatis.spring.SqlSessionUtils - SqlSession [org.apache.ibatis.session.defaults.DefaultSqlSession@ce80d34] was not registered for synchronization because synchronization is not active
2020-05-14 00:10:27 [http-nio-8080-exec-4] [DEBUG] o.m.s.t.SpringManagedTransaction - JDBC Connection [HikariProxyConnection@36692697 wrapping org.postgresql.jdbc.PgConnection@7393aad] will not be managed by Spring
2020-05-14 00:10:27 [http-nio-8080-exec-4] [DEBUG] c.s.a.d.R.getResourceById - ==>  Preparing: SELECT * FROM tb_resource_file_info WHERE res_file_id = ? LIMIT 1 
2020-05-14 00:10:27 [http-nio-8080-exec-4] [DEBUG] c.s.a.d.R.getResourceById - ==> Parameters: a72b22d6-7eb5-4827-824a-170aa71dec0c(String)
2020-05-14 00:10:27 [http-nio-8080-exec-4] [DEBUG] c.s.a.d.R.getResourceById - <==      Total: 1
2020-05-14 00:10:27 [http-nio-8080-exec-4] [DEBUG] org.mybatis.spring.SqlSessionUtils - Closing non transactional SqlSession [org.apache.ibatis.session.defaults.DefaultSqlSession@ce80d34]
2020-05-14 00:10:32 [http-nio-8080-exec-9] [DEBUG] org.mybatis.spring.SqlSessionUtils - Creating a new SqlSession
2020-05-14 00:10:32 [http-nio-8080-exec-8] [DEBUG] org.mybatis.spring.SqlSessionUtils - Creating a new SqlSession
2020-05-14 00:10:32 [http-nio-8080-exec-9] [DEBUG] org.mybatis.spring.SqlSessionUtils - SqlSession [org.apache.ibatis.session.defaults.DefaultSqlSession@e10a47c] was not registered for synchronization because synchronization is not active
2020-05-14 00:10:32 [http-nio-8080-exec-8] [DEBUG] org.mybatis.spring.SqlSessionUtils - SqlSession [org.apache.ibatis.session.defaults.DefaultSqlSession@1ee68b65] was not registered for synchronization because synchronization is not active
2020-05-14 00:10:32 [http-nio-8080-exec-9] [DEBUG] o.m.s.t.SpringManagedTransaction - JDBC Connection [HikariProxyConnection@294710990 wrapping org.postgresql.jdbc.PgConnection@24e911b8] will not be managed by Spring
2020-05-14 00:10:32 [http-nio-8080-exec-8] [DEBUG] o.m.s.t.SpringManagedTransaction - JDBC Connection [HikariProxyConnection@28852463 wrapping org.postgresql.jdbc.PgConnection@7393aad] will not be managed by Spring
2020-05-14 00:10:32 [http-nio-8080-exec-9] [DEBUG] c.s.a.dao.SubCategoryDao.getList - ==>  Preparing: select tsc.sub_id , tsc.mn_cate_id , tsc.sub_cat_nm , tsc.sub_cat_desc , tsc.sub_cat_status , tsc.sub_cat_create_by , tsc.sub_cate_create_date , tsc.sub_cat_modify_by , tsc.sub_cat_modify_date from tb_sb_category tsc where tsc.sub_cat_status != ?; 
2020-05-14 00:10:32 [http-nio-8080-exec-8] [DEBUG] c.s.a.dao.MainCategoryDao.getList - ==>  Preparing: select tmc.mn_cat_id , tmc.mn_cat_nm , tmc .mn_cat_desc , tmc .mn_cate_status , tmc .mn_cat_create_by , tmc .mn_cat_create_date , tmc .mn_cat_modify_date , tmc .mn_cat_modify_by from tb_mn_category tmc where tmc.mn_cate_status != '6'; 
2020-05-14 00:10:32 [http-nio-8080-exec-8] [DEBUG] c.s.a.dao.MainCategoryDao.getList - ==> Parameters: 
2020-05-14 00:10:32 [http-nio-8080-exec-9] [DEBUG] c.s.a.dao.SubCategoryDao.getList - ==> Parameters: 6(String)
2020-05-14 00:10:32 [http-nio-8080-exec-8] [DEBUG] c.s.a.dao.MainCategoryDao.getList - <==      Total: 2
2020-05-14 00:10:32 [http-nio-8080-exec-8] [DEBUG] org.mybatis.spring.SqlSessionUtils - Closing non transactional SqlSession [org.apache.ibatis.session.defaults.DefaultSqlSession@1ee68b65]
2020-05-14 00:10:32 [http-nio-8080-exec-9] [DEBUG] c.s.a.dao.SubCategoryDao.getList - <==      Total: 9
2020-05-14 00:10:32 [http-nio-8080-exec-9] [DEBUG] org.mybatis.spring.SqlSessionUtils - Closing non transactional SqlSession [org.apache.ibatis.session.defaults.DefaultSqlSession@e10a47c]
2020-05-14 00:10:51 [http-nio-8080-exec-4] [DEBUG] org.mybatis.spring.SqlSessionUtils - Creating a new SqlSession
2020-05-14 00:10:51 [http-nio-8080-exec-7] [DEBUG] org.mybatis.spring.SqlSessionUtils - Creating a new SqlSession
2020-05-14 00:10:51 [http-nio-8080-exec-4] [DEBUG] org.mybatis.spring.SqlSessionUtils - SqlSession [org.apache.ibatis.session.defaults.DefaultSqlSession@6106644] was not registered for synchronization because synchronization is not active
2020-05-14 00:10:51 [http-nio-8080-exec-7] [DEBUG] org.mybatis.spring.SqlSessionUtils - SqlSession [org.apache.ibatis.session.defaults.DefaultSqlSession@61eb8359] was not registered for synchronization because synchronization is not active
2020-05-14 00:10:51 [http-nio-8080-exec-7] [DEBUG] o.m.s.t.SpringManagedTransaction - JDBC Connection [HikariProxyConnection@1347417876 wrapping org.postgresql.jdbc.PgConnection@24e911b8] will not be managed by Spring
2020-05-14 00:10:51 [http-nio-8080-exec-4] [DEBUG] o.m.s.t.SpringManagedTransaction - JDBC Connection [HikariProxyConnection@1125312738 wrapping org.postgresql.jdbc.PgConnection@7393aad] will not be managed by Spring
2020-05-14 00:10:51 [http-nio-8080-exec-7] [DEBUG] c.s.a.dao.SubCategoryDao.getList - ==>  Preparing: select tsc.sub_id , tsc.mn_cate_id , tsc.sub_cat_nm , tsc.sub_cat_desc , tsc.sub_cat_status , tsc.sub_cat_create_by , tsc.sub_cate_create_date , tsc.sub_cat_modify_by , tsc.sub_cat_modify_date from tb_sb_category tsc where tsc.sub_cat_status != ?; 
2020-05-14 00:10:51 [http-nio-8080-exec-4] [DEBUG] c.s.a.dao.MainCategoryDao.getList - ==>  Preparing: select tmc.mn_cat_id , tmc.mn_cat_nm , tmc .mn_cat_desc , tmc .mn_cate_status , tmc .mn_cat_create_by , tmc .mn_cat_create_date , tmc .mn_cat_modify_date , tmc .mn_cat_modify_by from tb_mn_category tmc where tmc.mn_cate_status != '6'; 
2020-05-14 00:10:51 [http-nio-8080-exec-4] [DEBUG] c.s.a.dao.MainCategoryDao.getList - ==> Parameters: 
2020-05-14 00:10:51 [http-nio-8080-exec-7] [DEBUG] c.s.a.dao.SubCategoryDao.getList - ==> Parameters: 6(String)
2020-05-14 00:10:51 [http-nio-8080-exec-4] [DEBUG] c.s.a.dao.MainCategoryDao.getList - <==      Total: 2
2020-05-14 00:10:51 [http-nio-8080-exec-4] [DEBUG] org.mybatis.spring.SqlSessionUtils - Closing non transactional SqlSession [org.apache.ibatis.session.defaults.DefaultSqlSession@6106644]
2020-05-14 00:10:51 [http-nio-8080-exec-7] [DEBUG] c.s.a.dao.SubCategoryDao.getList - <==      Total: 9
2020-05-14 00:10:51 [http-nio-8080-exec-7] [DEBUG] org.mybatis.spring.SqlSessionUtils - Closing non transactional SqlSession [org.apache.ibatis.session.defaults.DefaultSqlSession@61eb8359]
2020-05-14 00:12:04 [http-nio-8080-exec-2] [DEBUG] org.mybatis.spring.SqlSessionUtils - Creating a new SqlSession
2020-05-14 00:12:04 [http-nio-8080-exec-2] [DEBUG] org.mybatis.spring.SqlSessionUtils - SqlSession [org.apache.ibatis.session.defaults.DefaultSqlSession@798b228b] was not registered for synchronization because synchronization is not active
2020-05-14 00:12:04 [http-nio-8080-exec-2] [DEBUG] o.m.s.t.SpringManagedTransaction - JDBC Connection [HikariProxyConnection@837807252 wrapping org.postgresql.jdbc.PgConnection@24e911b8] will not be managed by Spring
2020-05-14 00:12:04 [http-nio-8080-exec-2] [DEBUG] c.s.a.dao.ProductDetailsDao.getList - ==>  Preparing: select tp.pro_id ,tp.pro_nm ,tp.sub_cat_id ,tsc.sub_cat_nm ,tp.pro_create_by ,tp.pro_create_date ,tp.pro_create_date , tp.pro_modify_date , tp.pro_desc , tp.pro_status , tp.resource_file_info_id from tb_product tp inner join tb_sb_category tsc on tsc.sub_id = tp.sub_cat_id where tp.pro_status != ? 
2020-05-14 00:12:04 [http-nio-8080-exec-2] [DEBUG] c.s.a.dao.ProductDetailsDao.getList - ==> Parameters: 6(String)
2020-05-14 00:12:04 [http-nio-8080-exec-2] [DEBUG] c.s.a.dao.ProductDetailsDao.getList - <==      Total: 2
2020-05-14 00:12:04 [http-nio-8080-exec-2] [DEBUG] org.mybatis.spring.SqlSessionUtils - Closing non transactional SqlSession [org.apache.ibatis.session.defaults.DefaultSqlSession@798b228b]
2020-05-14 00:12:05 [http-nio-8080-exec-10] [DEBUG] org.mybatis.spring.SqlSessionUtils - Creating a new SqlSession
2020-05-14 00:12:05 [http-nio-8080-exec-10] [DEBUG] org.mybatis.spring.SqlSessionUtils - SqlSession [org.apache.ibatis.session.defaults.DefaultSqlSession@5834da50] was not registered for synchronization because synchronization is not active
2020-05-14 00:12:05 [http-nio-8080-exec-10] [DEBUG] o.m.s.t.SpringManagedTransaction - JDBC Connection [HikariProxyConnection@34679681 wrapping org.postgresql.jdbc.PgConnection@24e911b8] will not be managed by Spring
2020-05-14 00:12:05 [http-nio-8080-exec-10] [DEBUG] c.s.a.d.R.getResourceById - ==>  Preparing: SELECT * FROM tb_resource_file_info WHERE res_file_id = ? LIMIT 1 
2020-05-14 00:12:05 [http-nio-8080-exec-10] [DEBUG] c.s.a.d.R.getResourceById - ==> Parameters: bd1c4a92-8cfe-4c33-ab6f-da4e941c5e94(String)
2020-05-14 00:12:05 [http-nio-8080-exec-10] [DEBUG] c.s.a.d.R.getResourceById - <==      Total: 1
2020-05-14 00:12:05 [http-nio-8080-exec-10] [DEBUG] org.mybatis.spring.SqlSessionUtils - Closing non transactional SqlSession [org.apache.ibatis.session.defaults.DefaultSqlSession@5834da50]
2020-05-14 00:12:05 [http-nio-8080-exec-1] [DEBUG] org.mybatis.spring.SqlSessionUtils - Creating a new SqlSession
2020-05-14 00:12:05 [http-nio-8080-exec-1] [DEBUG] org.mybatis.spring.SqlSessionUtils - SqlSession [org.apache.ibatis.session.defaults.DefaultSqlSession@15f26c0d] was not registered for synchronization because synchronization is not active
2020-05-14 00:12:05 [http-nio-8080-exec-1] [DEBUG] o.m.s.t.SpringManagedTransaction - JDBC Connection [HikariProxyConnection@359580866 wrapping org.postgresql.jdbc.PgConnection@7393aad] will not be managed by Spring
2020-05-14 00:12:05 [http-nio-8080-exec-1] [DEBUG] c.s.a.d.R.getResourceById - ==>  Preparing: SELECT * FROM tb_resource_file_info WHERE res_file_id = ? LIMIT 1 
2020-05-14 00:12:05 [http-nio-8080-exec-1] [DEBUG] c.s.a.d.R.getResourceById - ==> Parameters: a72b22d6-7eb5-4827-824a-170aa71dec0c(String)
2020-05-14 00:12:05 [http-nio-8080-exec-1] [DEBUG] c.s.a.d.R.getResourceById - <==      Total: 1
2020-05-14 00:12:05 [http-nio-8080-exec-1] [DEBUG] org.mybatis.spring.SqlSessionUtils - Closing non transactional SqlSession [org.apache.ibatis.session.defaults.DefaultSqlSession@15f26c0d]
2020-05-14 00:12:06 [http-nio-8080-exec-4] [DEBUG] org.mybatis.spring.SqlSessionUtils - Creating a new SqlSession
2020-05-14 00:12:06 [http-nio-8080-exec-4] [DEBUG] org.mybatis.spring.SqlSessionUtils - SqlSession [org.apache.ibatis.session.defaults.DefaultSqlSession@f5fcc19] was not registered for synchronization because synchronization is not active
2020-05-14 00:12:06 [http-nio-8080-exec-7] [DEBUG] org.mybatis.spring.SqlSessionUtils - Creating a new SqlSession
2020-05-14 00:12:06 [http-nio-8080-exec-7] [DEBUG] org.mybatis.spring.SqlSessionUtils - SqlSession [org.apache.ibatis.session.defaults.DefaultSqlSession@44c6ee4f] was not registered for synchronization because synchronization is not active
2020-05-14 00:12:06 [http-nio-8080-exec-4] [DEBUG] o.m.s.t.SpringManagedTransaction - JDBC Connection [HikariProxyConnection@1914424833 wrapping org.postgresql.jdbc.PgConnection@7393aad] will not be managed by Spring
2020-05-14 00:12:06 [http-nio-8080-exec-4] [DEBUG] c.s.a.dao.MainCategoryDao.getList - ==>  Preparing: select tmc.mn_cat_id , tmc.mn_cat_nm , tmc .mn_cat_desc , tmc .mn_cate_status , tmc .mn_cat_create_by , tmc .mn_cat_create_date , tmc .mn_cat_modify_date , tmc .mn_cat_modify_by from tb_mn_category tmc where tmc.mn_cate_status != '6'; 
2020-05-14 00:12:06 [http-nio-8080-exec-4] [DEBUG] c.s.a.dao.MainCategoryDao.getList - ==> Parameters: 
2020-05-14 00:12:06 [http-nio-8080-exec-7] [DEBUG] o.m.s.t.SpringManagedTransaction - JDBC Connection [HikariProxyConnection@1797146260 wrapping org.postgresql.jdbc.PgConnection@24e911b8] will not be managed by Spring
2020-05-14 00:12:06 [http-nio-8080-exec-7] [DEBUG] c.s.a.dao.SubCategoryDao.getList - ==>  Preparing: select tsc.sub_id , tsc.mn_cate_id , tsc.sub_cat_nm , tsc.sub_cat_desc , tsc.sub_cat_status , tsc.sub_cat_create_by , tsc.sub_cate_create_date , tsc.sub_cat_modify_by , tsc.sub_cat_modify_date from tb_sb_category tsc where tsc.sub_cat_status != ?; 
2020-05-14 00:12:06 [http-nio-8080-exec-7] [DEBUG] c.s.a.dao.SubCategoryDao.getList - ==> Parameters: 6(String)
2020-05-14 00:12:06 [http-nio-8080-exec-4] [DEBUG] c.s.a.dao.MainCategoryDao.getList - <==      Total: 2
2020-05-14 00:12:06 [http-nio-8080-exec-4] [DEBUG] org.mybatis.spring.SqlSessionUtils - Closing non transactional SqlSession [org.apache.ibatis.session.defaults.DefaultSqlSession@f5fcc19]
2020-05-14 00:12:06 [http-nio-8080-exec-7] [DEBUG] c.s.a.dao.SubCategoryDao.getList - <==      Total: 9
2020-05-14 00:12:06 [http-nio-8080-exec-7] [DEBUG] org.mybatis.spring.SqlSessionUtils - Closing non transactional SqlSession [org.apache.ibatis.session.defaults.DefaultSqlSession@44c6ee4f]
2020-05-14 00:12:27 [http-nio-8080-exec-8] [DEBUG] org.mybatis.spring.SqlSessionUtils - Creating a new SqlSession
2020-05-14 00:12:27 [http-nio-8080-exec-8] [DEBUG] org.mybatis.spring.SqlSessionUtils - SqlSession [org.apache.ibatis.session.defaults.DefaultSqlSession@6146d8d7] was not registered for synchronization because synchronization is not active
2020-05-14 00:12:27 [http-nio-8080-exec-8] [DEBUG] o.m.s.t.SpringManagedTransaction - JDBC Connection [HikariProxyConnection@582636328 wrapping org.postgresql.jdbc.PgConnection@7393aad] will not be managed by Spring
2020-05-14 00:12:27 [http-nio-8080-exec-8] [DEBUG] c.s.a.dao.ProductDetailsDao.getList - ==>  Preparing: select tp.pro_id ,tp.pro_nm ,tp.sub_cat_id ,tsc.sub_cat_nm ,tp.pro_create_by ,tp.pro_create_date ,tp.pro_create_date , tp.pro_modify_date , tp.pro_desc , tp.pro_status , tp.resource_file_info_id from tb_product tp inner join tb_sb_category tsc on tsc.sub_id = tp.sub_cat_id where tp.pro_status != ? 
2020-05-14 00:12:27 [http-nio-8080-exec-8] [DEBUG] c.s.a.dao.ProductDetailsDao.getList - ==> Parameters: 6(String)
2020-05-14 00:12:27 [http-nio-8080-exec-8] [DEBUG] c.s.a.dao.ProductDetailsDao.getList - <==      Total: 2
2020-05-14 00:12:27 [http-nio-8080-exec-8] [DEBUG] org.mybatis.spring.SqlSessionUtils - Closing non transactional SqlSession [org.apache.ibatis.session.defaults.DefaultSqlSession@6146d8d7]
2020-05-14 00:12:27 [http-nio-8080-exec-9] [DEBUG] org.mybatis.spring.SqlSessionUtils - Creating a new SqlSession
2020-05-14 00:12:27 [http-nio-8080-exec-9] [DEBUG] org.mybatis.spring.SqlSessionUtils - SqlSession [org.apache.ibatis.session.defaults.DefaultSqlSession@75b26a07] was not registered for synchronization because synchronization is not active
2020-05-14 00:12:27 [http-nio-8080-exec-9] [DEBUG] o.m.s.t.SpringManagedTransaction - JDBC Connection [HikariProxyConnection@982227958 wrapping org.postgresql.jdbc.PgConnection@24e911b8] will not be managed by Spring
2020-05-14 00:12:27 [http-nio-8080-exec-9] [DEBUG] c.s.a.d.R.getResourceById - ==>  Preparing: SELECT * FROM tb_resource_file_info WHERE res_file_id = ? LIMIT 1 
2020-05-14 00:12:27 [http-nio-8080-exec-9] [DEBUG] c.s.a.d.R.getResourceById - ==> Parameters: bd1c4a92-8cfe-4c33-ab6f-da4e941c5e94(String)
2020-05-14 00:12:27 [http-nio-8080-exec-9] [DEBUG] c.s.a.d.R.getResourceById - <==      Total: 1
2020-05-14 00:12:27 [http-nio-8080-exec-9] [DEBUG] org.mybatis.spring.SqlSessionUtils - Closing non transactional SqlSession [org.apache.ibatis.session.defaults.DefaultSqlSession@75b26a07]
2020-05-14 00:12:27 [http-nio-8080-exec-2] [DEBUG] org.mybatis.spring.SqlSessionUtils - Creating a new SqlSession
2020-05-14 00:12:27 [http-nio-8080-exec-2] [DEBUG] org.mybatis.spring.SqlSessionUtils - SqlSession [org.apache.ibatis.session.defaults.DefaultSqlSession@55cc6ffe] was not registered for synchronization because synchronization is not active
2020-05-14 00:12:27 [http-nio-8080-exec-2] [DEBUG] o.m.s.t.SpringManagedTransaction - JDBC Connection [HikariProxyConnection@473796816 wrapping org.postgresql.jdbc.PgConnection@24e911b8] will not be managed by Spring
2020-05-14 00:12:27 [http-nio-8080-exec-2] [DEBUG] c.s.a.d.R.getResourceById - ==>  Preparing: SELECT * FROM tb_resource_file_info WHERE res_file_id = ? LIMIT 1 
2020-05-14 00:12:27 [http-nio-8080-exec-2] [DEBUG] c.s.a.d.R.getResourceById - ==> Parameters: a72b22d6-7eb5-4827-824a-170aa71dec0c(String)
2020-05-14 00:12:27 [http-nio-8080-exec-2] [DEBUG] c.s.a.d.R.getResourceById - <==      Total: 1
2020-05-14 00:12:27 [http-nio-8080-exec-2] [DEBUG] org.mybatis.spring.SqlSessionUtils - Closing non transactional SqlSession [org.apache.ibatis.session.defaults.DefaultSqlSession@55cc6ffe]
2020-05-14 00:12:53 [http-nio-8080-exec-1] [DEBUG] org.mybatis.spring.SqlSessionUtils - Creating a new SqlSession
2020-05-14 00:12:53 [http-nio-8080-exec-1] [DEBUG] org.mybatis.spring.SqlSessionUtils - SqlSession [org.apache.ibatis.session.defaults.DefaultSqlSession@e63f6e7] was not registered for synchronization because synchronization is not active
2020-05-14 00:12:53 [http-nio-8080-exec-1] [DEBUG] o.m.s.t.SpringManagedTransaction - JDBC Connection [HikariProxyConnection@474253930 wrapping org.postgresql.jdbc.PgConnection@7393aad] will not be managed by Spring
2020-05-14 00:12:53 [http-nio-8080-exec-1] [DEBUG] c.s.a.dao.ProductDetailsDao.getList - ==>  Preparing: select tp.pro_id ,tp.pro_nm ,tp.sub_cat_id ,tsc.sub_cat_nm ,tp.pro_create_by ,tp.pro_create_date ,tp.pro_create_date , tp.pro_modify_date , tp.pro_desc , tp.pro_status , tp.resource_file_info_id from tb_product tp inner join tb_sb_category tsc on tsc.sub_id = tp.sub_cat_id where tp.pro_status != ? 
2020-05-14 00:12:53 [http-nio-8080-exec-1] [DEBUG] c.s.a.dao.ProductDetailsDao.getList - ==> Parameters: 6(String)
2020-05-14 00:12:53 [http-nio-8080-exec-1] [DEBUG] c.s.a.dao.ProductDetailsDao.getList - <==      Total: 2
2020-05-14 00:12:53 [http-nio-8080-exec-1] [DEBUG] org.mybatis.spring.SqlSessionUtils - Closing non transactional SqlSession [org.apache.ibatis.session.defaults.DefaultSqlSession@e63f6e7]
2020-05-14 00:12:53 [http-nio-8080-exec-5] [DEBUG] org.mybatis.spring.SqlSessionUtils - Creating a new SqlSession
2020-05-14 00:12:53 [http-nio-8080-exec-5] [DEBUG] org.mybatis.spring.SqlSessionUtils - SqlSession [org.apache.ibatis.session.defaults.DefaultSqlSession@4b46c2b7] was not registered for synchronization because synchronization is not active
2020-05-14 00:12:53 [http-nio-8080-exec-5] [DEBUG] o.m.s.t.SpringManagedTransaction - JDBC Connection [HikariProxyConnection@1508425312 wrapping org.postgresql.jdbc.PgConnection@7393aad] will not be managed by Spring
2020-05-14 00:12:53 [http-nio-8080-exec-5] [DEBUG] c.s.a.d.R.getResourceById - ==>  Preparing: SELECT * FROM tb_resource_file_info WHERE res_file_id = ? LIMIT 1 
2020-05-14 00:12:53 [http-nio-8080-exec-5] [DEBUG] c.s.a.d.R.getResourceById - ==> Parameters: bd1c4a92-8cfe-4c33-ab6f-da4e941c5e94(String)
2020-05-14 00:12:53 [http-nio-8080-exec-5] [DEBUG] c.s.a.d.R.getResourceById - <==      Total: 1
2020-05-14 00:12:53 [http-nio-8080-exec-5] [DEBUG] org.mybatis.spring.SqlSessionUtils - Closing non transactional SqlSession [org.apache.ibatis.session.defaults.DefaultSqlSession@4b46c2b7]
2020-05-14 00:12:53 [http-nio-8080-exec-3] [DEBUG] org.mybatis.spring.SqlSessionUtils - Creating a new SqlSession
2020-05-14 00:12:53 [http-nio-8080-exec-3] [DEBUG] org.mybatis.spring.SqlSessionUtils - SqlSession [org.apache.ibatis.session.defaults.DefaultSqlSession@1f212ad3] was not registered for synchronization because synchronization is not active
2020-05-14 00:12:53 [http-nio-8080-exec-3] [DEBUG] o.m.s.t.SpringManagedTransaction - JDBC Connection [HikariProxyConnection@1836765198 wrapping org.postgresql.jdbc.PgConnection@7393aad] will not be managed by Spring
2020-05-14 00:12:53 [http-nio-8080-exec-3] [DEBUG] c.s.a.d.R.getResourceById - ==>  Preparing: SELECT * FROM tb_resource_file_info WHERE res_file_id = ? LIMIT 1 
2020-05-14 00:12:53 [http-nio-8080-exec-3] [DEBUG] c.s.a.d.R.getResourceById - ==> Parameters: a72b22d6-7eb5-4827-824a-170aa71dec0c(String)
2020-05-14 00:12:53 [http-nio-8080-exec-3] [DEBUG] c.s.a.d.R.getResourceById - <==      Total: 1
2020-05-14 00:12:53 [http-nio-8080-exec-3] [DEBUG] org.mybatis.spring.SqlSessionUtils - Closing non transactional SqlSession [org.apache.ibatis.session.defaults.DefaultSqlSession@1f212ad3]
2020-05-14 00:12:55 [http-nio-8080-exec-6] [DEBUG] org.mybatis.spring.SqlSessionUtils - Creating a new SqlSession
2020-05-14 00:12:55 [http-nio-8080-exec-6] [DEBUG] org.mybatis.spring.SqlSessionUtils - SqlSession [org.apache.ibatis.session.defaults.DefaultSqlSession@30d96259] was not registered for synchronization because synchronization is not active
2020-05-14 00:12:55 [http-nio-8080-exec-6] [DEBUG] o.m.s.t.SpringManagedTransaction - JDBC Connection [HikariProxyConnection@1871051374 wrapping org.postgresql.jdbc.PgConnection@7393aad] will not be managed by Spring
2020-05-14 00:12:55 [http-nio-8080-exec-6] [DEBUG] c.s.a.dao.MainCategoryDao.getList - ==>  Preparing: select tmc.mn_cat_id , tmc.mn_cat_nm , tmc .mn_cat_desc , tmc .mn_cate_status , tmc .mn_cat_create_by , tmc .mn_cat_create_date , tmc .mn_cat_modify_date , tmc .mn_cat_modify_by from tb_mn_category tmc where tmc.mn_cate_status != '6'; 
2020-05-14 00:12:55 [http-nio-8080-exec-6] [DEBUG] c.s.a.dao.MainCategoryDao.getList - ==> Parameters: 
2020-05-14 00:12:55 [http-nio-8080-exec-6] [DEBUG] c.s.a.dao.MainCategoryDao.getList - <==      Total: 2
2020-05-14 00:12:55 [http-nio-8080-exec-6] [DEBUG] org.mybatis.spring.SqlSessionUtils - Closing non transactional SqlSession [org.apache.ibatis.session.defaults.DefaultSqlSession@30d96259]
2020-05-14 00:12:55 [http-nio-8080-exec-8] [DEBUG] org.mybatis.spring.SqlSessionUtils - Creating a new SqlSession
2020-05-14 00:12:55 [http-nio-8080-exec-8] [DEBUG] org.mybatis.spring.SqlSessionUtils - SqlSession [org.apache.ibatis.session.defaults.DefaultSqlSession@62d2ae0] was not registered for synchronization because synchronization is not active
2020-05-14 00:12:55 [http-nio-8080-exec-8] [DEBUG] o.m.s.t.SpringManagedTransaction - JDBC Connection [HikariProxyConnection@1345730182 wrapping org.postgresql.jdbc.PgConnection@7393aad] will not be managed by Spring
2020-05-14 00:12:55 [http-nio-8080-exec-8] [DEBUG] c.s.a.dao.SubCategoryDao.getList - ==>  Preparing: select tsc.sub_id , tsc.mn_cate_id , tsc.sub_cat_nm , tsc.sub_cat_desc , tsc.sub_cat_status , tsc.sub_cat_create_by , tsc.sub_cate_create_date , tsc.sub_cat_modify_by , tsc.sub_cat_modify_date from tb_sb_category tsc where tsc.sub_cat_status != ?; 
2020-05-14 00:12:55 [http-nio-8080-exec-8] [DEBUG] c.s.a.dao.SubCategoryDao.getList - ==> Parameters: 6(String)
2020-05-14 00:12:55 [http-nio-8080-exec-8] [DEBUG] c.s.a.dao.SubCategoryDao.getList - <==      Total: 9
2020-05-14 00:12:55 [http-nio-8080-exec-8] [DEBUG] org.mybatis.spring.SqlSessionUtils - Closing non transactional SqlSession [org.apache.ibatis.session.defaults.DefaultSqlSession@62d2ae0]
2020-05-14 00:13:36 [http-nio-8080-exec-3] [DEBUG] org.mybatis.spring.SqlSessionUtils - Creating a new SqlSession
2020-05-14 00:13:36 [http-nio-8080-exec-3] [DEBUG] org.mybatis.spring.SqlSessionUtils - SqlSession [org.apache.ibatis.session.defaults.DefaultSqlSession@1f5648b2] was not registered for synchronization because synchronization is not active
2020-05-14 00:13:36 [http-nio-8080-exec-3] [DEBUG] o.m.s.t.SpringManagedTransaction - JDBC Connection [HikariProxyConnection@1641794359 wrapping org.postgresql.jdbc.PgConnection@7393aad] will not be managed by Spring
2020-05-14 00:13:36 [http-nio-8080-exec-3] [DEBUG] c.s.a.dao.ProductDetailsDao.getList - ==>  Preparing: select tp.pro_id ,tp.pro_nm ,tp.sub_cat_id ,tsc.sub_cat_nm ,tp.pro_create_by ,tp.pro_create_date ,tp.pro_create_date , tp.pro_modify_date , tp.pro_desc , tp.pro_status , tp.resource_file_info_id from tb_product tp inner join tb_sb_category tsc on tsc.sub_id = tp.sub_cat_id where tp.pro_status != ? 
2020-05-14 00:13:36 [http-nio-8080-exec-3] [DEBUG] c.s.a.dao.ProductDetailsDao.getList - ==> Parameters: 6(String)
2020-05-14 00:13:36 [http-nio-8080-exec-3] [DEBUG] c.s.a.dao.ProductDetailsDao.getList - <==      Total: 2
2020-05-14 00:13:36 [http-nio-8080-exec-3] [DEBUG] org.mybatis.spring.SqlSessionUtils - Closing non transactional SqlSession [org.apache.ibatis.session.defaults.DefaultSqlSession@1f5648b2]
2020-05-14 00:13:36 [http-nio-8080-exec-7] [DEBUG] org.mybatis.spring.SqlSessionUtils - Creating a new SqlSession
2020-05-14 00:13:36 [http-nio-8080-exec-7] [DEBUG] org.mybatis.spring.SqlSessionUtils - SqlSession [org.apache.ibatis.session.defaults.DefaultSqlSession@47aac809] was not registered for synchronization because synchronization is not active
2020-05-14 00:13:36 [http-nio-8080-exec-7] [DEBUG] o.m.s.t.SpringManagedTransaction - JDBC Connection [HikariProxyConnection@860873368 wrapping org.postgresql.jdbc.PgConnection@24e911b8] will not be managed by Spring
2020-05-14 00:13:36 [http-nio-8080-exec-7] [DEBUG] c.s.a.d.R.getResourceById - ==>  Preparing: SELECT * FROM tb_resource_file_info WHERE res_file_id = ? LIMIT 1 
2020-05-14 00:13:36 [http-nio-8080-exec-7] [DEBUG] c.s.a.d.R.getResourceById - ==> Parameters: bd1c4a92-8cfe-4c33-ab6f-da4e941c5e94(String)
2020-05-14 00:13:36 [http-nio-8080-exec-7] [DEBUG] c.s.a.d.R.getResourceById - <==      Total: 1
2020-05-14 00:13:36 [http-nio-8080-exec-7] [DEBUG] org.mybatis.spring.SqlSessionUtils - Closing non transactional SqlSession [org.apache.ibatis.session.defaults.DefaultSqlSession@47aac809]
2020-05-14 00:13:36 [http-nio-8080-exec-4] [DEBUG] org.mybatis.spring.SqlSessionUtils - Creating a new SqlSession
2020-05-14 00:13:36 [http-nio-8080-exec-4] [DEBUG] org.mybatis.spring.SqlSessionUtils - SqlSession [org.apache.ibatis.session.defaults.DefaultSqlSession@527338d7] was not registered for synchronization because synchronization is not active
2020-05-14 00:13:36 [http-nio-8080-exec-4] [DEBUG] o.m.s.t.SpringManagedTransaction - JDBC Connection [HikariProxyConnection@2117373790 wrapping org.postgresql.jdbc.PgConnection@7393aad] will not be managed by Spring
2020-05-14 00:13:36 [http-nio-8080-exec-4] [DEBUG] c.s.a.d.R.getResourceById - ==>  Preparing: SELECT * FROM tb_resource_file_info WHERE res_file_id = ? LIMIT 1 
2020-05-14 00:13:36 [http-nio-8080-exec-4] [DEBUG] c.s.a.d.R.getResourceById - ==> Parameters: a72b22d6-7eb5-4827-824a-170aa71dec0c(String)
2020-05-14 00:13:36 [http-nio-8080-exec-4] [DEBUG] c.s.a.d.R.getResourceById - <==      Total: 1
2020-05-14 00:13:36 [http-nio-8080-exec-4] [DEBUG] org.mybatis.spring.SqlSessionUtils - Closing non transactional SqlSession [org.apache.ibatis.session.defaults.DefaultSqlSession@527338d7]
