2020-04-07 19:07:28 [restartedMain] [INFO] c.s.adminlte.AdminlteApplication - Starting AdminlteApplication on DESKTOP-SSTPOFF with PID 10548 (D:\Projects\adminlte\out\production\classes started by Eanda in D:\Projects\adminlte)
2020-04-07 19:07:28 [restartedMain] [DEBUG] c.s.adminlte.AdminlteApplication - Running with Spring Boot v2.2.4.RELEASE, Spring v5.2.3.RELEASE
2020-04-07 19:07:28 [restartedMain] [INFO] c.s.adminlte.AdminlteApplication - No active profile set, falling back to default profiles: default
2020-04-07 19:07:29 [restartedMain] [INFO] o.s.b.d.e.DevToolsPropertyDefaultsPostProcessor - Devtools property defaults active! Set 'spring.devtools.add-properties' to 'false' to disable
2020-04-07 19:07:29 [restartedMain] [INFO] o.s.b.d.e.DevToolsPropertyDefaultsPostProcessor - For additional web related logging consider setting the 'logging.level.web' property to 'DEBUG'
2020-04-07 19:07:32 [restartedMain] [DEBUG] o.m.s.b.a.MybatisAutoConfiguration - Searching for mappers annotated with @Mapper
2020-04-07 19:07:32 [restartedMain] [DEBUG] o.m.s.b.a.MybatisAutoConfiguration - Using auto-configuration base package 'com.spring.adminlte'
2020-04-07 19:07:32 [restartedMain] [INFO] o.s.d.r.c.RepositoryConfigurationDelegate - Bootstrapping Spring Data JDBC repositories in DEFAULT mode.
2020-04-07 19:07:32 [restartedMain] [INFO] o.s.d.r.c.RepositoryConfigurationDelegate - Finished Spring Data repository scanning in 11ms. Found 0 JDBC repository interfaces.
2020-04-07 19:07:32 [restartedMain] [DEBUG] o.m.s.mapper.ClassPathMapperScanner - Identified candidate component class: file [D:\Projects\adminlte\out\production\classes\com\spring\adminlte\dao\CompanyDao.class]
2020-04-07 19:07:32 [restartedMain] [DEBUG] o.m.s.mapper.ClassPathMapperScanner - Identified candidate component class: file [D:\Projects\adminlte\out\production\classes\com\spring\adminlte\dao\MainCategoryDao.class]
2020-04-07 19:07:32 [restartedMain] [DEBUG] o.m.s.mapper.ClassPathMapperScanner - Identified candidate component class: file [D:\Projects\adminlte\out\production\classes\com\spring\adminlte\dao\ProductDao.class]
2020-04-07 19:07:32 [restartedMain] [DEBUG] o.m.s.mapper.ClassPathMapperScanner - Identified candidate component class: file [D:\Projects\adminlte\out\production\classes\com\spring\adminlte\dao\SubCategoryDao.class]
2020-04-07 19:07:32 [restartedMain] [DEBUG] o.m.s.mapper.ClassPathMapperScanner - Identified candidate component class: file [D:\Projects\adminlte\out\production\classes\com\spring\adminlte\dao\SubCategoryDetailDao.class]
2020-04-07 19:07:32 [restartedMain] [DEBUG] o.m.s.mapper.ClassPathMapperScanner - Identified candidate component class: file [D:\Projects\adminlte\out\production\classes\com\spring\adminlte\dao\SupplierDao.class]
2020-04-07 19:07:32 [restartedMain] [DEBUG] o.m.s.mapper.ClassPathMapperScanner - Creating MapperFactoryBean with name 'companyDao' and 'com.spring.adminlte.dao.CompanyDao' mapperInterface
2020-04-07 19:07:32 [restartedMain] [DEBUG] o.m.s.mapper.ClassPathMapperScanner - Enabling autowire by type for MapperFactoryBean with name 'companyDao'.
2020-04-07 19:07:32 [restartedMain] [DEBUG] o.m.s.mapper.ClassPathMapperScanner - Creating MapperFactoryBean with name 'mainCategoryDao' and 'com.spring.adminlte.dao.MainCategoryDao' mapperInterface
2020-04-07 19:07:32 [restartedMain] [DEBUG] o.m.s.mapper.ClassPathMapperScanner - Enabling autowire by type for MapperFactoryBean with name 'mainCategoryDao'.
2020-04-07 19:07:32 [restartedMain] [DEBUG] o.m.s.mapper.ClassPathMapperScanner - Creating MapperFactoryBean with name 'productDao' and 'com.spring.adminlte.dao.ProductDao' mapperInterface
2020-04-07 19:07:32 [restartedMain] [DEBUG] o.m.s.mapper.ClassPathMapperScanner - Enabling autowire by type for MapperFactoryBean with name 'productDao'.
2020-04-07 19:07:32 [restartedMain] [DEBUG] o.m.s.mapper.ClassPathMapperScanner - Creating MapperFactoryBean with name 'subCategoryDao' and 'com.spring.adminlte.dao.SubCategoryDao' mapperInterface
2020-04-07 19:07:32 [restartedMain] [DEBUG] o.m.s.mapper.ClassPathMapperScanner - Enabling autowire by type for MapperFactoryBean with name 'subCategoryDao'.
2020-04-07 19:07:32 [restartedMain] [DEBUG] o.m.s.mapper.ClassPathMapperScanner - Creating MapperFactoryBean with name 'subCategoryDetailDao' and 'com.spring.adminlte.dao.SubCategoryDetailDao' mapperInterface
2020-04-07 19:07:32 [restartedMain] [DEBUG] o.m.s.mapper.ClassPathMapperScanner - Enabling autowire by type for MapperFactoryBean with name 'subCategoryDetailDao'.
2020-04-07 19:07:32 [restartedMain] [DEBUG] o.m.s.mapper.ClassPathMapperScanner - Creating MapperFactoryBean with name 'supplierDao' and 'com.spring.adminlte.dao.SupplierDao' mapperInterface
2020-04-07 19:07:32 [restartedMain] [DEBUG] o.m.s.mapper.ClassPathMapperScanner - Enabling autowire by type for MapperFactoryBean with name 'supplierDao'.
2020-04-07 19:07:32 [restartedMain] [INFO] o.s.c.s.PostProcessorRegistrationDelegate$BeanPostProcessorChecker - Bean 'org.springframework.ws.config.annotation.DelegatingWsConfiguration' of type [org.springframework.ws.config.annotation.DelegatingWsConfiguration$$EnhancerBySpringCGLIB$$7a11e003] is not eligible for getting processed by all BeanPostProcessors (for example: not eligible for auto-proxying)
2020-04-07 19:07:32 [restartedMain] [INFO] o.s.w.s.a.s.AnnotationActionEndpointMapping - Supporting [WS-Addressing August 2004, WS-Addressing 1.0]
2020-04-07 19:07:33 [restartedMain] [INFO] o.s.c.s.PostProcessorRegistrationDelegate$BeanPostProcessorChecker - Bean 'org.springframework.transaction.annotation.ProxyTransactionManagementConfiguration' of type [org.springframework.transaction.annotation.ProxyTransactionManagementConfiguration] is not eligible for getting processed by all BeanPostProcessors (for example: not eligible for auto-proxying)
2020-04-07 19:07:33 [restartedMain] [INFO] o.s.b.w.e.tomcat.TomcatWebServer - Tomcat initialized with port(s): 8080 (http)
2020-04-07 19:07:33 [restartedMain] [INFO] o.a.coyote.http11.Http11NioProtocol - Initializing ProtocolHandler ["http-nio-8080"]
2020-04-07 19:07:33 [restartedMain] [INFO] o.a.catalina.core.StandardService - Starting service [Tomcat]
2020-04-07 19:07:33 [restartedMain] [INFO] o.a.catalina.core.StandardEngine - Starting Servlet engine: [Apache Tomcat/9.0.30]
2020-04-07 19:07:33 [restartedMain] [INFO] o.a.c.c.C.[Tomcat].[localhost].[/] - Initializing Spring embedded WebApplicationContext
2020-04-07 19:07:33 [restartedMain] [INFO] o.s.web.context.ContextLoader - Root WebApplicationContext: initialization completed in 4386 ms
2020-04-07 19:07:33 [restartedMain] [DEBUG] o.m.spring.SqlSessionFactoryBean - Parsed configuration file: 'class path resource [mybatis/mybatis_config.xml]'
2020-04-07 19:07:34 [restartedMain] [DEBUG] o.m.spring.SqlSessionFactoryBean - Parsed mapper file: 'file [D:\Projects\adminlte\out\production\resources\mybatis\mapper\companyDAO.xml]'
2020-04-07 19:07:34 [restartedMain] [DEBUG] o.m.spring.SqlSessionFactoryBean - Parsed mapper file: 'file [D:\Projects\adminlte\out\production\resources\mybatis\mapper\mainCategoryDao.xml]'
2020-04-07 19:07:34 [restartedMain] [DEBUG] o.m.spring.SqlSessionFactoryBean - Parsed mapper file: 'file [D:\Projects\adminlte\out\production\resources\mybatis\mapper\productDao.xml]'
2020-04-07 19:07:34 [restartedMain] [DEBUG] o.m.spring.SqlSessionFactoryBean - Parsed mapper file: 'file [D:\Projects\adminlte\out\production\resources\mybatis\mapper\subCategoryDao.xml]'
2020-04-07 19:07:34 [restartedMain] [DEBUG] o.m.spring.SqlSessionFactoryBean - Parsed mapper file: 'file [D:\Projects\adminlte\out\production\resources\mybatis\mapper\subCategoryDetailDao.xml]'
2020-04-07 19:07:34 [restartedMain] [DEBUG] o.m.spring.SqlSessionFactoryBean - Parsed mapper file: 'file [D:\Projects\adminlte\out\production\resources\mybatis\mapper\supplierDao.xml]'
2020-04-07 19:07:34 [restartedMain] [INFO] o.s.s.c.ThreadPoolTaskExecutor - Initializing ExecutorService 'applicationTaskExecutor'
2020-04-07 19:07:34 [restartedMain] [WARN] o.s.b.a.t.ThymeleafAutoConfiguration$DefaultTemplateResolverConfiguration - Cannot find template location: classpath:/templates/ (please add some templates or check your Thymeleaf configuration)
2020-04-07 19:07:34 [restartedMain] [WARN] o.t.templatemode.TemplateMode - [THYMELEAF][restartedMain] Template Mode 'LEGACYHTML5' is deprecated. Using Template Mode 'HTML' instead.
2020-04-07 19:07:34 [restartedMain] [DEBUG] o.m.s.b.a.MybatisAutoConfiguration - Not found configuration for registering mapper bean using @MapperScan, MapperFactoryBean and MapperScannerConfigurer.
2020-04-07 19:07:34 [restartedMain] [INFO] o.s.b.d.a.OptionalLiveReloadServer - LiveReload server is running on port 35729
2020-04-07 19:07:34 [restartedMain] [INFO] o.a.coyote.http11.Http11NioProtocol - Starting ProtocolHandler ["http-nio-8080"]
2020-04-07 19:07:34 [restartedMain] [INFO] o.s.b.w.e.tomcat.TomcatWebServer - Tomcat started on port(s): 8080 (http) with context path ''
2020-04-07 19:07:34 [restartedMain] [INFO] c.s.adminlte.AdminlteApplication - Started AdminlteApplication in 6.842 seconds (JVM running for 9.936)
2020-04-07 19:13:11 [http-nio-8080-exec-2] [INFO] o.a.c.c.C.[Tomcat].[localhost].[/] - Initializing Spring DispatcherServlet 'dispatcherServlet'
2020-04-07 19:13:12 [http-nio-8080-exec-2] [INFO] o.s.web.servlet.DispatcherServlet - Initializing Servlet 'dispatcherServlet'
2020-04-07 19:13:12 [http-nio-8080-exec-2] [INFO] o.s.web.servlet.DispatcherServlet - Completed initialization in 22 ms
2020-04-07 19:13:13 [http-nio-8080-exec-3] [DEBUG] org.mybatis.spring.SqlSessionUtils - Creating a new SqlSession
2020-04-07 19:13:13 [http-nio-8080-exec-4] [DEBUG] org.mybatis.spring.SqlSessionUtils - Creating a new SqlSession
2020-04-07 19:13:13 [http-nio-8080-exec-3] [DEBUG] org.mybatis.spring.SqlSessionUtils - SqlSession [org.apache.ibatis.session.defaults.DefaultSqlSession@52d0aef2] was not registered for synchronization because synchronization is not active
2020-04-07 19:13:13 [http-nio-8080-exec-4] [DEBUG] org.mybatis.spring.SqlSessionUtils - SqlSession [org.apache.ibatis.session.defaults.DefaultSqlSession@79011dfd] was not registered for synchronization because synchronization is not active
2020-04-07 19:13:13 [http-nio-8080-exec-4] [INFO] com.zaxxer.hikari.HikariDataSource - HikariPool-1 - Starting...
2020-04-07 19:13:13 [http-nio-8080-exec-4] [INFO] com.zaxxer.hikari.HikariDataSource - HikariPool-1 - Start completed.
2020-04-07 19:13:13 [http-nio-8080-exec-4] [DEBUG] o.m.s.t.SpringManagedTransaction - JDBC Connection [HikariProxyConnection@720321965 wrapping org.postgresql.jdbc.PgConnection@47b42771] will not be managed by Spring
2020-04-07 19:13:13 [http-nio-8080-exec-4] [DEBUG] c.s.adminlte.dao.CompanyDao.getList - ==>  Preparing: SELECT comp_id , comp_nm , comp_contact , comp_email , comp_address , comp_desc , comp_status , comp_create_by , comp_modify_by , comp_create_date , comp_modify_date FROM tb_company WHERE comp_status != ? 
2020-04-07 19:13:13 [http-nio-8080-exec-4] [DEBUG] c.s.adminlte.dao.CompanyDao.getList - ==> Parameters: 6(String)
2020-04-07 19:13:13 [http-nio-8080-exec-3] [DEBUG] o.m.s.t.SpringManagedTransaction - JDBC Connection [HikariProxyConnection@1236910133 wrapping org.postgresql.jdbc.PgConnection@70050900] will not be managed by Spring
2020-04-07 19:13:13 [http-nio-8080-exec-3] [DEBUG] c.s.adminlte.dao.SupplierDao.getList - ==>  Preparing: select ts.sup_id , ts.sup_nm , ts.sup_contact , ts.sup_contact_t , ts.sup_email , ts.sup_desc , ts.sup_status , ts.sup_create_by , ts.sup_create_date , ts.sup_modify_by , ts.sup_modify_date from tb_supplier ts where ts.sup_status != ? 
2020-04-07 19:13:13 [http-nio-8080-exec-3] [DEBUG] c.s.adminlte.dao.SupplierDao.getList - ==> Parameters: 6(String)
2020-04-07 19:13:13 [http-nio-8080-exec-3] [DEBUG] c.s.adminlte.dao.SupplierDao.getList - <==      Total: 2
2020-04-07 19:13:13 [http-nio-8080-exec-4] [DEBUG] c.s.adminlte.dao.CompanyDao.getList - <==      Total: 7
2020-04-07 19:13:13 [http-nio-8080-exec-3] [DEBUG] org.mybatis.spring.SqlSessionUtils - Closing non transactional SqlSession [org.apache.ibatis.session.defaults.DefaultSqlSession@52d0aef2]
2020-04-07 19:13:13 [http-nio-8080-exec-4] [DEBUG] org.mybatis.spring.SqlSessionUtils - Closing non transactional SqlSession [org.apache.ibatis.session.defaults.DefaultSqlSession@79011dfd]
2020-04-07 19:14:47 [http-nio-8080-exec-10] [DEBUG] org.mybatis.spring.SqlSessionUtils - Creating a new SqlSession
2020-04-07 19:14:47 [http-nio-8080-exec-9] [DEBUG] org.mybatis.spring.SqlSessionUtils - Creating a new SqlSession
2020-04-07 19:14:47 [http-nio-8080-exec-9] [DEBUG] org.mybatis.spring.SqlSessionUtils - SqlSession [org.apache.ibatis.session.defaults.DefaultSqlSession@34990912] was not registered for synchronization because synchronization is not active
2020-04-07 19:14:47 [http-nio-8080-exec-10] [DEBUG] org.mybatis.spring.SqlSessionUtils - SqlSession [org.apache.ibatis.session.defaults.DefaultSqlSession@30771247] was not registered for synchronization because synchronization is not active
2020-04-07 19:14:47 [http-nio-8080-exec-10] [DEBUG] o.m.s.t.SpringManagedTransaction - JDBC Connection [HikariProxyConnection@982481207 wrapping org.postgresql.jdbc.PgConnection@70050900] will not be managed by Spring
2020-04-07 19:14:47 [http-nio-8080-exec-9] [DEBUG] o.m.s.t.SpringManagedTransaction - JDBC Connection [HikariProxyConnection@979296753 wrapping org.postgresql.jdbc.PgConnection@47b42771] will not be managed by Spring
2020-04-07 19:14:47 [http-nio-8080-exec-10] [DEBUG] c.s.adminlte.dao.CompanyDao.getList - ==>  Preparing: SELECT comp_id , comp_nm , comp_contact , comp_email , comp_address , comp_desc , comp_status , comp_create_by , comp_modify_by , comp_create_date , comp_modify_date FROM tb_company WHERE comp_status != ? 
2020-04-07 19:14:47 [http-nio-8080-exec-9] [DEBUG] c.s.adminlte.dao.SupplierDao.getList - ==>  Preparing: select ts.sup_id , ts.sup_nm , ts.sup_contact , ts.sup_contact_t , ts.sup_email , ts.sup_desc , ts.sup_status , ts.sup_create_by , ts.sup_create_date , ts.sup_modify_by , ts.sup_modify_date from tb_supplier ts where ts.sup_status != ? 
2020-04-07 19:14:47 [http-nio-8080-exec-10] [DEBUG] c.s.adminlte.dao.CompanyDao.getList - ==> Parameters: 6(String)
2020-04-07 19:14:47 [http-nio-8080-exec-9] [DEBUG] c.s.adminlte.dao.SupplierDao.getList - ==> Parameters: 6(String)
2020-04-07 19:14:47 [http-nio-8080-exec-9] [DEBUG] c.s.adminlte.dao.SupplierDao.getList - <==      Total: 2
2020-04-07 19:14:47 [http-nio-8080-exec-9] [DEBUG] org.mybatis.spring.SqlSessionUtils - Closing non transactional SqlSession [org.apache.ibatis.session.defaults.DefaultSqlSession@34990912]
2020-04-07 19:14:47 [http-nio-8080-exec-10] [DEBUG] c.s.adminlte.dao.CompanyDao.getList - <==      Total: 7
2020-04-07 19:14:47 [http-nio-8080-exec-10] [DEBUG] org.mybatis.spring.SqlSessionUtils - Closing non transactional SqlSession [org.apache.ibatis.session.defaults.DefaultSqlSession@30771247]
2020-04-07 19:16:12 [http-nio-8080-exec-7] [DEBUG] org.mybatis.spring.SqlSessionUtils - Creating a new SqlSession
2020-04-07 19:16:12 [http-nio-8080-exec-8] [DEBUG] org.mybatis.spring.SqlSessionUtils - Creating a new SqlSession
2020-04-07 19:16:12 [http-nio-8080-exec-7] [DEBUG] org.mybatis.spring.SqlSessionUtils - SqlSession [org.apache.ibatis.session.defaults.DefaultSqlSession@dba38d0] was not registered for synchronization because synchronization is not active
2020-04-07 19:16:12 [http-nio-8080-exec-8] [DEBUG] org.mybatis.spring.SqlSessionUtils - SqlSession [org.apache.ibatis.session.defaults.DefaultSqlSession@7856047c] was not registered for synchronization because synchronization is not active
2020-04-07 19:16:12 [http-nio-8080-exec-7] [DEBUG] o.m.s.t.SpringManagedTransaction - JDBC Connection [HikariProxyConnection@58578711 wrapping org.postgresql.jdbc.PgConnection@47b42771] will not be managed by Spring
2020-04-07 19:16:12 [http-nio-8080-exec-7] [DEBUG] c.s.adminlte.dao.SupplierDao.getList - ==>  Preparing: select ts.sup_id , ts.sup_nm , ts.sup_contact , ts.sup_contact_t , ts.sup_email , ts.sup_desc , ts.sup_status , ts.sup_create_by , ts.sup_create_date , ts.sup_modify_by , ts.sup_modify_date from tb_supplier ts where ts.sup_status != ? 
2020-04-07 19:16:12 [http-nio-8080-exec-8] [DEBUG] o.m.s.t.SpringManagedTransaction - JDBC Connection [HikariProxyConnection@1924034316 wrapping org.postgresql.jdbc.PgConnection@70050900] will not be managed by Spring
2020-04-07 19:16:12 [http-nio-8080-exec-8] [DEBUG] c.s.adminlte.dao.CompanyDao.getList - ==>  Preparing: SELECT comp_id , comp_nm , comp_contact , comp_email , comp_address , comp_desc , comp_status , comp_create_by , comp_modify_by , comp_create_date , comp_modify_date FROM tb_company WHERE comp_status != ? 
2020-04-07 19:16:12 [http-nio-8080-exec-7] [DEBUG] c.s.adminlte.dao.SupplierDao.getList - ==> Parameters: 6(String)
2020-04-07 19:16:12 [http-nio-8080-exec-8] [DEBUG] c.s.adminlte.dao.CompanyDao.getList - ==> Parameters: 6(String)
2020-04-07 19:16:12 [http-nio-8080-exec-7] [DEBUG] c.s.adminlte.dao.SupplierDao.getList - <==      Total: 2
2020-04-07 19:16:12 [http-nio-8080-exec-7] [DEBUG] org.mybatis.spring.SqlSessionUtils - Closing non transactional SqlSession [org.apache.ibatis.session.defaults.DefaultSqlSession@dba38d0]
2020-04-07 19:16:12 [http-nio-8080-exec-8] [DEBUG] c.s.adminlte.dao.CompanyDao.getList - <==      Total: 7
2020-04-07 19:16:12 [http-nio-8080-exec-8] [DEBUG] org.mybatis.spring.SqlSessionUtils - Closing non transactional SqlSession [org.apache.ibatis.session.defaults.DefaultSqlSession@7856047c]
2020-04-07 19:17:37 [http-nio-8080-exec-2] [DEBUG] org.mybatis.spring.SqlSessionUtils - Creating a new SqlSession
2020-04-07 19:17:37 [http-nio-8080-exec-1] [DEBUG] org.mybatis.spring.SqlSessionUtils - Creating a new SqlSession
2020-04-07 19:17:37 [http-nio-8080-exec-1] [DEBUG] org.mybatis.spring.SqlSessionUtils - SqlSession [org.apache.ibatis.session.defaults.DefaultSqlSession@49dba11d] was not registered for synchronization because synchronization is not active
2020-04-07 19:17:37 [http-nio-8080-exec-2] [DEBUG] org.mybatis.spring.SqlSessionUtils - SqlSession [org.apache.ibatis.session.defaults.DefaultSqlSession@249fde3c] was not registered for synchronization because synchronization is not active
2020-04-07 19:17:37 [http-nio-8080-exec-1] [DEBUG] o.m.s.t.SpringManagedTransaction - JDBC Connection [HikariProxyConnection@1088717007 wrapping org.postgresql.jdbc.PgConnection@47b42771] will not be managed by Spring
2020-04-07 19:17:37 [http-nio-8080-exec-1] [DEBUG] c.s.adminlte.dao.CompanyDao.getList - ==>  Preparing: SELECT comp_id , comp_nm , comp_contact , comp_email , comp_address , comp_desc , comp_status , comp_create_by , comp_modify_by , comp_create_date , comp_modify_date FROM tb_company WHERE comp_status != ? 
2020-04-07 19:17:37 [http-nio-8080-exec-2] [DEBUG] o.m.s.t.SpringManagedTransaction - JDBC Connection [HikariProxyConnection@914233781 wrapping org.postgresql.jdbc.PgConnection@70050900] will not be managed by Spring
2020-04-07 19:17:37 [http-nio-8080-exec-2] [DEBUG] c.s.adminlte.dao.SupplierDao.getList - ==>  Preparing: select ts.sup_id , ts.sup_nm , ts.sup_contact , ts.sup_contact_t , ts.sup_email , ts.sup_desc , ts.sup_status , ts.sup_create_by , ts.sup_create_date , ts.sup_modify_by , ts.sup_modify_date from tb_supplier ts where ts.sup_status != ? 
2020-04-07 19:17:37 [http-nio-8080-exec-1] [DEBUG] c.s.adminlte.dao.CompanyDao.getList - ==> Parameters: 6(String)
2020-04-07 19:17:37 [http-nio-8080-exec-2] [DEBUG] c.s.adminlte.dao.SupplierDao.getList - ==> Parameters: 6(String)
2020-04-07 19:17:37 [http-nio-8080-exec-2] [DEBUG] c.s.adminlte.dao.SupplierDao.getList - <==      Total: 2
2020-04-07 19:17:37 [http-nio-8080-exec-1] [DEBUG] c.s.adminlte.dao.CompanyDao.getList - <==      Total: 7
2020-04-07 19:17:37 [http-nio-8080-exec-1] [DEBUG] org.mybatis.spring.SqlSessionUtils - Closing non transactional SqlSession [org.apache.ibatis.session.defaults.DefaultSqlSession@49dba11d]
2020-04-07 19:17:37 [http-nio-8080-exec-2] [DEBUG] org.mybatis.spring.SqlSessionUtils - Closing non transactional SqlSession [org.apache.ibatis.session.defaults.DefaultSqlSession@249fde3c]
2020-04-07 20:10:03 [HikariPool-1 housekeeper] [WARN] com.zaxxer.hikari.pool.HikariPool - HikariPool-1 - Thread starvation or clock leap detected (housekeeper delta=22m20s385ms371µs100ns).
2020-04-07 20:10:17 [http-nio-8080-exec-6] [DEBUG] org.mybatis.spring.SqlSessionUtils - Creating a new SqlSession
2020-04-07 20:10:17 [http-nio-8080-exec-5] [DEBUG] org.mybatis.spring.SqlSessionUtils - Creating a new SqlSession
2020-04-07 20:10:17 [http-nio-8080-exec-5] [DEBUG] org.mybatis.spring.SqlSessionUtils - SqlSession [org.apache.ibatis.session.defaults.DefaultSqlSession@7262141e] was not registered for synchronization because synchronization is not active
2020-04-07 20:10:17 [http-nio-8080-exec-6] [DEBUG] org.mybatis.spring.SqlSessionUtils - SqlSession [org.apache.ibatis.session.defaults.DefaultSqlSession@229149ea] was not registered for synchronization because synchronization is not active
2020-04-07 20:10:17 [http-nio-8080-exec-5] [DEBUG] o.m.s.t.SpringManagedTransaction - JDBC Connection [HikariProxyConnection@2023391086 wrapping org.postgresql.jdbc.PgConnection@3d98ee19] will not be managed by Spring
2020-04-07 20:10:17 [http-nio-8080-exec-6] [DEBUG] o.m.s.t.SpringManagedTransaction - JDBC Connection [HikariProxyConnection@743875528 wrapping org.postgresql.jdbc.PgConnection@2869229a] will not be managed by Spring
2020-04-07 20:10:17 [http-nio-8080-exec-5] [DEBUG] c.s.adminlte.dao.SupplierDao.getList - ==>  Preparing: select ts.sup_id , ts.sup_nm , ts.sup_contact , ts.sup_contact_t , ts.sup_email , ts.sup_desc , ts.sup_status , ts.sup_create_by , ts.sup_create_date , ts.sup_modify_by , ts.sup_modify_date from tb_supplier ts where ts.sup_status != ? 
2020-04-07 20:10:17 [http-nio-8080-exec-6] [DEBUG] c.s.adminlte.dao.CompanyDao.getList - ==>  Preparing: SELECT comp_id , comp_nm , comp_contact , comp_email , comp_address , comp_desc , comp_status , comp_create_by , comp_modify_by , comp_create_date , comp_modify_date FROM tb_company WHERE comp_status != ? 
2020-04-07 20:10:17 [http-nio-8080-exec-5] [DEBUG] c.s.adminlte.dao.SupplierDao.getList - ==> Parameters: 6(String)
2020-04-07 20:10:17 [http-nio-8080-exec-6] [DEBUG] c.s.adminlte.dao.CompanyDao.getList - ==> Parameters: 6(String)
2020-04-07 20:10:17 [http-nio-8080-exec-5] [DEBUG] c.s.adminlte.dao.SupplierDao.getList - <==      Total: 2
2020-04-07 20:10:17 [http-nio-8080-exec-5] [DEBUG] org.mybatis.spring.SqlSessionUtils - Closing non transactional SqlSession [org.apache.ibatis.session.defaults.DefaultSqlSession@7262141e]
2020-04-07 20:10:17 [http-nio-8080-exec-6] [DEBUG] c.s.adminlte.dao.CompanyDao.getList - <==      Total: 7
2020-04-07 20:10:17 [http-nio-8080-exec-6] [DEBUG] org.mybatis.spring.SqlSessionUtils - Closing non transactional SqlSession [org.apache.ibatis.session.defaults.DefaultSqlSession@229149ea]
2020-04-07 20:11:43 [http-nio-8080-exec-3] [DEBUG] org.mybatis.spring.SqlSessionUtils - Creating a new SqlSession
2020-04-07 20:11:43 [http-nio-8080-exec-4] [DEBUG] org.mybatis.spring.SqlSessionUtils - Creating a new SqlSession
2020-04-07 20:11:43 [http-nio-8080-exec-3] [DEBUG] org.mybatis.spring.SqlSessionUtils - SqlSession [org.apache.ibatis.session.defaults.DefaultSqlSession@6d727c17] was not registered for synchronization because synchronization is not active
2020-04-07 20:11:43 [http-nio-8080-exec-4] [DEBUG] org.mybatis.spring.SqlSessionUtils - SqlSession [org.apache.ibatis.session.defaults.DefaultSqlSession@2ca8b088] was not registered for synchronization because synchronization is not active
2020-04-07 20:11:43 [http-nio-8080-exec-4] [DEBUG] o.m.s.t.SpringManagedTransaction - JDBC Connection [HikariProxyConnection@1689538656 wrapping org.postgresql.jdbc.PgConnection@3d98ee19] will not be managed by Spring
2020-04-07 20:11:43 [http-nio-8080-exec-3] [DEBUG] o.m.s.t.SpringManagedTransaction - JDBC Connection [HikariProxyConnection@2133042010 wrapping org.postgresql.jdbc.PgConnection@2869229a] will not be managed by Spring
2020-04-07 20:11:43 [http-nio-8080-exec-4] [DEBUG] c.s.adminlte.dao.SupplierDao.getList - ==>  Preparing: select ts.sup_id , ts.sup_nm , ts.sup_contact , ts.sup_contact_t , ts.sup_email , ts.sup_desc , ts.sup_status , ts.sup_create_by , ts.sup_create_date , ts.sup_modify_by , ts.sup_modify_date from tb_supplier ts where ts.sup_status != ? 
2020-04-07 20:11:43 [http-nio-8080-exec-3] [DEBUG] c.s.adminlte.dao.CompanyDao.getList - ==>  Preparing: SELECT comp_id , comp_nm , comp_contact , comp_email , comp_address , comp_desc , comp_status , comp_create_by , comp_modify_by , comp_create_date , comp_modify_date FROM tb_company WHERE comp_status != ? 
2020-04-07 20:11:43 [http-nio-8080-exec-4] [DEBUG] c.s.adminlte.dao.SupplierDao.getList - ==> Parameters: 6(String)
2020-04-07 20:11:43 [http-nio-8080-exec-3] [DEBUG] c.s.adminlte.dao.CompanyDao.getList - ==> Parameters: 6(String)
2020-04-07 20:11:43 [http-nio-8080-exec-4] [DEBUG] c.s.adminlte.dao.SupplierDao.getList - <==      Total: 2
2020-04-07 20:11:43 [http-nio-8080-exec-3] [DEBUG] c.s.adminlte.dao.CompanyDao.getList - <==      Total: 7
2020-04-07 20:11:43 [http-nio-8080-exec-4] [DEBUG] org.mybatis.spring.SqlSessionUtils - Closing non transactional SqlSession [org.apache.ibatis.session.defaults.DefaultSqlSession@2ca8b088]
2020-04-07 20:11:43 [http-nio-8080-exec-3] [DEBUG] org.mybatis.spring.SqlSessionUtils - Closing non transactional SqlSession [org.apache.ibatis.session.defaults.DefaultSqlSession@6d727c17]
2020-04-07 20:13:38 [http-nio-8080-exec-5] [DEBUG] org.mybatis.spring.SqlSessionUtils - Creating a new SqlSession
2020-04-07 20:13:38 [http-nio-8080-exec-5] [DEBUG] org.mybatis.spring.SqlSessionUtils - SqlSession [org.apache.ibatis.session.defaults.DefaultSqlSession@5f38df50] was not registered for synchronization because synchronization is not active
2020-04-07 20:13:38 [http-nio-8080-exec-5] [DEBUG] o.m.s.t.SpringManagedTransaction - JDBC Connection [HikariProxyConnection@208647265 wrapping org.postgresql.jdbc.PgConnection@2725db8d] will not be managed by Spring
2020-04-07 20:13:38 [http-nio-8080-exec-5] [DEBUG] c.s.adminlte.dao.CompanyDao.getList - ==>  Preparing: SELECT comp_id , comp_nm , comp_contact , comp_email , comp_address , comp_desc , comp_status , comp_create_by , comp_modify_by , comp_create_date , comp_modify_date FROM tb_company WHERE comp_status != ? 
2020-04-07 20:13:38 [http-nio-8080-exec-5] [DEBUG] c.s.adminlte.dao.CompanyDao.getList - ==> Parameters: 6(String)
2020-04-07 20:13:38 [http-nio-8080-exec-9] [DEBUG] org.mybatis.spring.SqlSessionUtils - Creating a new SqlSession
2020-04-07 20:13:38 [http-nio-8080-exec-9] [DEBUG] org.mybatis.spring.SqlSessionUtils - SqlSession [org.apache.ibatis.session.defaults.DefaultSqlSession@1b4c1485] was not registered for synchronization because synchronization is not active
2020-04-07 20:13:38 [http-nio-8080-exec-9] [DEBUG] o.m.s.t.SpringManagedTransaction - JDBC Connection [HikariProxyConnection@1771138053 wrapping org.postgresql.jdbc.PgConnection@373f758f] will not be managed by Spring
2020-04-07 20:13:38 [http-nio-8080-exec-9] [DEBUG] c.s.adminlte.dao.SupplierDao.getList - ==>  Preparing: select ts.sup_id , ts.sup_nm , ts.sup_contact , ts.sup_contact_t , ts.sup_email , ts.sup_desc , ts.sup_status , ts.sup_create_by , ts.sup_create_date , ts.sup_modify_by , ts.sup_modify_date from tb_supplier ts where ts.sup_status != ? 
2020-04-07 20:13:38 [http-nio-8080-exec-9] [DEBUG] c.s.adminlte.dao.SupplierDao.getList - ==> Parameters: 6(String)
2020-04-07 20:13:38 [http-nio-8080-exec-9] [DEBUG] c.s.adminlte.dao.SupplierDao.getList - <==      Total: 2
2020-04-07 20:13:38 [http-nio-8080-exec-9] [DEBUG] org.mybatis.spring.SqlSessionUtils - Closing non transactional SqlSession [org.apache.ibatis.session.defaults.DefaultSqlSession@1b4c1485]
2020-04-07 20:13:38 [http-nio-8080-exec-5] [DEBUG] c.s.adminlte.dao.CompanyDao.getList - <==      Total: 7
2020-04-07 20:13:38 [http-nio-8080-exec-5] [DEBUG] org.mybatis.spring.SqlSessionUtils - Closing non transactional SqlSession [org.apache.ibatis.session.defaults.DefaultSqlSession@5f38df50]
2020-04-07 20:14:15 [http-nio-8080-exec-4] [DEBUG] org.mybatis.spring.SqlSessionUtils - Creating a new SqlSession
2020-04-07 20:14:15 [http-nio-8080-exec-4] [DEBUG] org.mybatis.spring.SqlSessionUtils - SqlSession [org.apache.ibatis.session.defaults.DefaultSqlSession@34a0aef4] was not registered for synchronization because synchronization is not active
2020-04-07 20:14:15 [http-nio-8080-exec-4] [DEBUG] o.m.s.t.SpringManagedTransaction - JDBC Connection [HikariProxyConnection@1234648288 wrapping org.postgresql.jdbc.PgConnection@2725db8d] will not be managed by Spring
2020-04-07 20:14:15 [http-nio-8080-exec-4] [DEBUG] c.s.adminlte.dao.CompanyDao.getList - ==>  Preparing: SELECT comp_id , comp_nm , comp_contact , comp_email , comp_address , comp_desc , comp_status , comp_create_by , comp_modify_by , comp_create_date , comp_modify_date FROM tb_company WHERE comp_status != ? 
2020-04-07 20:14:15 [http-nio-8080-exec-4] [DEBUG] c.s.adminlte.dao.CompanyDao.getList - ==> Parameters: 6(String)
2020-04-07 20:14:15 [http-nio-8080-exec-4] [DEBUG] c.s.adminlte.dao.CompanyDao.getList - <==      Total: 7
2020-04-07 20:14:15 [http-nio-8080-exec-4] [DEBUG] org.mybatis.spring.SqlSessionUtils - Closing non transactional SqlSession [org.apache.ibatis.session.defaults.DefaultSqlSession@34a0aef4]
2020-04-07 20:14:15 [http-nio-8080-exec-7] [DEBUG] org.mybatis.spring.SqlSessionUtils - Creating a new SqlSession
2020-04-07 20:14:15 [http-nio-8080-exec-7] [DEBUG] org.mybatis.spring.SqlSessionUtils - SqlSession [org.apache.ibatis.session.defaults.DefaultSqlSession@3c99af53] was not registered for synchronization because synchronization is not active
2020-04-07 20:14:15 [http-nio-8080-exec-7] [DEBUG] o.m.s.t.SpringManagedTransaction - JDBC Connection [HikariProxyConnection@639761573 wrapping org.postgresql.jdbc.PgConnection@2725db8d] will not be managed by Spring
2020-04-07 20:14:15 [http-nio-8080-exec-7] [DEBUG] c.s.adminlte.dao.SupplierDao.getList - ==>  Preparing: select ts.sup_id , ts.sup_nm , ts.sup_contact , ts.sup_contact_t , ts.sup_email , ts.sup_desc , ts.sup_status , ts.sup_create_by , ts.sup_create_date , ts.sup_modify_by , ts.sup_modify_date from tb_supplier ts where ts.sup_status != ? 
2020-04-07 20:14:15 [http-nio-8080-exec-7] [DEBUG] c.s.adminlte.dao.SupplierDao.getList - ==> Parameters: 6(String)
2020-04-07 20:14:15 [http-nio-8080-exec-7] [DEBUG] c.s.adminlte.dao.SupplierDao.getList - <==      Total: 2
2020-04-07 20:14:15 [http-nio-8080-exec-7] [DEBUG] org.mybatis.spring.SqlSessionUtils - Closing non transactional SqlSession [org.apache.ibatis.session.defaults.DefaultSqlSession@3c99af53]
2020-04-07 20:16:13 [http-nio-8080-exec-5] [DEBUG] org.mybatis.spring.SqlSessionUtils - Creating a new SqlSession
2020-04-07 20:16:13 [http-nio-8080-exec-5] [DEBUG] org.mybatis.spring.SqlSessionUtils - SqlSession [org.apache.ibatis.session.defaults.DefaultSqlSession@623eadaf] was not registered for synchronization because synchronization is not active
2020-04-07 20:16:13 [http-nio-8080-exec-1] [DEBUG] org.mybatis.spring.SqlSessionUtils - Creating a new SqlSession
2020-04-07 20:16:13 [http-nio-8080-exec-1] [DEBUG] org.mybatis.spring.SqlSessionUtils - SqlSession [org.apache.ibatis.session.defaults.DefaultSqlSession@5dbb6265] was not registered for synchronization because synchronization is not active
2020-04-07 20:16:13 [http-nio-8080-exec-5] [DEBUG] o.m.s.t.SpringManagedTransaction - JDBC Connection [HikariProxyConnection@1340241704 wrapping org.postgresql.jdbc.PgConnection@2725db8d] will not be managed by Spring
2020-04-07 20:16:13 [http-nio-8080-exec-5] [DEBUG] c.s.adminlte.dao.CompanyDao.getList - ==>  Preparing: SELECT comp_id , comp_nm , comp_contact , comp_email , comp_address , comp_desc , comp_status , comp_create_by , comp_modify_by , comp_create_date , comp_modify_date FROM tb_company WHERE comp_status != ? 
2020-04-07 20:16:13 [http-nio-8080-exec-1] [DEBUG] o.m.s.t.SpringManagedTransaction - JDBC Connection [HikariProxyConnection@968717285 wrapping org.postgresql.jdbc.PgConnection@373f758f] will not be managed by Spring
2020-04-07 20:16:13 [http-nio-8080-exec-1] [DEBUG] c.s.adminlte.dao.SupplierDao.getList - ==>  Preparing: select ts.sup_id , ts.sup_nm , ts.sup_contact , ts.sup_contact_t , ts.sup_email , ts.sup_desc , ts.sup_status , ts.sup_create_by , ts.sup_create_date , ts.sup_modify_by , ts.sup_modify_date from tb_supplier ts where ts.sup_status != ? 
2020-04-07 20:16:13 [http-nio-8080-exec-5] [DEBUG] c.s.adminlte.dao.CompanyDao.getList - ==> Parameters: 6(String)
2020-04-07 20:16:13 [http-nio-8080-exec-1] [DEBUG] c.s.adminlte.dao.SupplierDao.getList - ==> Parameters: 6(String)
2020-04-07 20:16:13 [http-nio-8080-exec-1] [DEBUG] c.s.adminlte.dao.SupplierDao.getList - <==      Total: 2
2020-04-07 20:16:13 [http-nio-8080-exec-5] [DEBUG] c.s.adminlte.dao.CompanyDao.getList - <==      Total: 7
2020-04-07 20:16:13 [http-nio-8080-exec-1] [DEBUG] org.mybatis.spring.SqlSessionUtils - Closing non transactional SqlSession [org.apache.ibatis.session.defaults.DefaultSqlSession@5dbb6265]
2020-04-07 20:16:13 [http-nio-8080-exec-5] [DEBUG] org.mybatis.spring.SqlSessionUtils - Closing non transactional SqlSession [org.apache.ibatis.session.defaults.DefaultSqlSession@623eadaf]
2020-04-07 20:19:57 [http-nio-8080-exec-10] [DEBUG] org.mybatis.spring.SqlSessionUtils - Creating a new SqlSession
2020-04-07 20:19:57 [http-nio-8080-exec-10] [DEBUG] org.mybatis.spring.SqlSessionUtils - SqlSession [org.apache.ibatis.session.defaults.DefaultSqlSession@4afbe530] was not registered for synchronization because synchronization is not active
2020-04-07 20:19:57 [http-nio-8080-exec-10] [DEBUG] o.m.s.t.SpringManagedTransaction - JDBC Connection [HikariProxyConnection@553837030 wrapping org.postgresql.jdbc.PgConnection@2725db8d] will not be managed by Spring
2020-04-07 20:19:57 [http-nio-8080-exec-10] [DEBUG] c.s.adminlte.dao.CompanyDao.getList - ==>  Preparing: SELECT comp_id , comp_nm , comp_contact , comp_email , comp_address , comp_desc , comp_status , comp_create_by , comp_modify_by , comp_create_date , comp_modify_date FROM tb_company WHERE comp_status != ? 
2020-04-07 20:19:57 [http-nio-8080-exec-6] [DEBUG] org.mybatis.spring.SqlSessionUtils - Creating a new SqlSession
2020-04-07 20:19:57 [http-nio-8080-exec-6] [DEBUG] org.mybatis.spring.SqlSessionUtils - SqlSession [org.apache.ibatis.session.defaults.DefaultSqlSession@6d6ba9f3] was not registered for synchronization because synchronization is not active
2020-04-07 20:19:57 [http-nio-8080-exec-10] [DEBUG] c.s.adminlte.dao.CompanyDao.getList - ==> Parameters: 6(String)
2020-04-07 20:19:57 [http-nio-8080-exec-6] [DEBUG] o.m.s.t.SpringManagedTransaction - JDBC Connection [HikariProxyConnection@1167942573 wrapping org.postgresql.jdbc.PgConnection@373f758f] will not be managed by Spring
2020-04-07 20:19:57 [http-nio-8080-exec-6] [DEBUG] c.s.adminlte.dao.SupplierDao.getList - ==>  Preparing: select ts.sup_id , ts.sup_nm , ts.sup_contact , ts.sup_contact_t , ts.sup_email , ts.sup_desc , ts.sup_status , ts.sup_create_by , ts.sup_create_date , ts.sup_modify_by , ts.sup_modify_date from tb_supplier ts where ts.sup_status != ? 
2020-04-07 20:19:57 [http-nio-8080-exec-6] [DEBUG] c.s.adminlte.dao.SupplierDao.getList - ==> Parameters: 6(String)
2020-04-07 20:19:57 [http-nio-8080-exec-6] [DEBUG] c.s.adminlte.dao.SupplierDao.getList - <==      Total: 2
2020-04-07 20:19:57 [http-nio-8080-exec-10] [DEBUG] c.s.adminlte.dao.CompanyDao.getList - <==      Total: 7
2020-04-07 20:19:57 [http-nio-8080-exec-6] [DEBUG] org.mybatis.spring.SqlSessionUtils - Closing non transactional SqlSession [org.apache.ibatis.session.defaults.DefaultSqlSession@6d6ba9f3]
2020-04-07 20:19:57 [http-nio-8080-exec-10] [DEBUG] org.mybatis.spring.SqlSessionUtils - Closing non transactional SqlSession [org.apache.ibatis.session.defaults.DefaultSqlSession@4afbe530]
2020-04-07 22:02:42 [HikariPool-1 housekeeper] [WARN] com.zaxxer.hikari.pool.HikariPool - HikariPool-1 - Thread starvation or clock leap detected (housekeeper delta=1h33m38s662ms548µs500ns).
2020-04-07 22:02:53 [http-nio-8080-exec-5] [DEBUG] org.mybatis.spring.SqlSessionUtils - Creating a new SqlSession
2020-04-07 22:02:53 [http-nio-8080-exec-5] [DEBUG] org.mybatis.spring.SqlSessionUtils - SqlSession [org.apache.ibatis.session.defaults.DefaultSqlSession@4b50b011] was not registered for synchronization because synchronization is not active
2020-04-07 22:02:53 [http-nio-8080-exec-5] [DEBUG] o.m.s.t.SpringManagedTransaction - JDBC Connection [HikariProxyConnection@818331993 wrapping org.postgresql.jdbc.PgConnection@53057c29] will not be managed by Spring
2020-04-07 22:02:53 [http-nio-8080-exec-5] [DEBUG] c.s.adminlte.dao.CompanyDao.getList - ==>  Preparing: SELECT comp_id , comp_nm , comp_contact , comp_email , comp_address , comp_desc , comp_status , comp_create_by , comp_modify_by , comp_create_date , comp_modify_date FROM tb_company WHERE comp_status != ? 
2020-04-07 22:02:53 [http-nio-8080-exec-5] [DEBUG] c.s.adminlte.dao.CompanyDao.getList - ==> Parameters: 6(String)
2020-04-07 22:02:53 [http-nio-8080-exec-8] [DEBUG] org.mybatis.spring.SqlSessionUtils - Creating a new SqlSession
2020-04-07 22:02:53 [http-nio-8080-exec-8] [DEBUG] org.mybatis.spring.SqlSessionUtils - SqlSession [org.apache.ibatis.session.defaults.DefaultSqlSession@23670bc2] was not registered for synchronization because synchronization is not active
2020-04-07 22:02:53 [http-nio-8080-exec-8] [DEBUG] o.m.s.t.SpringManagedTransaction - JDBC Connection [HikariProxyConnection@1389105294 wrapping org.postgresql.jdbc.PgConnection@1dee2a0f] will not be managed by Spring
2020-04-07 22:02:53 [http-nio-8080-exec-8] [DEBUG] c.s.adminlte.dao.SupplierDao.getList - ==>  Preparing: select ts.sup_id , ts.sup_nm , ts.sup_contact , ts.sup_contact_t , ts.sup_email , ts.sup_desc , ts.sup_status , ts.sup_create_by , ts.sup_create_date , ts.sup_modify_by , ts.sup_modify_date from tb_supplier ts where ts.sup_status != ? 
2020-04-07 22:02:53 [http-nio-8080-exec-8] [DEBUG] c.s.adminlte.dao.SupplierDao.getList - ==> Parameters: 6(String)
2020-04-07 22:02:53 [http-nio-8080-exec-5] [DEBUG] c.s.adminlte.dao.CompanyDao.getList - <==      Total: 7
2020-04-07 22:02:53 [http-nio-8080-exec-5] [DEBUG] org.mybatis.spring.SqlSessionUtils - Closing non transactional SqlSession [org.apache.ibatis.session.defaults.DefaultSqlSession@4b50b011]
2020-04-07 22:02:53 [http-nio-8080-exec-8] [DEBUG] c.s.adminlte.dao.SupplierDao.getList - <==      Total: 2
2020-04-07 22:02:53 [http-nio-8080-exec-8] [DEBUG] org.mybatis.spring.SqlSessionUtils - Closing non transactional SqlSession [org.apache.ibatis.session.defaults.DefaultSqlSession@23670bc2]
