2020-04-14 22:38:22 [restartedMain] [INFO] c.s.adminlte.AdminlteApplication - Starting AdminlteApplication on DESKTOP-SSTPOFF with PID 11672 (D:\Projects\adminlte\out\production\classes started by Eanda in D:\Projects\adminlte)
2020-04-14 22:38:22 [restartedMain] [DEBUG] c.s.adminlte.AdminlteApplication - Running with Spring Boot v2.2.4.RELEASE, Spring v5.2.3.RELEASE
2020-04-14 22:38:22 [restartedMain] [INFO] c.s.adminlte.AdminlteApplication - No active profile set, falling back to default profiles: default
2020-04-14 22:38:22 [restartedMain] [INFO] o.s.b.d.e.DevToolsPropertyDefaultsPostProcessor - Devtools property defaults active! Set 'spring.devtools.add-properties' to 'false' to disable
2020-04-14 22:38:22 [restartedMain] [INFO] o.s.b.d.e.DevToolsPropertyDefaultsPostProcessor - For additional web related logging consider setting the 'logging.level.web' property to 'DEBUG'
2020-04-14 22:38:25 [restartedMain] [DEBUG] o.m.s.b.a.MybatisAutoConfiguration - Searching for mappers annotated with @Mapper
2020-04-14 22:38:25 [restartedMain] [DEBUG] o.m.s.b.a.MybatisAutoConfiguration - Using auto-configuration base package 'com.spring.adminlte'
2020-04-14 22:38:25 [restartedMain] [INFO] o.s.d.r.c.RepositoryConfigurationDelegate - Bootstrapping Spring Data JDBC repositories in DEFAULT mode.
2020-04-14 22:38:25 [restartedMain] [INFO] o.s.d.r.c.RepositoryConfigurationDelegate - Finished Spring Data repository scanning in 14ms. Found 0 JDBC repository interfaces.
2020-04-14 22:38:25 [restartedMain] [DEBUG] o.m.s.mapper.ClassPathMapperScanner - Identified candidate component class: file [D:\Projects\adminlte\out\production\classes\com\spring\adminlte\dao\CompanyDao.class]
2020-04-14 22:38:25 [restartedMain] [DEBUG] o.m.s.mapper.ClassPathMapperScanner - Identified candidate component class: file [D:\Projects\adminlte\out\production\classes\com\spring\adminlte\dao\MainCategoryDao.class]
2020-04-14 22:38:25 [restartedMain] [DEBUG] o.m.s.mapper.ClassPathMapperScanner - Identified candidate component class: file [D:\Projects\adminlte\out\production\classes\com\spring\adminlte\dao\ProductDao.class]
2020-04-14 22:38:25 [restartedMain] [DEBUG] o.m.s.mapper.ClassPathMapperScanner - Identified candidate component class: file [D:\Projects\adminlte\out\production\classes\com\spring\adminlte\dao\SubCategoryDao.class]
2020-04-14 22:38:25 [restartedMain] [DEBUG] o.m.s.mapper.ClassPathMapperScanner - Identified candidate component class: file [D:\Projects\adminlte\out\production\classes\com\spring\adminlte\dao\SubCategoryDetailDao.class]
2020-04-14 22:38:25 [restartedMain] [DEBUG] o.m.s.mapper.ClassPathMapperScanner - Identified candidate component class: file [D:\Projects\adminlte\out\production\classes\com\spring\adminlte\dao\SupplierDao.class]
2020-04-14 22:38:25 [restartedMain] [DEBUG] o.m.s.mapper.ClassPathMapperScanner - Creating MapperFactoryBean with name 'companyDao' and 'com.spring.adminlte.dao.CompanyDao' mapperInterface
2020-04-14 22:38:25 [restartedMain] [DEBUG] o.m.s.mapper.ClassPathMapperScanner - Enabling autowire by type for MapperFactoryBean with name 'companyDao'.
2020-04-14 22:38:25 [restartedMain] [DEBUG] o.m.s.mapper.ClassPathMapperScanner - Creating MapperFactoryBean with name 'mainCategoryDao' and 'com.spring.adminlte.dao.MainCategoryDao' mapperInterface
2020-04-14 22:38:25 [restartedMain] [DEBUG] o.m.s.mapper.ClassPathMapperScanner - Enabling autowire by type for MapperFactoryBean with name 'mainCategoryDao'.
2020-04-14 22:38:25 [restartedMain] [DEBUG] o.m.s.mapper.ClassPathMapperScanner - Creating MapperFactoryBean with name 'productDao' and 'com.spring.adminlte.dao.ProductDao' mapperInterface
2020-04-14 22:38:25 [restartedMain] [DEBUG] o.m.s.mapper.ClassPathMapperScanner - Enabling autowire by type for MapperFactoryBean with name 'productDao'.
2020-04-14 22:38:25 [restartedMain] [DEBUG] o.m.s.mapper.ClassPathMapperScanner - Creating MapperFactoryBean with name 'subCategoryDao' and 'com.spring.adminlte.dao.SubCategoryDao' mapperInterface
2020-04-14 22:38:25 [restartedMain] [DEBUG] o.m.s.mapper.ClassPathMapperScanner - Enabling autowire by type for MapperFactoryBean with name 'subCategoryDao'.
2020-04-14 22:38:25 [restartedMain] [DEBUG] o.m.s.mapper.ClassPathMapperScanner - Creating MapperFactoryBean with name 'subCategoryDetailDao' and 'com.spring.adminlte.dao.SubCategoryDetailDao' mapperInterface
2020-04-14 22:38:25 [restartedMain] [DEBUG] o.m.s.mapper.ClassPathMapperScanner - Enabling autowire by type for MapperFactoryBean with name 'subCategoryDetailDao'.
2020-04-14 22:38:25 [restartedMain] [DEBUG] o.m.s.mapper.ClassPathMapperScanner - Creating MapperFactoryBean with name 'supplierDao' and 'com.spring.adminlte.dao.SupplierDao' mapperInterface
2020-04-14 22:38:25 [restartedMain] [DEBUG] o.m.s.mapper.ClassPathMapperScanner - Enabling autowire by type for MapperFactoryBean with name 'supplierDao'.
2020-04-14 22:38:26 [restartedMain] [INFO] o.s.c.s.PostProcessorRegistrationDelegate$BeanPostProcessorChecker - Bean 'org.springframework.ws.config.annotation.DelegatingWsConfiguration' of type [org.springframework.ws.config.annotation.DelegatingWsConfiguration$$EnhancerBySpringCGLIB$$92dfb290] is not eligible for getting processed by all BeanPostProcessors (for example: not eligible for auto-proxying)
2020-04-14 22:38:26 [restartedMain] [INFO] o.s.w.s.a.s.AnnotationActionEndpointMapping - Supporting [WS-Addressing August 2004, WS-Addressing 1.0]
2020-04-14 22:38:26 [restartedMain] [INFO] o.s.c.s.PostProcessorRegistrationDelegate$BeanPostProcessorChecker - Bean 'org.springframework.transaction.annotation.ProxyTransactionManagementConfiguration' of type [org.springframework.transaction.annotation.ProxyTransactionManagementConfiguration] is not eligible for getting processed by all BeanPostProcessors (for example: not eligible for auto-proxying)
2020-04-14 22:38:26 [restartedMain] [INFO] o.s.b.w.e.tomcat.TomcatWebServer - Tomcat initialized with port(s): 8080 (http)
2020-04-14 22:38:26 [restartedMain] [INFO] o.a.coyote.http11.Http11NioProtocol - Initializing ProtocolHandler ["http-nio-8080"]
2020-04-14 22:38:26 [restartedMain] [INFO] o.a.catalina.core.StandardService - Starting service [Tomcat]
2020-04-14 22:38:26 [restartedMain] [INFO] o.a.catalina.core.StandardEngine - Starting Servlet engine: [Apache Tomcat/9.0.30]
2020-04-14 22:38:26 [restartedMain] [INFO] o.a.c.c.C.[Tomcat].[localhost].[/] - Initializing Spring embedded WebApplicationContext
2020-04-14 22:38:26 [restartedMain] [INFO] o.s.web.context.ContextLoader - Root WebApplicationContext: initialization completed in 3559 ms
2020-04-14 22:38:26 [restartedMain] [DEBUG] o.m.spring.SqlSessionFactoryBean - Parsed configuration file: 'class path resource [mybatis/mybatis_config.xml]'
2020-04-14 22:38:27 [restartedMain] [DEBUG] o.m.spring.SqlSessionFactoryBean - Parsed mapper file: 'file [D:\Projects\adminlte\out\production\resources\mybatis\mapper\companyDAO.xml]'
2020-04-14 22:38:27 [restartedMain] [DEBUG] o.m.spring.SqlSessionFactoryBean - Parsed mapper file: 'file [D:\Projects\adminlte\out\production\resources\mybatis\mapper\mainCategoryDao.xml]'
2020-04-14 22:38:27 [restartedMain] [DEBUG] o.m.spring.SqlSessionFactoryBean - Parsed mapper file: 'file [D:\Projects\adminlte\out\production\resources\mybatis\mapper\productDao.xml]'
2020-04-14 22:38:27 [restartedMain] [DEBUG] o.m.spring.SqlSessionFactoryBean - Parsed mapper file: 'file [D:\Projects\adminlte\out\production\resources\mybatis\mapper\subCategoryDao.xml]'
2020-04-14 22:38:27 [restartedMain] [DEBUG] o.m.spring.SqlSessionFactoryBean - Parsed mapper file: 'file [D:\Projects\adminlte\out\production\resources\mybatis\mapper\subCategoryDetailDao.xml]'
2020-04-14 22:38:27 [restartedMain] [DEBUG] o.m.spring.SqlSessionFactoryBean - Parsed mapper file: 'file [D:\Projects\adminlte\out\production\resources\mybatis\mapper\supplierDao.xml]'
2020-04-14 22:38:27 [restartedMain] [INFO] o.s.s.c.ThreadPoolTaskExecutor - Initializing ExecutorService 'applicationTaskExecutor'
2020-04-14 22:38:27 [restartedMain] [WARN] o.s.b.a.t.ThymeleafAutoConfiguration$DefaultTemplateResolverConfiguration - Cannot find template location: classpath:/templates/ (please add some templates or check your Thymeleaf configuration)
2020-04-14 22:38:27 [restartedMain] [WARN] o.t.templatemode.TemplateMode - [THYMELEAF][restartedMain] Template Mode 'LEGACYHTML5' is deprecated. Using Template Mode 'HTML' instead.
2020-04-14 22:38:27 [restartedMain] [DEBUG] o.m.s.b.a.MybatisAutoConfiguration - Not found configuration for registering mapper bean using @MapperScan, MapperFactoryBean and MapperScannerConfigurer.
2020-04-14 22:38:27 [restartedMain] [INFO] o.s.b.d.a.OptionalLiveReloadServer - LiveReload server is running on port 35729
2020-04-14 22:38:27 [restartedMain] [INFO] o.a.coyote.http11.Http11NioProtocol - Starting ProtocolHandler ["http-nio-8080"]
2020-04-14 22:38:27 [restartedMain] [INFO] o.s.b.w.e.tomcat.TomcatWebServer - Tomcat started on port(s): 8080 (http) with context path ''
2020-04-14 22:38:27 [restartedMain] [INFO] c.s.adminlte.AdminlteApplication - Started AdminlteApplication in 5.356 seconds (JVM running for 8.135)
2020-04-14 22:54:03 [http-nio-8080-exec-2] [INFO] o.a.c.c.C.[Tomcat].[localhost].[/] - Initializing Spring DispatcherServlet 'dispatcherServlet'
2020-04-14 22:54:03 [http-nio-8080-exec-2] [INFO] o.s.web.servlet.DispatcherServlet - Initializing Servlet 'dispatcherServlet'
2020-04-14 22:54:04 [http-nio-8080-exec-2] [INFO] o.s.web.servlet.DispatcherServlet - Completed initialization in 69 ms
2020-04-14 22:54:04 [http-nio-8080-exec-2] [DEBUG] org.mybatis.spring.SqlSessionUtils - Creating a new SqlSession
2020-04-14 22:54:04 [http-nio-8080-exec-1] [DEBUG] org.mybatis.spring.SqlSessionUtils - Creating a new SqlSession
2020-04-14 22:54:04 [http-nio-8080-exec-1] [DEBUG] org.mybatis.spring.SqlSessionUtils - SqlSession [org.apache.ibatis.session.defaults.DefaultSqlSession@410530ff] was not registered for synchronization because synchronization is not active
2020-04-14 22:54:04 [http-nio-8080-exec-2] [DEBUG] org.mybatis.spring.SqlSessionUtils - SqlSession [org.apache.ibatis.session.defaults.DefaultSqlSession@32e3298c] was not registered for synchronization because synchronization is not active
2020-04-14 22:54:04 [http-nio-8080-exec-1] [INFO] com.zaxxer.hikari.HikariDataSource - HikariPool-1 - Starting...
2020-04-14 22:54:04 [http-nio-8080-exec-1] [INFO] com.zaxxer.hikari.HikariDataSource - HikariPool-1 - Start completed.
2020-04-14 22:54:04 [http-nio-8080-exec-2] [DEBUG] o.m.s.t.SpringManagedTransaction - JDBC Connection [HikariProxyConnection@1497998533 wrapping org.postgresql.jdbc.PgConnection@2d0f2e43] will not be managed by Spring
2020-04-14 22:54:04 [http-nio-8080-exec-2] [DEBUG] c.s.adminlte.dao.CompanyDao.getList - ==>  Preparing: SELECT comp_id , comp_nm , comp_contact , comp_email , comp_address , comp_desc , comp_status , comp_create_by , comp_modify_by , comp_create_date , comp_modify_date FROM tb_company WHERE comp_status != ? 
2020-04-14 22:54:04 [http-nio-8080-exec-1] [DEBUG] o.m.s.t.SpringManagedTransaction - JDBC Connection [HikariProxyConnection@1484051568 wrapping org.postgresql.jdbc.PgConnection@42b81148] will not be managed by Spring
2020-04-14 22:54:04 [http-nio-8080-exec-1] [DEBUG] c.s.adminlte.dao.SupplierDao.getList - ==>  Preparing: select ts.sup_id , ts.sup_nm , ts.sup_contact , ts.sup_contact_t , ts.sup_email , ts.sup_desc , ts.sup_status , ts.sup_create_by , ts.sup_create_date , ts.sup_modify_by , ts.sup_modify_date from tb_supplier ts where ts.sup_status != ? 
2020-04-14 22:54:04 [http-nio-8080-exec-1] [DEBUG] c.s.adminlte.dao.SupplierDao.getList - ==> Parameters: 6(String)
2020-04-14 22:54:04 [http-nio-8080-exec-2] [DEBUG] c.s.adminlte.dao.CompanyDao.getList - ==> Parameters: 6(String)
2020-04-14 22:54:04 [http-nio-8080-exec-1] [DEBUG] c.s.adminlte.dao.SupplierDao.getList - <==      Total: 2
2020-04-14 22:54:04 [http-nio-8080-exec-2] [DEBUG] c.s.adminlte.dao.CompanyDao.getList - <==      Total: 7
2020-04-14 22:54:04 [http-nio-8080-exec-1] [DEBUG] org.mybatis.spring.SqlSessionUtils - Closing non transactional SqlSession [org.apache.ibatis.session.defaults.DefaultSqlSession@410530ff]
2020-04-14 22:54:04 [http-nio-8080-exec-2] [DEBUG] org.mybatis.spring.SqlSessionUtils - Closing non transactional SqlSession [org.apache.ibatis.session.defaults.DefaultSqlSession@32e3298c]
2020-04-14 23:14:46 [http-nio-8080-exec-7] [DEBUG] org.mybatis.spring.SqlSessionUtils - Creating a new SqlSession
2020-04-14 23:14:46 [http-nio-8080-exec-8] [DEBUG] org.mybatis.spring.SqlSessionUtils - Creating a new SqlSession
2020-04-14 23:14:48 [http-nio-8080-exec-8] [DEBUG] org.mybatis.spring.SqlSessionUtils - SqlSession [org.apache.ibatis.session.defaults.DefaultSqlSession@1a28c601] was not registered for synchronization because synchronization is not active
2020-04-14 23:14:48 [http-nio-8080-exec-7] [DEBUG] org.mybatis.spring.SqlSessionUtils - SqlSession [org.apache.ibatis.session.defaults.DefaultSqlSession@52410f82] was not registered for synchronization because synchronization is not active
2020-04-14 23:14:48 [http-nio-8080-exec-8] [DEBUG] o.m.s.t.SpringManagedTransaction - JDBC Connection [HikariProxyConnection@351222580 wrapping org.postgresql.jdbc.PgConnection@2d0f2e43] will not be managed by Spring
2020-04-14 23:14:48 [http-nio-8080-exec-8] [DEBUG] c.s.adminlte.dao.CompanyDao.getList - ==>  Preparing: SELECT comp_id , comp_nm , comp_contact , comp_email , comp_address , comp_desc , comp_status , comp_create_by , comp_modify_by , comp_create_date , comp_modify_date FROM tb_company WHERE comp_status != ? 
2020-04-14 23:14:48 [http-nio-8080-exec-7] [DEBUG] o.m.s.t.SpringManagedTransaction - JDBC Connection [HikariProxyConnection@1488545010 wrapping org.postgresql.jdbc.PgConnection@42b81148] will not be managed by Spring
2020-04-14 23:14:48 [http-nio-8080-exec-7] [DEBUG] c.s.adminlte.dao.SupplierDao.getList - ==>  Preparing: select ts.sup_id , ts.sup_nm , ts.sup_contact , ts.sup_contact_t , ts.sup_email , ts.sup_desc , ts.sup_status , ts.sup_create_by , ts.sup_create_date , ts.sup_modify_by , ts.sup_modify_date from tb_supplier ts where ts.sup_status != ? 
2020-04-14 23:14:48 [http-nio-8080-exec-7] [DEBUG] c.s.adminlte.dao.SupplierDao.getList - ==> Parameters: 6(String)
2020-04-14 23:14:48 [http-nio-8080-exec-8] [DEBUG] c.s.adminlte.dao.CompanyDao.getList - ==> Parameters: 6(String)
2020-04-14 23:14:48 [http-nio-8080-exec-7] [DEBUG] c.s.adminlte.dao.SupplierDao.getList - <==      Total: 2
2020-04-14 23:14:48 [http-nio-8080-exec-7] [DEBUG] org.mybatis.spring.SqlSessionUtils - Closing non transactional SqlSession [org.apache.ibatis.session.defaults.DefaultSqlSession@52410f82]
2020-04-14 23:14:48 [http-nio-8080-exec-8] [DEBUG] c.s.adminlte.dao.CompanyDao.getList - <==      Total: 7
2020-04-14 23:14:48 [http-nio-8080-exec-8] [DEBUG] org.mybatis.spring.SqlSessionUtils - Closing non transactional SqlSession [org.apache.ibatis.session.defaults.DefaultSqlSession@1a28c601]
2020-04-14 23:15:05 [http-nio-8080-exec-3] [DEBUG] org.mybatis.spring.SqlSessionUtils - Creating a new SqlSession
2020-04-14 23:15:05 [http-nio-8080-exec-3] [DEBUG] org.mybatis.spring.SqlSessionUtils - SqlSession [org.apache.ibatis.session.defaults.DefaultSqlSession@5f55e163] was not registered for synchronization because synchronization is not active
2020-04-14 23:15:05 [http-nio-8080-exec-3] [DEBUG] o.m.s.t.SpringManagedTransaction - JDBC Connection [HikariProxyConnection@1368528121 wrapping org.postgresql.jdbc.PgConnection@2d0f2e43] will not be managed by Spring
2020-04-14 23:15:05 [http-nio-8080-exec-3] [DEBUG] c.s.adminlte.dao.SupplierDao.getList - ==>  Preparing: select ts.sup_id , ts.sup_nm , ts.sup_contact , ts.sup_contact_t , ts.sup_email , ts.sup_desc , ts.sup_status , ts.sup_create_by , ts.sup_create_date , ts.sup_modify_by , ts.sup_modify_date from tb_supplier ts where ts.sup_status != ? 
2020-04-14 23:15:05 [http-nio-8080-exec-4] [DEBUG] org.mybatis.spring.SqlSessionUtils - Creating a new SqlSession
2020-04-14 23:15:05 [http-nio-8080-exec-4] [DEBUG] org.mybatis.spring.SqlSessionUtils - SqlSession [org.apache.ibatis.session.defaults.DefaultSqlSession@123a3d03] was not registered for synchronization because synchronization is not active
2020-04-14 23:15:05 [http-nio-8080-exec-4] [DEBUG] o.m.s.t.SpringManagedTransaction - JDBC Connection [HikariProxyConnection@486396212 wrapping org.postgresql.jdbc.PgConnection@42b81148] will not be managed by Spring
2020-04-14 23:15:05 [http-nio-8080-exec-4] [DEBUG] c.s.adminlte.dao.CompanyDao.getList - ==>  Preparing: SELECT comp_id , comp_nm , comp_contact , comp_email , comp_address , comp_desc , comp_status , comp_create_by , comp_modify_by , comp_create_date , comp_modify_date FROM tb_company WHERE comp_status != ? 
2020-04-14 23:15:05 [http-nio-8080-exec-3] [DEBUG] c.s.adminlte.dao.SupplierDao.getList - ==> Parameters: 6(String)
2020-04-14 23:15:05 [http-nio-8080-exec-4] [DEBUG] c.s.adminlte.dao.CompanyDao.getList - ==> Parameters: 6(String)
2020-04-14 23:15:05 [http-nio-8080-exec-3] [DEBUG] c.s.adminlte.dao.SupplierDao.getList - <==      Total: 2
2020-04-14 23:15:05 [http-nio-8080-exec-3] [DEBUG] org.mybatis.spring.SqlSessionUtils - Closing non transactional SqlSession [org.apache.ibatis.session.defaults.DefaultSqlSession@5f55e163]
2020-04-14 23:15:05 [http-nio-8080-exec-4] [DEBUG] c.s.adminlte.dao.CompanyDao.getList - <==      Total: 7
2020-04-14 23:15:05 [http-nio-8080-exec-4] [DEBUG] org.mybatis.spring.SqlSessionUtils - Closing non transactional SqlSession [org.apache.ibatis.session.defaults.DefaultSqlSession@123a3d03]
2020-04-14 23:17:32 [http-nio-8080-exec-9] [DEBUG] org.mybatis.spring.SqlSessionUtils - Creating a new SqlSession
2020-04-14 23:17:32 [http-nio-8080-exec-9] [DEBUG] org.mybatis.spring.SqlSessionUtils - SqlSession [org.apache.ibatis.session.defaults.DefaultSqlSession@4738c7e1] was not registered for synchronization because synchronization is not active
2020-04-14 23:17:32 [http-nio-8080-exec-9] [DEBUG] o.m.s.t.SpringManagedTransaction - JDBC Connection [HikariProxyConnection@1241461110 wrapping org.postgresql.jdbc.PgConnection@2d0f2e43] will not be managed by Spring
2020-04-14 23:17:32 [http-nio-8080-exec-9] [DEBUG] c.s.adminlte.dao.CompanyDao.getList - ==>  Preparing: SELECT comp_id , comp_nm , comp_contact , comp_email , comp_address , comp_desc , comp_status , comp_create_by , comp_modify_by , comp_create_date , comp_modify_date FROM tb_company WHERE comp_status != ? 
2020-04-14 23:17:32 [http-nio-8080-exec-10] [DEBUG] org.mybatis.spring.SqlSessionUtils - Creating a new SqlSession
2020-04-14 23:17:32 [http-nio-8080-exec-10] [DEBUG] org.mybatis.spring.SqlSessionUtils - SqlSession [org.apache.ibatis.session.defaults.DefaultSqlSession@34b15879] was not registered for synchronization because synchronization is not active
2020-04-14 23:17:32 [http-nio-8080-exec-9] [DEBUG] c.s.adminlte.dao.CompanyDao.getList - ==> Parameters: 6(String)
2020-04-14 23:17:32 [http-nio-8080-exec-10] [DEBUG] o.m.s.t.SpringManagedTransaction - JDBC Connection [HikariProxyConnection@980856991 wrapping org.postgresql.jdbc.PgConnection@42b81148] will not be managed by Spring
2020-04-14 23:17:32 [http-nio-8080-exec-10] [DEBUG] c.s.adminlte.dao.SupplierDao.getList - ==>  Preparing: select ts.sup_id , ts.sup_nm , ts.sup_contact , ts.sup_contact_t , ts.sup_email , ts.sup_desc , ts.sup_status , ts.sup_create_by , ts.sup_create_date , ts.sup_modify_by , ts.sup_modify_date from tb_supplier ts where ts.sup_status != ? 
2020-04-14 23:17:32 [http-nio-8080-exec-10] [DEBUG] c.s.adminlte.dao.SupplierDao.getList - ==> Parameters: 6(String)
2020-04-14 23:17:32 [http-nio-8080-exec-9] [DEBUG] c.s.adminlte.dao.CompanyDao.getList - <==      Total: 7
2020-04-14 23:17:32 [http-nio-8080-exec-10] [DEBUG] c.s.adminlte.dao.SupplierDao.getList - <==      Total: 2
2020-04-14 23:17:32 [http-nio-8080-exec-9] [DEBUG] org.mybatis.spring.SqlSessionUtils - Closing non transactional SqlSession [org.apache.ibatis.session.defaults.DefaultSqlSession@4738c7e1]
2020-04-14 23:17:32 [http-nio-8080-exec-10] [DEBUG] org.mybatis.spring.SqlSessionUtils - Closing non transactional SqlSession [org.apache.ibatis.session.defaults.DefaultSqlSession@34b15879]
2020-04-14 23:18:58 [http-nio-8080-exec-6] [DEBUG] org.mybatis.spring.SqlSessionUtils - Creating a new SqlSession
2020-04-14 23:18:58 [http-nio-8080-exec-6] [DEBUG] org.mybatis.spring.SqlSessionUtils - SqlSession [org.apache.ibatis.session.defaults.DefaultSqlSession@26a9a635] was not registered for synchronization because synchronization is not active
2020-04-14 23:18:58 [http-nio-8080-exec-5] [DEBUG] org.mybatis.spring.SqlSessionUtils - Creating a new SqlSession
2020-04-14 23:18:58 [http-nio-8080-exec-5] [DEBUG] org.mybatis.spring.SqlSessionUtils - SqlSession [org.apache.ibatis.session.defaults.DefaultSqlSession@4dadcc7a] was not registered for synchronization because synchronization is not active
2020-04-14 23:18:58 [http-nio-8080-exec-5] [DEBUG] o.m.s.t.SpringManagedTransaction - JDBC Connection [HikariProxyConnection@1131031487 wrapping org.postgresql.jdbc.PgConnection@42b81148] will not be managed by Spring
2020-04-14 23:18:58 [http-nio-8080-exec-5] [DEBUG] c.s.adminlte.dao.SupplierDao.getList - ==>  Preparing: select ts.sup_id , ts.sup_nm , ts.sup_contact , ts.sup_contact_t , ts.sup_email , ts.sup_desc , ts.sup_status , ts.sup_create_by , ts.sup_create_date , ts.sup_modify_by , ts.sup_modify_date from tb_supplier ts where ts.sup_status != ? 
2020-04-14 23:18:58 [http-nio-8080-exec-5] [DEBUG] c.s.adminlte.dao.SupplierDao.getList - ==> Parameters: 6(String)
2020-04-14 23:18:58 [http-nio-8080-exec-5] [DEBUG] c.s.adminlte.dao.SupplierDao.getList - <==      Total: 2
2020-04-14 23:18:58 [http-nio-8080-exec-5] [DEBUG] org.mybatis.spring.SqlSessionUtils - Closing non transactional SqlSession [org.apache.ibatis.session.defaults.DefaultSqlSession@4dadcc7a]
2020-04-14 23:18:58 [http-nio-8080-exec-6] [DEBUG] o.m.s.t.SpringManagedTransaction - JDBC Connection [HikariProxyConnection@743558469 wrapping org.postgresql.jdbc.PgConnection@2d0f2e43] will not be managed by Spring
2020-04-14 23:18:58 [http-nio-8080-exec-6] [DEBUG] c.s.adminlte.dao.CompanyDao.getList - ==>  Preparing: SELECT comp_id , comp_nm , comp_contact , comp_email , comp_address , comp_desc , comp_status , comp_create_by , comp_modify_by , comp_create_date , comp_modify_date FROM tb_company WHERE comp_status != ? 
2020-04-14 23:18:58 [http-nio-8080-exec-6] [DEBUG] c.s.adminlte.dao.CompanyDao.getList - ==> Parameters: 6(String)
2020-04-14 23:18:58 [http-nio-8080-exec-6] [DEBUG] c.s.adminlte.dao.CompanyDao.getList - <==      Total: 7
2020-04-14 23:18:58 [http-nio-8080-exec-6] [DEBUG] org.mybatis.spring.SqlSessionUtils - Closing non transactional SqlSession [org.apache.ibatis.session.defaults.DefaultSqlSession@26a9a635]
2020-04-14 23:23:00 [http-nio-8080-exec-2] [DEBUG] org.mybatis.spring.SqlSessionUtils - Creating a new SqlSession
2020-04-14 23:23:00 [http-nio-8080-exec-2] [DEBUG] org.mybatis.spring.SqlSessionUtils - SqlSession [org.apache.ibatis.session.defaults.DefaultSqlSession@3889be76] was not registered for synchronization because synchronization is not active
2020-04-14 23:23:00 [http-nio-8080-exec-1] [DEBUG] org.mybatis.spring.SqlSessionUtils - Creating a new SqlSession
2020-04-14 23:23:00 [http-nio-8080-exec-1] [DEBUG] org.mybatis.spring.SqlSessionUtils - SqlSession [org.apache.ibatis.session.defaults.DefaultSqlSession@5fc7282] was not registered for synchronization because synchronization is not active
2020-04-14 23:23:00 [http-nio-8080-exec-1] [DEBUG] o.m.s.t.SpringManagedTransaction - JDBC Connection [HikariProxyConnection@1257924139 wrapping org.postgresql.jdbc.PgConnection@42b81148] will not be managed by Spring
2020-04-14 23:23:00 [http-nio-8080-exec-2] [DEBUG] o.m.s.t.SpringManagedTransaction - JDBC Connection [HikariProxyConnection@1065876265 wrapping org.postgresql.jdbc.PgConnection@2d0f2e43] will not be managed by Spring
2020-04-14 23:23:00 [http-nio-8080-exec-1] [DEBUG] c.s.adminlte.dao.SupplierDao.getList - ==>  Preparing: select ts.sup_id , ts.sup_nm , ts.sup_contact , ts.sup_contact_t , ts.sup_email , ts.sup_desc , ts.sup_status , ts.sup_create_by , ts.sup_create_date , ts.sup_modify_by , ts.sup_modify_date from tb_supplier ts where ts.sup_status != ? 
2020-04-14 23:23:00 [http-nio-8080-exec-2] [DEBUG] c.s.adminlte.dao.CompanyDao.getList - ==>  Preparing: SELECT comp_id , comp_nm , comp_contact , comp_email , comp_address , comp_desc , comp_status , comp_create_by , comp_modify_by , comp_create_date , comp_modify_date FROM tb_company WHERE comp_status != ? 
2020-04-14 23:23:00 [http-nio-8080-exec-1] [DEBUG] c.s.adminlte.dao.SupplierDao.getList - ==> Parameters: 6(String)
2020-04-14 23:23:00 [http-nio-8080-exec-2] [DEBUG] c.s.adminlte.dao.CompanyDao.getList - ==> Parameters: 6(String)
2020-04-14 23:23:00 [http-nio-8080-exec-1] [DEBUG] c.s.adminlte.dao.SupplierDao.getList - <==      Total: 2
2020-04-14 23:23:00 [http-nio-8080-exec-1] [DEBUG] org.mybatis.spring.SqlSessionUtils - Closing non transactional SqlSession [org.apache.ibatis.session.defaults.DefaultSqlSession@5fc7282]
2020-04-14 23:23:00 [http-nio-8080-exec-2] [DEBUG] c.s.adminlte.dao.CompanyDao.getList - <==      Total: 7
2020-04-14 23:23:00 [http-nio-8080-exec-2] [DEBUG] org.mybatis.spring.SqlSessionUtils - Closing non transactional SqlSession [org.apache.ibatis.session.defaults.DefaultSqlSession@3889be76]
