2020-04-15 00:05:16 [http-nio-8080-exec-5] [DEBUG] org.mybatis.spring.SqlSessionUtils - Creating a new SqlSession
2020-04-15 00:05:16 [http-nio-8080-exec-5] [DEBUG] org.mybatis.spring.SqlSessionUtils - SqlSession [org.apache.ibatis.session.defaults.DefaultSqlSession@35d29558] was not registered for synchronization because synchronization is not active
2020-04-15 00:05:16 [http-nio-8080-exec-5] [DEBUG] o.m.s.t.SpringManagedTransaction - JDBC Connection [HikariProxyConnection@1771984173 wrapping org.postgresql.jdbc.PgConnection@3f5de348] will not be managed by Spring
2020-04-15 00:05:16 [http-nio-8080-exec-5] [DEBUG] c.s.a.d.SubCategoryDetailDao.getList - ==>  Preparing: select tsc.sub_id , tmc.mn_cat_id , tsc.sub_cat_nm , tmc.mn_cat_nm , tsc.sub_cat_desc , tsc.sub_cat_status , tsc.sub_cat_create_by , tsc.sub_cate_create_date , tsc.sub_cat_modify_date , tsc.sub_cat_modify_by from tb_sb_category tsc inner join tb_mn_category tmc on tmc.mn_cat_id = tsc.mn_cate_id where tsc.sub_cat_status != '6' order by tsc.sub_id DESC 
2020-04-15 00:05:16 [http-nio-8080-exec-5] [DEBUG] c.s.a.d.SubCategoryDetailDao.getList - ==> Parameters: 
2020-04-15 00:05:16 [http-nio-8080-exec-5] [DEBUG] c.s.a.d.SubCategoryDetailDao.getList - <==      Total: 8
2020-04-15 00:05:16 [http-nio-8080-exec-5] [DEBUG] org.mybatis.spring.SqlSessionUtils - Closing non transactional SqlSession [org.apache.ibatis.session.defaults.DefaultSqlSession@35d29558]
2020-04-15 00:05:19 [http-nio-8080-exec-8] [DEBUG] org.mybatis.spring.SqlSessionUtils - Creating a new SqlSession
2020-04-15 00:05:19 [http-nio-8080-exec-8] [DEBUG] org.mybatis.spring.SqlSessionUtils - SqlSession [org.apache.ibatis.session.defaults.DefaultSqlSession@5142b5f6] was not registered for synchronization because synchronization is not active
2020-04-15 00:05:19 [http-nio-8080-exec-8] [DEBUG] o.m.s.t.SpringManagedTransaction - JDBC Connection [HikariProxyConnection@1196117686 wrapping org.postgresql.jdbc.PgConnection@3f5de348] will not be managed by Spring
2020-04-15 00:05:19 [http-nio-8080-exec-8] [DEBUG] c.s.a.dao.MainCategoryDao.getList - ==>  Preparing: select tmc.mn_cat_id , tmc.mn_cat_nm , tmc .mn_cat_desc , tmc .mn_cate_status , tmc .mn_cat_create_by , tmc .mn_cat_create_date , tmc .mn_cat_modify_date , tmc .mn_cat_modify_by from tb_mn_category tmc where tmc.mn_cate_status != '6'; 
2020-04-15 00:05:19 [http-nio-8080-exec-8] [DEBUG] c.s.a.dao.MainCategoryDao.getList - ==> Parameters: 
2020-04-15 00:05:19 [http-nio-8080-exec-8] [DEBUG] c.s.a.dao.MainCategoryDao.getList - <==      Total: 1
2020-04-15 00:05:19 [http-nio-8080-exec-8] [DEBUG] org.mybatis.spring.SqlSessionUtils - Closing non transactional SqlSession [org.apache.ibatis.session.defaults.DefaultSqlSession@5142b5f6]
2020-04-15 00:06:13 [http-nio-8080-exec-9] [DEBUG] org.mybatis.spring.SqlSessionUtils - Creating a new SqlSession
2020-04-15 00:06:13 [http-nio-8080-exec-9] [DEBUG] org.mybatis.spring.SqlSessionUtils - SqlSession [org.apache.ibatis.session.defaults.DefaultSqlSession@944e27b] was not registered for synchronization because synchronization is not active
2020-04-15 00:06:13 [http-nio-8080-exec-9] [DEBUG] o.m.s.t.SpringManagedTransaction - JDBC Connection [HikariProxyConnection@956307108 wrapping org.postgresql.jdbc.PgConnection@3f5de348] will not be managed by Spring
2020-04-15 00:06:13 [http-nio-8080-exec-9] [DEBUG] c.s.a.d.SubCategoryDetailDao.getList - ==>  Preparing: select tsc.sub_id , tmc.mn_cat_id , tsc.sub_cat_nm , tmc.mn_cat_nm , tsc.sub_cat_desc , tsc.sub_cat_status , tsc.sub_cat_create_by , tsc.sub_cate_create_date , tsc.sub_cat_modify_date , tsc.sub_cat_modify_by from tb_sb_category tsc inner join tb_mn_category tmc on tmc.mn_cat_id = tsc.mn_cate_id where tsc.sub_cat_status != '6' order by tsc.sub_id DESC 
2020-04-15 00:06:13 [http-nio-8080-exec-9] [DEBUG] c.s.a.d.SubCategoryDetailDao.getList - ==> Parameters: 
2020-04-15 00:06:13 [http-nio-8080-exec-9] [DEBUG] c.s.a.d.SubCategoryDetailDao.getList - <==      Total: 8
2020-04-15 00:06:13 [http-nio-8080-exec-9] [DEBUG] org.mybatis.spring.SqlSessionUtils - Closing non transactional SqlSession [org.apache.ibatis.session.defaults.DefaultSqlSession@944e27b]
2020-04-15 00:08:00 [http-nio-8080-exec-3] [DEBUG] org.mybatis.spring.SqlSessionUtils - Creating a new SqlSession
2020-04-15 00:08:00 [http-nio-8080-exec-3] [DEBUG] org.mybatis.spring.SqlSessionUtils - SqlSession [org.apache.ibatis.session.defaults.DefaultSqlSession@1db67713] was not registered for synchronization because synchronization is not active
2020-04-15 00:08:00 [http-nio-8080-exec-3] [DEBUG] o.m.s.t.SpringManagedTransaction - JDBC Connection [HikariProxyConnection@1959722428 wrapping org.postgresql.jdbc.PgConnection@3f5de348] will not be managed by Spring
2020-04-15 00:08:00 [http-nio-8080-exec-3] [DEBUG] c.s.a.d.SubCategoryDetailDao.getList - ==>  Preparing: select tsc.sub_id , tmc.mn_cat_id , tsc.sub_cat_nm , tmc.mn_cat_nm , tsc.sub_cat_desc , tsc.sub_cat_status , tsc.sub_cat_create_by , tsc.sub_cate_create_date , tsc.sub_cat_modify_date , tsc.sub_cat_modify_by from tb_sb_category tsc inner join tb_mn_category tmc on tmc.mn_cat_id = tsc.mn_cate_id where tsc.sub_cat_status != '6' order by tsc.sub_id DESC 
2020-04-15 00:08:00 [http-nio-8080-exec-3] [DEBUG] c.s.a.d.SubCategoryDetailDao.getList - ==> Parameters: 
2020-04-15 00:08:00 [http-nio-8080-exec-3] [DEBUG] c.s.a.d.SubCategoryDetailDao.getList - <==      Total: 8
2020-04-15 00:08:00 [http-nio-8080-exec-3] [DEBUG] org.mybatis.spring.SqlSessionUtils - Closing non transactional SqlSession [org.apache.ibatis.session.defaults.DefaultSqlSession@1db67713]
2020-04-15 00:08:07 [http-nio-8080-exec-5] [DEBUG] org.mybatis.spring.SqlSessionUtils - Creating a new SqlSession
2020-04-15 00:08:07 [http-nio-8080-exec-5] [DEBUG] org.mybatis.spring.SqlSessionUtils - SqlSession [org.apache.ibatis.session.defaults.DefaultSqlSession@49214521] was not registered for synchronization because synchronization is not active
2020-04-15 00:08:07 [http-nio-8080-exec-5] [DEBUG] o.m.s.t.SpringManagedTransaction - JDBC Connection [HikariProxyConnection@917243171 wrapping org.postgresql.jdbc.PgConnection@3f5de348] will not be managed by Spring
2020-04-15 00:08:07 [http-nio-8080-exec-5] [DEBUG] c.s.a.dao.MainCategoryDao.getList - ==>  Preparing: select tmc.mn_cat_id , tmc.mn_cat_nm , tmc .mn_cat_desc , tmc .mn_cate_status , tmc .mn_cat_create_by , tmc .mn_cat_create_date , tmc .mn_cat_modify_date , tmc .mn_cat_modify_by from tb_mn_category tmc where tmc.mn_cate_status != '6'; 
2020-04-15 00:08:07 [http-nio-8080-exec-5] [DEBUG] c.s.a.dao.MainCategoryDao.getList - ==> Parameters: 
2020-04-15 00:08:07 [http-nio-8080-exec-5] [DEBUG] c.s.a.dao.MainCategoryDao.getList - <==      Total: 1
2020-04-15 00:08:07 [http-nio-8080-exec-5] [DEBUG] org.mybatis.spring.SqlSessionUtils - Closing non transactional SqlSession [org.apache.ibatis.session.defaults.DefaultSqlSession@49214521]
2020-04-15 00:09:33 [http-nio-8080-exec-7] [DEBUG] org.mybatis.spring.SqlSessionUtils - Creating a new SqlSession
2020-04-15 00:09:33 [http-nio-8080-exec-7] [DEBUG] org.mybatis.spring.SqlSessionUtils - SqlSession [org.apache.ibatis.session.defaults.DefaultSqlSession@2c6ca8c1] was not registered for synchronization because synchronization is not active
2020-04-15 00:09:33 [http-nio-8080-exec-7] [DEBUG] o.m.s.t.SpringManagedTransaction - JDBC Connection [HikariProxyConnection@1071761226 wrapping org.postgresql.jdbc.PgConnection@3f5de348] will not be managed by Spring
2020-04-15 00:09:33 [http-nio-8080-exec-7] [DEBUG] c.s.a.d.SubCategoryDetailDao.getList - ==>  Preparing: select tsc.sub_id , tmc.mn_cat_id , tsc.sub_cat_nm , tmc.mn_cat_nm , tsc.sub_cat_desc , tsc.sub_cat_status , tsc.sub_cat_create_by , tsc.sub_cate_create_date , tsc.sub_cat_modify_date , tsc.sub_cat_modify_by from tb_sb_category tsc inner join tb_mn_category tmc on tmc.mn_cat_id = tsc.mn_cate_id where tsc.sub_cat_status != '6' order by tsc.sub_id DESC 
2020-04-15 00:09:33 [http-nio-8080-exec-7] [DEBUG] c.s.a.d.SubCategoryDetailDao.getList - ==> Parameters: 
2020-04-15 00:09:33 [http-nio-8080-exec-7] [DEBUG] c.s.a.d.SubCategoryDetailDao.getList - <==      Total: 8
2020-04-15 00:09:33 [http-nio-8080-exec-7] [DEBUG] org.mybatis.spring.SqlSessionUtils - Closing non transactional SqlSession [org.apache.ibatis.session.defaults.DefaultSqlSession@2c6ca8c1]
2020-04-15 00:10:27 [http-nio-8080-exec-2] [DEBUG] org.mybatis.spring.SqlSessionUtils - Creating a new SqlSession
2020-04-15 00:10:27 [http-nio-8080-exec-2] [DEBUG] org.mybatis.spring.SqlSessionUtils - SqlSession [org.apache.ibatis.session.defaults.DefaultSqlSession@7c282b33] was not registered for synchronization because synchronization is not active
2020-04-15 00:10:27 [http-nio-8080-exec-2] [DEBUG] o.m.s.t.SpringManagedTransaction - JDBC Connection [HikariProxyConnection@161960142 wrapping org.postgresql.jdbc.PgConnection@3f5de348] will not be managed by Spring
2020-04-15 00:10:27 [http-nio-8080-exec-2] [DEBUG] c.s.a.d.SubCategoryDetailDao.getList - ==>  Preparing: select tsc.sub_id , tmc.mn_cat_id , tsc.sub_cat_nm , tmc.mn_cat_nm , tsc.sub_cat_desc , tsc.sub_cat_status , tsc.sub_cat_create_by , tsc.sub_cate_create_date , tsc.sub_cat_modify_date , tsc.sub_cat_modify_by from tb_sb_category tsc inner join tb_mn_category tmc on tmc.mn_cat_id = tsc.mn_cate_id where tsc.sub_cat_status != '6' order by tsc.sub_id DESC 
2020-04-15 00:10:27 [http-nio-8080-exec-2] [DEBUG] c.s.a.d.SubCategoryDetailDao.getList - ==> Parameters: 
2020-04-15 00:10:27 [http-nio-8080-exec-2] [DEBUG] c.s.a.d.SubCategoryDetailDao.getList - <==      Total: 8
2020-04-15 00:10:27 [http-nio-8080-exec-2] [DEBUG] org.mybatis.spring.SqlSessionUtils - Closing non transactional SqlSession [org.apache.ibatis.session.defaults.DefaultSqlSession@7c282b33]
2020-04-15 00:10:58 [http-nio-8080-exec-4] [DEBUG] org.mybatis.spring.SqlSessionUtils - Creating a new SqlSession
2020-04-15 00:10:58 [http-nio-8080-exec-4] [DEBUG] org.mybatis.spring.SqlSessionUtils - SqlSession [org.apache.ibatis.session.defaults.DefaultSqlSession@7a27b74e] was not registered for synchronization because synchronization is not active
2020-04-15 00:10:58 [http-nio-8080-exec-4] [DEBUG] o.m.s.t.SpringManagedTransaction - JDBC Connection [HikariProxyConnection@1670865405 wrapping org.postgresql.jdbc.PgConnection@3f5de348] will not be managed by Spring
2020-04-15 00:10:58 [http-nio-8080-exec-4] [DEBUG] c.s.a.d.SubCategoryDetailDao.getList - ==>  Preparing: select tsc.sub_id , tmc.mn_cat_id , tsc.sub_cat_nm , tmc.mn_cat_nm , tsc.sub_cat_desc , tsc.sub_cat_status , tsc.sub_cat_create_by , tsc.sub_cate_create_date , tsc.sub_cat_modify_date , tsc.sub_cat_modify_by from tb_sb_category tsc inner join tb_mn_category tmc on tmc.mn_cat_id = tsc.mn_cate_id where tsc.sub_cat_status != '6' order by tsc.sub_id DESC 
2020-04-15 00:10:58 [http-nio-8080-exec-4] [DEBUG] c.s.a.d.SubCategoryDetailDao.getList - ==> Parameters: 
2020-04-15 00:10:58 [http-nio-8080-exec-4] [DEBUG] c.s.a.d.SubCategoryDetailDao.getList - <==      Total: 8
2020-04-15 00:10:58 [http-nio-8080-exec-4] [DEBUG] org.mybatis.spring.SqlSessionUtils - Closing non transactional SqlSession [org.apache.ibatis.session.defaults.DefaultSqlSession@7a27b74e]
2020-04-15 00:11:17 [http-nio-8080-exec-8] [DEBUG] org.mybatis.spring.SqlSessionUtils - Creating a new SqlSession
2020-04-15 00:11:17 [http-nio-8080-exec-8] [DEBUG] org.mybatis.spring.SqlSessionUtils - SqlSession [org.apache.ibatis.session.defaults.DefaultSqlSession@3973c64c] was not registered for synchronization because synchronization is not active
2020-04-15 00:11:17 [http-nio-8080-exec-8] [DEBUG] o.m.s.t.SpringManagedTransaction - JDBC Connection [HikariProxyConnection@1254049398 wrapping org.postgresql.jdbc.PgConnection@3f5de348] will not be managed by Spring
2020-04-15 00:11:17 [http-nio-8080-exec-8] [DEBUG] c.s.a.d.SubCategoryDetailDao.getList - ==>  Preparing: select tsc.sub_id , tmc.mn_cat_id , tsc.sub_cat_nm , tmc.mn_cat_nm , tsc.sub_cat_desc , tsc.sub_cat_status , tsc.sub_cat_create_by , tsc.sub_cate_create_date , tsc.sub_cat_modify_date , tsc.sub_cat_modify_by from tb_sb_category tsc inner join tb_mn_category tmc on tmc.mn_cat_id = tsc.mn_cate_id where tsc.sub_cat_status != '6' order by tsc.sub_id DESC 
2020-04-15 00:11:17 [http-nio-8080-exec-8] [DEBUG] c.s.a.d.SubCategoryDetailDao.getList - ==> Parameters: 
2020-04-15 00:11:17 [http-nio-8080-exec-8] [DEBUG] c.s.a.d.SubCategoryDetailDao.getList - <==      Total: 8
2020-04-15 00:11:17 [http-nio-8080-exec-8] [DEBUG] org.mybatis.spring.SqlSessionUtils - Closing non transactional SqlSession [org.apache.ibatis.session.defaults.DefaultSqlSession@3973c64c]
2020-04-15 00:11:20 [http-nio-8080-exec-9] [DEBUG] org.mybatis.spring.SqlSessionUtils - Creating a new SqlSession
2020-04-15 00:11:20 [http-nio-8080-exec-9] [DEBUG] org.mybatis.spring.SqlSessionUtils - SqlSession [org.apache.ibatis.session.defaults.DefaultSqlSession@77d09519] was not registered for synchronization because synchronization is not active
2020-04-15 00:11:20 [http-nio-8080-exec-9] [DEBUG] o.m.s.t.SpringManagedTransaction - JDBC Connection [HikariProxyConnection@1256080186 wrapping org.postgresql.jdbc.PgConnection@3f5de348] will not be managed by Spring
2020-04-15 00:11:20 [http-nio-8080-exec-9] [DEBUG] c.s.a.dao.MainCategoryDao.getList - ==>  Preparing: select tmc.mn_cat_id , tmc.mn_cat_nm , tmc .mn_cat_desc , tmc .mn_cate_status , tmc .mn_cat_create_by , tmc .mn_cat_create_date , tmc .mn_cat_modify_date , tmc .mn_cat_modify_by from tb_mn_category tmc where tmc.mn_cate_status != '6'; 
2020-04-15 00:11:20 [http-nio-8080-exec-9] [DEBUG] c.s.a.dao.MainCategoryDao.getList - ==> Parameters: 
2020-04-15 00:11:20 [http-nio-8080-exec-9] [DEBUG] c.s.a.dao.MainCategoryDao.getList - <==      Total: 1
2020-04-15 00:11:20 [http-nio-8080-exec-9] [DEBUG] org.mybatis.spring.SqlSessionUtils - Closing non transactional SqlSession [org.apache.ibatis.session.defaults.DefaultSqlSession@77d09519]
2020-04-15 00:12:15 [http-nio-8080-exec-3] [DEBUG] org.mybatis.spring.SqlSessionUtils - Creating a new SqlSession
2020-04-15 00:12:15 [http-nio-8080-exec-3] [DEBUG] org.mybatis.spring.SqlSessionUtils - SqlSession [org.apache.ibatis.session.defaults.DefaultSqlSession@711778b2] was not registered for synchronization because synchronization is not active
2020-04-15 00:12:15 [http-nio-8080-exec-3] [DEBUG] o.m.s.t.SpringManagedTransaction - JDBC Connection [HikariProxyConnection@1618339982 wrapping org.postgresql.jdbc.PgConnection@3f5de348] will not be managed by Spring
2020-04-15 00:12:15 [http-nio-8080-exec-3] [DEBUG] c.s.a.d.SubCategoryDetailDao.getList - ==>  Preparing: select tsc.sub_id , tmc.mn_cat_id , tsc.sub_cat_nm , tmc.mn_cat_nm , tsc.sub_cat_desc , tsc.sub_cat_status , tsc.sub_cat_create_by , tsc.sub_cate_create_date , tsc.sub_cat_modify_date , tsc.sub_cat_modify_by from tb_sb_category tsc inner join tb_mn_category tmc on tmc.mn_cat_id = tsc.mn_cate_id where tsc.sub_cat_status != '6' order by tsc.sub_id DESC 
2020-04-15 00:12:15 [http-nio-8080-exec-3] [DEBUG] c.s.a.d.SubCategoryDetailDao.getList - ==> Parameters: 
2020-04-15 00:12:15 [http-nio-8080-exec-3] [DEBUG] c.s.a.d.SubCategoryDetailDao.getList - <==      Total: 8
2020-04-15 00:12:15 [http-nio-8080-exec-3] [DEBUG] org.mybatis.spring.SqlSessionUtils - Closing non transactional SqlSession [org.apache.ibatis.session.defaults.DefaultSqlSession@711778b2]
2020-04-15 00:12:22 [http-nio-8080-exec-6] [DEBUG] org.mybatis.spring.SqlSessionUtils - Creating a new SqlSession
2020-04-15 00:12:22 [http-nio-8080-exec-6] [DEBUG] org.mybatis.spring.SqlSessionUtils - SqlSession [org.apache.ibatis.session.defaults.DefaultSqlSession@695346ab] was not registered for synchronization because synchronization is not active
2020-04-15 00:12:22 [http-nio-8080-exec-6] [DEBUG] o.m.s.t.SpringManagedTransaction - JDBC Connection [HikariProxyConnection@35708346 wrapping org.postgresql.jdbc.PgConnection@3f5de348] will not be managed by Spring
2020-04-15 00:12:22 [http-nio-8080-exec-6] [DEBUG] c.s.a.d.SubCategoryDetailDao.getList - ==>  Preparing: select tsc.sub_id , tmc.mn_cat_id , tsc.sub_cat_nm , tmc.mn_cat_nm , tsc.sub_cat_desc , tsc.sub_cat_status , tsc.sub_cat_create_by , tsc.sub_cate_create_date , tsc.sub_cat_modify_date , tsc.sub_cat_modify_by from tb_sb_category tsc inner join tb_mn_category tmc on tmc.mn_cat_id = tsc.mn_cate_id where tsc.sub_cat_status != '6' order by tsc.sub_id DESC 
2020-04-15 00:12:22 [http-nio-8080-exec-6] [DEBUG] c.s.a.d.SubCategoryDetailDao.getList - ==> Parameters: 
2020-04-15 00:12:22 [http-nio-8080-exec-6] [DEBUG] c.s.a.d.SubCategoryDetailDao.getList - <==      Total: 8
2020-04-15 00:12:22 [http-nio-8080-exec-6] [DEBUG] org.mybatis.spring.SqlSessionUtils - Closing non transactional SqlSession [org.apache.ibatis.session.defaults.DefaultSqlSession@695346ab]
2020-04-15 00:12:29 [http-nio-8080-exec-7] [DEBUG] org.mybatis.spring.SqlSessionUtils - Creating a new SqlSession
2020-04-15 00:12:29 [http-nio-8080-exec-7] [DEBUG] org.mybatis.spring.SqlSessionUtils - SqlSession [org.apache.ibatis.session.defaults.DefaultSqlSession@7d940ece] was not registered for synchronization because synchronization is not active
2020-04-15 00:12:29 [http-nio-8080-exec-7] [DEBUG] o.m.s.t.SpringManagedTransaction - JDBC Connection [HikariProxyConnection@1550598223 wrapping org.postgresql.jdbc.PgConnection@3f5de348] will not be managed by Spring
2020-04-15 00:12:29 [http-nio-8080-exec-7] [DEBUG] c.s.a.d.SubCategoryDetailDao.getList - ==>  Preparing: select tsc.sub_id , tmc.mn_cat_id , tsc.sub_cat_nm , tmc.mn_cat_nm , tsc.sub_cat_desc , tsc.sub_cat_status , tsc.sub_cat_create_by , tsc.sub_cate_create_date , tsc.sub_cat_modify_date , tsc.sub_cat_modify_by from tb_sb_category tsc inner join tb_mn_category tmc on tmc.mn_cat_id = tsc.mn_cate_id where tsc.sub_cat_status != '6' order by tsc.sub_id DESC 
2020-04-15 00:12:29 [http-nio-8080-exec-7] [DEBUG] c.s.a.d.SubCategoryDetailDao.getList - ==> Parameters: 
2020-04-15 00:12:29 [http-nio-8080-exec-7] [DEBUG] c.s.a.d.SubCategoryDetailDao.getList - <==      Total: 8
2020-04-15 00:12:29 [http-nio-8080-exec-7] [DEBUG] org.mybatis.spring.SqlSessionUtils - Closing non transactional SqlSession [org.apache.ibatis.session.defaults.DefaultSqlSession@7d940ece]
2020-04-15 00:12:36 [http-nio-8080-exec-2] [DEBUG] org.mybatis.spring.SqlSessionUtils - Creating a new SqlSession
2020-04-15 00:12:36 [http-nio-8080-exec-2] [DEBUG] org.mybatis.spring.SqlSessionUtils - SqlSession [org.apache.ibatis.session.defaults.DefaultSqlSession@3f0f4d12] was not registered for synchronization because synchronization is not active
2020-04-15 00:12:36 [http-nio-8080-exec-2] [DEBUG] o.m.s.t.SpringManagedTransaction - JDBC Connection [HikariProxyConnection@37984371 wrapping org.postgresql.jdbc.PgConnection@3f5de348] will not be managed by Spring
2020-04-15 00:12:36 [http-nio-8080-exec-2] [DEBUG] c.s.a.d.SubCategoryDetailDao.getList - ==>  Preparing: select tsc.sub_id , tmc.mn_cat_id , tsc.sub_cat_nm , tmc.mn_cat_nm , tsc.sub_cat_desc , tsc.sub_cat_status , tsc.sub_cat_create_by , tsc.sub_cate_create_date , tsc.sub_cat_modify_date , tsc.sub_cat_modify_by from tb_sb_category tsc inner join tb_mn_category tmc on tmc.mn_cat_id = tsc.mn_cate_id where tsc.sub_cat_status != '6' order by tsc.sub_id DESC 
2020-04-15 00:12:36 [http-nio-8080-exec-2] [DEBUG] c.s.a.d.SubCategoryDetailDao.getList - ==> Parameters: 
2020-04-15 00:12:36 [http-nio-8080-exec-2] [DEBUG] c.s.a.d.SubCategoryDetailDao.getList - <==      Total: 8
2020-04-15 00:12:36 [http-nio-8080-exec-2] [DEBUG] org.mybatis.spring.SqlSessionUtils - Closing non transactional SqlSession [org.apache.ibatis.session.defaults.DefaultSqlSession@3f0f4d12]
2020-04-15 00:12:37 [http-nio-8080-exec-3] [DEBUG] org.mybatis.spring.SqlSessionUtils - Creating a new SqlSession
2020-04-15 00:12:37 [http-nio-8080-exec-3] [DEBUG] org.mybatis.spring.SqlSessionUtils - SqlSession [org.apache.ibatis.session.defaults.DefaultSqlSession@3ee2fd25] was not registered for synchronization because synchronization is not active
2020-04-15 00:12:37 [http-nio-8080-exec-3] [DEBUG] o.m.s.t.SpringManagedTransaction - JDBC Connection [HikariProxyConnection@146673143 wrapping org.postgresql.jdbc.PgConnection@3f5de348] will not be managed by Spring
2020-04-15 00:12:37 [http-nio-8080-exec-3] [DEBUG] c.s.a.dao.MainCategoryDao.getList - ==>  Preparing: select tmc.mn_cat_id , tmc.mn_cat_nm , tmc .mn_cat_desc , tmc .mn_cate_status , tmc .mn_cat_create_by , tmc .mn_cat_create_date , tmc .mn_cat_modify_date , tmc .mn_cat_modify_by from tb_mn_category tmc where tmc.mn_cate_status != '6'; 
2020-04-15 00:12:37 [http-nio-8080-exec-3] [DEBUG] c.s.a.dao.MainCategoryDao.getList - ==> Parameters: 
2020-04-15 00:12:37 [http-nio-8080-exec-3] [DEBUG] c.s.a.dao.MainCategoryDao.getList - <==      Total: 1
2020-04-15 00:12:37 [http-nio-8080-exec-3] [DEBUG] org.mybatis.spring.SqlSessionUtils - Closing non transactional SqlSession [org.apache.ibatis.session.defaults.DefaultSqlSession@3ee2fd25]
2020-04-15 00:13:58 [http-nio-8080-exec-6] [DEBUG] org.mybatis.spring.SqlSessionUtils - Creating a new SqlSession
2020-04-15 00:13:58 [http-nio-8080-exec-6] [DEBUG] org.mybatis.spring.SqlSessionUtils - SqlSession [org.apache.ibatis.session.defaults.DefaultSqlSession@58700ba2] was not registered for synchronization because synchronization is not active
2020-04-15 00:13:58 [http-nio-8080-exec-6] [DEBUG] o.m.s.t.SpringManagedTransaction - JDBC Connection [HikariProxyConnection@2062142988 wrapping org.postgresql.jdbc.PgConnection@3f5de348] will not be managed by Spring
2020-04-15 00:13:58 [http-nio-8080-exec-6] [DEBUG] c.s.a.d.SubCategoryDetailDao.getList - ==>  Preparing: select tsc.sub_id , tmc.mn_cat_id , tsc.sub_cat_nm , tmc.mn_cat_nm , tsc.sub_cat_desc , tsc.sub_cat_status , tsc.sub_cat_create_by , tsc.sub_cate_create_date , tsc.sub_cat_modify_date , tsc.sub_cat_modify_by from tb_sb_category tsc inner join tb_mn_category tmc on tmc.mn_cat_id = tsc.mn_cate_id where tsc.sub_cat_status != '6' order by tsc.sub_id DESC 
2020-04-15 00:13:58 [http-nio-8080-exec-6] [DEBUG] c.s.a.d.SubCategoryDetailDao.getList - ==> Parameters: 
2020-04-15 00:13:58 [http-nio-8080-exec-6] [DEBUG] c.s.a.d.SubCategoryDetailDao.getList - <==      Total: 8
2020-04-15 00:13:58 [http-nio-8080-exec-6] [DEBUG] org.mybatis.spring.SqlSessionUtils - Closing non transactional SqlSession [org.apache.ibatis.session.defaults.DefaultSqlSession@58700ba2]
2020-04-15 00:13:59 [http-nio-8080-exec-7] [DEBUG] org.mybatis.spring.SqlSessionUtils - Creating a new SqlSession
2020-04-15 00:13:59 [http-nio-8080-exec-7] [DEBUG] org.mybatis.spring.SqlSessionUtils - SqlSession [org.apache.ibatis.session.defaults.DefaultSqlSession@150fc1a3] was not registered for synchronization because synchronization is not active
2020-04-15 00:13:59 [http-nio-8080-exec-7] [DEBUG] o.m.s.t.SpringManagedTransaction - JDBC Connection [HikariProxyConnection@619024351 wrapping org.postgresql.jdbc.PgConnection@3f5de348] will not be managed by Spring
2020-04-15 00:13:59 [http-nio-8080-exec-7] [DEBUG] c.s.a.dao.MainCategoryDao.getList - ==>  Preparing: select tmc.mn_cat_id , tmc.mn_cat_nm , tmc .mn_cat_desc , tmc .mn_cate_status , tmc .mn_cat_create_by , tmc .mn_cat_create_date , tmc .mn_cat_modify_date , tmc .mn_cat_modify_by from tb_mn_category tmc where tmc.mn_cate_status != '6'; 
2020-04-15 00:13:59 [http-nio-8080-exec-7] [DEBUG] c.s.a.dao.MainCategoryDao.getList - ==> Parameters: 
2020-04-15 00:13:59 [http-nio-8080-exec-7] [DEBUG] c.s.a.dao.MainCategoryDao.getList - <==      Total: 1
2020-04-15 00:13:59 [http-nio-8080-exec-7] [DEBUG] org.mybatis.spring.SqlSessionUtils - Closing non transactional SqlSession [org.apache.ibatis.session.defaults.DefaultSqlSession@150fc1a3]
2020-04-15 22:07:54 [restartedMain] [INFO] c.s.adminlte.AdminlteApplication - Starting AdminlteApplication on DESKTOP-SSTPOFF with PID 9760 (D:\Projects\adminlte\out\production\classes started by Eanda in D:\Projects\adminlte)
2020-04-15 22:07:54 [restartedMain] [DEBUG] c.s.adminlte.AdminlteApplication - Running with Spring Boot v2.2.4.RELEASE, Spring v5.2.3.RELEASE
2020-04-15 22:07:54 [restartedMain] [INFO] c.s.adminlte.AdminlteApplication - No active profile set, falling back to default profiles: default
2020-04-15 22:07:54 [restartedMain] [INFO] o.s.b.d.e.DevToolsPropertyDefaultsPostProcessor - Devtools property defaults active! Set 'spring.devtools.add-properties' to 'false' to disable
2020-04-15 22:07:54 [restartedMain] [INFO] o.s.b.d.e.DevToolsPropertyDefaultsPostProcessor - For additional web related logging consider setting the 'logging.level.web' property to 'DEBUG'
2020-04-15 22:07:57 [restartedMain] [DEBUG] o.m.s.b.a.MybatisAutoConfiguration - Searching for mappers annotated with @Mapper
2020-04-15 22:07:57 [restartedMain] [DEBUG] o.m.s.b.a.MybatisAutoConfiguration - Using auto-configuration base package 'com.spring.adminlte'
2020-04-15 22:07:57 [restartedMain] [INFO] o.s.d.r.c.RepositoryConfigurationDelegate - Bootstrapping Spring Data JDBC repositories in DEFAULT mode.
2020-04-15 22:07:57 [restartedMain] [INFO] o.s.d.r.c.RepositoryConfigurationDelegate - Finished Spring Data repository scanning in 29ms. Found 0 JDBC repository interfaces.
2020-04-15 22:07:58 [restartedMain] [DEBUG] o.m.s.mapper.ClassPathMapperScanner - Identified candidate component class: file [D:\Projects\adminlte\out\production\classes\com\spring\adminlte\dao\CompanyDao.class]
2020-04-15 22:07:58 [restartedMain] [DEBUG] o.m.s.mapper.ClassPathMapperScanner - Identified candidate component class: file [D:\Projects\adminlte\out\production\classes\com\spring\adminlte\dao\MainCategoryDao.class]
2020-04-15 22:07:58 [restartedMain] [DEBUG] o.m.s.mapper.ClassPathMapperScanner - Identified candidate component class: file [D:\Projects\adminlte\out\production\classes\com\spring\adminlte\dao\ProductDao.class]
2020-04-15 22:07:58 [restartedMain] [DEBUG] o.m.s.mapper.ClassPathMapperScanner - Identified candidate component class: file [D:\Projects\adminlte\out\production\classes\com\spring\adminlte\dao\SubCategoryDao.class]
2020-04-15 22:07:58 [restartedMain] [DEBUG] o.m.s.mapper.ClassPathMapperScanner - Identified candidate component class: file [D:\Projects\adminlte\out\production\classes\com\spring\adminlte\dao\SubCategoryDetailDao.class]
2020-04-15 22:07:58 [restartedMain] [DEBUG] o.m.s.mapper.ClassPathMapperScanner - Identified candidate component class: file [D:\Projects\adminlte\out\production\classes\com\spring\adminlte\dao\SupplierDao.class]
2020-04-15 22:07:58 [restartedMain] [DEBUG] o.m.s.mapper.ClassPathMapperScanner - Creating MapperFactoryBean with name 'companyDao' and 'com.spring.adminlte.dao.CompanyDao' mapperInterface
2020-04-15 22:07:58 [restartedMain] [DEBUG] o.m.s.mapper.ClassPathMapperScanner - Enabling autowire by type for MapperFactoryBean with name 'companyDao'.
2020-04-15 22:07:58 [restartedMain] [DEBUG] o.m.s.mapper.ClassPathMapperScanner - Creating MapperFactoryBean with name 'mainCategoryDao' and 'com.spring.adminlte.dao.MainCategoryDao' mapperInterface
2020-04-15 22:07:58 [restartedMain] [DEBUG] o.m.s.mapper.ClassPathMapperScanner - Enabling autowire by type for MapperFactoryBean with name 'mainCategoryDao'.
2020-04-15 22:07:58 [restartedMain] [DEBUG] o.m.s.mapper.ClassPathMapperScanner - Creating MapperFactoryBean with name 'productDao' and 'com.spring.adminlte.dao.ProductDao' mapperInterface
2020-04-15 22:07:58 [restartedMain] [DEBUG] o.m.s.mapper.ClassPathMapperScanner - Enabling autowire by type for MapperFactoryBean with name 'productDao'.
2020-04-15 22:07:58 [restartedMain] [DEBUG] o.m.s.mapper.ClassPathMapperScanner - Creating MapperFactoryBean with name 'subCategoryDao' and 'com.spring.adminlte.dao.SubCategoryDao' mapperInterface
2020-04-15 22:07:58 [restartedMain] [DEBUG] o.m.s.mapper.ClassPathMapperScanner - Enabling autowire by type for MapperFactoryBean with name 'subCategoryDao'.
2020-04-15 22:07:58 [restartedMain] [DEBUG] o.m.s.mapper.ClassPathMapperScanner - Creating MapperFactoryBean with name 'subCategoryDetailDao' and 'com.spring.adminlte.dao.SubCategoryDetailDao' mapperInterface
2020-04-15 22:07:58 [restartedMain] [DEBUG] o.m.s.mapper.ClassPathMapperScanner - Enabling autowire by type for MapperFactoryBean with name 'subCategoryDetailDao'.
2020-04-15 22:07:58 [restartedMain] [DEBUG] o.m.s.mapper.ClassPathMapperScanner - Creating MapperFactoryBean with name 'supplierDao' and 'com.spring.adminlte.dao.SupplierDao' mapperInterface
2020-04-15 22:07:58 [restartedMain] [DEBUG] o.m.s.mapper.ClassPathMapperScanner - Enabling autowire by type for MapperFactoryBean with name 'supplierDao'.
2020-04-15 22:07:58 [restartedMain] [INFO] o.s.c.s.PostProcessorRegistrationDelegate$BeanPostProcessorChecker - Bean 'org.springframework.ws.config.annotation.DelegatingWsConfiguration' of type [org.springframework.ws.config.annotation.DelegatingWsConfiguration$$EnhancerBySpringCGLIB$$d8143bbc] is not eligible for getting processed by all BeanPostProcessors (for example: not eligible for auto-proxying)
2020-04-15 22:07:58 [restartedMain] [INFO] o.s.w.s.a.s.AnnotationActionEndpointMapping - Supporting [WS-Addressing August 2004, WS-Addressing 1.0]
2020-04-15 22:07:58 [restartedMain] [INFO] o.s.c.s.PostProcessorRegistrationDelegate$BeanPostProcessorChecker - Bean 'org.springframework.transaction.annotation.ProxyTransactionManagementConfiguration' of type [org.springframework.transaction.annotation.ProxyTransactionManagementConfiguration] is not eligible for getting processed by all BeanPostProcessors (for example: not eligible for auto-proxying)
2020-04-15 22:07:59 [restartedMain] [INFO] o.s.b.w.e.tomcat.TomcatWebServer - Tomcat initialized with port(s): 8080 (http)
2020-04-15 22:07:59 [restartedMain] [INFO] o.a.coyote.http11.Http11NioProtocol - Initializing ProtocolHandler ["http-nio-8080"]
2020-04-15 22:07:59 [restartedMain] [INFO] o.a.catalina.core.StandardService - Starting service [Tomcat]
2020-04-15 22:07:59 [restartedMain] [INFO] o.a.catalina.core.StandardEngine - Starting Servlet engine: [Apache Tomcat/9.0.30]
2020-04-15 22:07:59 [restartedMain] [INFO] o.a.c.c.C.[Tomcat].[localhost].[/] - Initializing Spring embedded WebApplicationContext
2020-04-15 22:07:59 [restartedMain] [INFO] o.s.web.context.ContextLoader - Root WebApplicationContext: initialization completed in 4692 ms
2020-04-15 22:08:00 [restartedMain] [DEBUG] o.m.spring.SqlSessionFactoryBean - Parsed configuration file: 'class path resource [mybatis/mybatis_config.xml]'
2020-04-15 22:08:00 [restartedMain] [DEBUG] o.m.spring.SqlSessionFactoryBean - Parsed mapper file: 'file [D:\Projects\adminlte\out\production\resources\mybatis\mapper\companyDAO.xml]'
2020-04-15 22:08:00 [restartedMain] [DEBUG] o.m.spring.SqlSessionFactoryBean - Parsed mapper file: 'file [D:\Projects\adminlte\out\production\resources\mybatis\mapper\mainCategoryDao.xml]'
2020-04-15 22:08:00 [restartedMain] [DEBUG] o.m.spring.SqlSessionFactoryBean - Parsed mapper file: 'file [D:\Projects\adminlte\out\production\resources\mybatis\mapper\productDao.xml]'
2020-04-15 22:08:00 [restartedMain] [DEBUG] o.m.spring.SqlSessionFactoryBean - Parsed mapper file: 'file [D:\Projects\adminlte\out\production\resources\mybatis\mapper\subCategoryDao.xml]'
2020-04-15 22:08:00 [restartedMain] [DEBUG] o.m.spring.SqlSessionFactoryBean - Parsed mapper file: 'file [D:\Projects\adminlte\out\production\resources\mybatis\mapper\subCategoryDetailDao.xml]'
2020-04-15 22:08:00 [restartedMain] [DEBUG] o.m.spring.SqlSessionFactoryBean - Parsed mapper file: 'file [D:\Projects\adminlte\out\production\resources\mybatis\mapper\supplierDao.xml]'
2020-04-15 22:08:01 [restartedMain] [INFO] o.s.s.c.ThreadPoolTaskExecutor - Initializing ExecutorService 'applicationTaskExecutor'
2020-04-15 22:08:01 [restartedMain] [WARN] o.s.b.a.t.ThymeleafAutoConfiguration$DefaultTemplateResolverConfiguration - Cannot find template location: classpath:/templates/ (please add some templates or check your Thymeleaf configuration)
2020-04-15 22:08:01 [restartedMain] [WARN] o.t.templatemode.TemplateMode - [THYMELEAF][restartedMain] Template Mode 'LEGACYHTML5' is deprecated. Using Template Mode 'HTML' instead.
2020-04-15 22:08:01 [restartedMain] [DEBUG] o.m.s.b.a.MybatisAutoConfiguration - Not found configuration for registering mapper bean using @MapperScan, MapperFactoryBean and MapperScannerConfigurer.
2020-04-15 22:08:02 [restartedMain] [INFO] o.s.b.d.a.OptionalLiveReloadServer - LiveReload server is running on port 35729
2020-04-15 22:08:02 [restartedMain] [INFO] o.a.coyote.http11.Http11NioProtocol - Starting ProtocolHandler ["http-nio-8080"]
2020-04-15 22:08:02 [restartedMain] [INFO] o.s.b.w.e.tomcat.TomcatWebServer - Tomcat started on port(s): 8080 (http) with context path ''
2020-04-15 22:08:02 [restartedMain] [INFO] c.s.adminlte.AdminlteApplication - Started AdminlteApplication in 8.11 seconds (JVM running for 11.378)
2020-04-15 22:24:42 [http-nio-8080-exec-1] [INFO] o.a.c.c.C.[Tomcat].[localhost].[/] - Initializing Spring DispatcherServlet 'dispatcherServlet'
2020-04-15 22:24:44 [http-nio-8080-exec-1] [INFO] o.s.web.servlet.DispatcherServlet - Initializing Servlet 'dispatcherServlet'
2020-04-15 22:24:44 [http-nio-8080-exec-1] [INFO] o.s.web.servlet.DispatcherServlet - Completed initialization in 42 ms
2020-04-15 22:24:44 [http-nio-8080-exec-3] [DEBUG] org.mybatis.spring.SqlSessionUtils - Creating a new SqlSession
2020-04-15 22:24:44 [http-nio-8080-exec-1] [DEBUG] org.mybatis.spring.SqlSessionUtils - Creating a new SqlSession
2020-04-15 22:24:44 [http-nio-8080-exec-3] [DEBUG] org.mybatis.spring.SqlSessionUtils - SqlSession [org.apache.ibatis.session.defaults.DefaultSqlSession@28a81750] was not registered for synchronization because synchronization is not active
2020-04-15 22:24:44 [http-nio-8080-exec-1] [DEBUG] org.mybatis.spring.SqlSessionUtils - SqlSession [org.apache.ibatis.session.defaults.DefaultSqlSession@325435c6] was not registered for synchronization because synchronization is not active
2020-04-15 22:24:44 [http-nio-8080-exec-1] [INFO] com.zaxxer.hikari.HikariDataSource - HikariPool-1 - Starting...
2020-04-15 22:24:44 [http-nio-8080-exec-1] [INFO] com.zaxxer.hikari.HikariDataSource - HikariPool-1 - Start completed.
2020-04-15 22:24:44 [http-nio-8080-exec-1] [DEBUG] o.m.s.t.SpringManagedTransaction - JDBC Connection [HikariProxyConnection@1594562656 wrapping org.postgresql.jdbc.PgConnection@18785661] will not be managed by Spring
2020-04-15 22:24:44 [http-nio-8080-exec-1] [DEBUG] c.s.adminlte.dao.CompanyDao.getList - ==>  Preparing: SELECT comp_id , comp_nm , comp_contact , comp_email , comp_address , comp_desc , comp_status , comp_create_by , comp_modify_by , comp_create_date , comp_modify_date FROM tb_company WHERE comp_status != ? 
2020-04-15 22:24:44 [http-nio-8080-exec-1] [DEBUG] c.s.adminlte.dao.CompanyDao.getList - ==> Parameters: 6(String)
2020-04-15 22:24:44 [http-nio-8080-exec-3] [DEBUG] o.m.s.t.SpringManagedTransaction - JDBC Connection [HikariProxyConnection@1990731412 wrapping org.postgresql.jdbc.PgConnection@72513f11] will not be managed by Spring
2020-04-15 22:24:44 [http-nio-8080-exec-3] [DEBUG] c.s.adminlte.dao.SupplierDao.getList - ==>  Preparing: select ts.sup_id , ts.sup_nm , ts.sup_contact , ts.sup_contact_t , ts.sup_email , ts.sup_desc , ts.sup_status , ts.sup_create_by , ts.sup_create_date , ts.sup_modify_by , ts.sup_modify_date from tb_supplier ts where ts.sup_status != ? 
2020-04-15 22:24:44 [http-nio-8080-exec-3] [DEBUG] c.s.adminlte.dao.SupplierDao.getList - ==> Parameters: 6(String)
2020-04-15 22:24:44 [http-nio-8080-exec-3] [DEBUG] c.s.adminlte.dao.SupplierDao.getList - <==      Total: 2
2020-04-15 22:24:44 [http-nio-8080-exec-1] [DEBUG] c.s.adminlte.dao.CompanyDao.getList - <==      Total: 7
2020-04-15 22:24:44 [http-nio-8080-exec-1] [DEBUG] org.mybatis.spring.SqlSessionUtils - Closing non transactional SqlSession [org.apache.ibatis.session.defaults.DefaultSqlSession@325435c6]
2020-04-15 22:24:44 [http-nio-8080-exec-3] [DEBUG] org.mybatis.spring.SqlSessionUtils - Closing non transactional SqlSession [org.apache.ibatis.session.defaults.DefaultSqlSession@28a81750]
2020-04-15 22:41:16 [http-nio-8080-exec-10] [DEBUG] org.mybatis.spring.SqlSessionUtils - Creating a new SqlSession
2020-04-15 22:41:16 [http-nio-8080-exec-9] [DEBUG] org.mybatis.spring.SqlSessionUtils - Creating a new SqlSession
2020-04-15 22:41:16 [http-nio-8080-exec-10] [DEBUG] org.mybatis.spring.SqlSessionUtils - SqlSession [org.apache.ibatis.session.defaults.DefaultSqlSession@3538898e] was not registered for synchronization because synchronization is not active
2020-04-15 22:41:16 [http-nio-8080-exec-9] [DEBUG] org.mybatis.spring.SqlSessionUtils - SqlSession [org.apache.ibatis.session.defaults.DefaultSqlSession@71db16f6] was not registered for synchronization because synchronization is not active
2020-04-15 22:41:16 [http-nio-8080-exec-9] [DEBUG] o.m.s.t.SpringManagedTransaction - JDBC Connection [HikariProxyConnection@2132604605 wrapping org.postgresql.jdbc.PgConnection@18785661] will not be managed by Spring
2020-04-15 22:41:16 [http-nio-8080-exec-10] [DEBUG] o.m.s.t.SpringManagedTransaction - JDBC Connection [HikariProxyConnection@1006592345 wrapping org.postgresql.jdbc.PgConnection@72513f11] will not be managed by Spring
2020-04-15 22:41:16 [http-nio-8080-exec-10] [DEBUG] c.s.adminlte.dao.CompanyDao.getList - ==>  Preparing: SELECT comp_id , comp_nm , comp_contact , comp_email , comp_address , comp_desc , comp_status , comp_create_by , comp_modify_by , comp_create_date , comp_modify_date FROM tb_company WHERE comp_status != ? 
2020-04-15 22:41:16 [http-nio-8080-exec-9] [DEBUG] c.s.adminlte.dao.SupplierDao.getList - ==>  Preparing: select ts.sup_id , ts.sup_nm , ts.sup_contact , ts.sup_contact_t , ts.sup_email , ts.sup_desc , ts.sup_status , ts.sup_create_by , ts.sup_create_date , ts.sup_modify_by , ts.sup_modify_date from tb_supplier ts where ts.sup_status != ? 
2020-04-15 22:41:16 [http-nio-8080-exec-9] [DEBUG] c.s.adminlte.dao.SupplierDao.getList - ==> Parameters: 6(String)
2020-04-15 22:41:16 [http-nio-8080-exec-10] [DEBUG] c.s.adminlte.dao.CompanyDao.getList - ==> Parameters: 6(String)
2020-04-15 22:41:16 [http-nio-8080-exec-9] [DEBUG] c.s.adminlte.dao.SupplierDao.getList - <==      Total: 2
2020-04-15 22:41:16 [http-nio-8080-exec-9] [DEBUG] org.mybatis.spring.SqlSessionUtils - Closing non transactional SqlSession [org.apache.ibatis.session.defaults.DefaultSqlSession@71db16f6]
2020-04-15 22:41:16 [http-nio-8080-exec-10] [DEBUG] c.s.adminlte.dao.CompanyDao.getList - <==      Total: 7
2020-04-15 22:41:16 [http-nio-8080-exec-10] [DEBUG] org.mybatis.spring.SqlSessionUtils - Closing non transactional SqlSession [org.apache.ibatis.session.defaults.DefaultSqlSession@3538898e]
2020-04-15 23:08:30 [http-nio-8080-exec-6] [DEBUG] org.mybatis.spring.SqlSessionUtils - Creating a new SqlSession
2020-04-15 23:08:30 [http-nio-8080-exec-5] [DEBUG] org.mybatis.spring.SqlSessionUtils - Creating a new SqlSession
2020-04-15 23:08:30 [http-nio-8080-exec-6] [DEBUG] org.mybatis.spring.SqlSessionUtils - SqlSession [org.apache.ibatis.session.defaults.DefaultSqlSession@50e8401f] was not registered for synchronization because synchronization is not active
2020-04-15 23:08:30 [http-nio-8080-exec-5] [DEBUG] org.mybatis.spring.SqlSessionUtils - SqlSession [org.apache.ibatis.session.defaults.DefaultSqlSession@2b43977c] was not registered for synchronization because synchronization is not active
2020-04-15 23:08:30 [http-nio-8080-exec-6] [DEBUG] o.m.s.t.SpringManagedTransaction - JDBC Connection [HikariProxyConnection@367707238 wrapping org.postgresql.jdbc.PgConnection@4efadee7] will not be managed by Spring
2020-04-15 23:08:30 [http-nio-8080-exec-5] [DEBUG] o.m.s.t.SpringManagedTransaction - JDBC Connection [HikariProxyConnection@262260829 wrapping org.postgresql.jdbc.PgConnection@6df99672] will not be managed by Spring
2020-04-15 23:08:30 [http-nio-8080-exec-5] [DEBUG] c.s.adminlte.dao.SupplierDao.getList - ==>  Preparing: select ts.sup_id , ts.sup_nm , ts.sup_contact , ts.sup_contact_t , ts.sup_email , ts.sup_desc , ts.sup_status , ts.sup_create_by , ts.sup_create_date , ts.sup_modify_by , ts.sup_modify_date from tb_supplier ts where ts.sup_status != ? 
2020-04-15 23:08:30 [http-nio-8080-exec-6] [DEBUG] c.s.adminlte.dao.CompanyDao.getList - ==>  Preparing: SELECT comp_id , comp_nm , comp_contact , comp_email , comp_address , comp_desc , comp_status , comp_create_by , comp_modify_by , comp_create_date , comp_modify_date FROM tb_company WHERE comp_status != ? 
2020-04-15 23:08:30 [http-nio-8080-exec-5] [DEBUG] c.s.adminlte.dao.SupplierDao.getList - ==> Parameters: 6(String)
2020-04-15 23:08:30 [http-nio-8080-exec-6] [DEBUG] c.s.adminlte.dao.CompanyDao.getList - ==> Parameters: 6(String)
2020-04-15 23:08:30 [http-nio-8080-exec-5] [DEBUG] c.s.adminlte.dao.SupplierDao.getList - <==      Total: 2
2020-04-15 23:08:30 [http-nio-8080-exec-5] [DEBUG] org.mybatis.spring.SqlSessionUtils - Closing non transactional SqlSession [org.apache.ibatis.session.defaults.DefaultSqlSession@2b43977c]
2020-04-15 23:08:30 [http-nio-8080-exec-6] [DEBUG] c.s.adminlte.dao.CompanyDao.getList - <==      Total: 7
2020-04-15 23:08:31 [http-nio-8080-exec-6] [DEBUG] org.mybatis.spring.SqlSessionUtils - Closing non transactional SqlSession [org.apache.ibatis.session.defaults.DefaultSqlSession@50e8401f]
2020-04-15 23:09:47 [http-nio-8080-exec-2] [DEBUG] org.mybatis.spring.SqlSessionUtils - Creating a new SqlSession
2020-04-15 23:09:47 [http-nio-8080-exec-2] [DEBUG] org.mybatis.spring.SqlSessionUtils - SqlSession [org.apache.ibatis.session.defaults.DefaultSqlSession@491d3dd0] was not registered for synchronization because synchronization is not active
2020-04-15 23:09:47 [http-nio-8080-exec-4] [DEBUG] org.mybatis.spring.SqlSessionUtils - Creating a new SqlSession
2020-04-15 23:09:47 [http-nio-8080-exec-2] [DEBUG] o.m.s.t.SpringManagedTransaction - JDBC Connection [HikariProxyConnection@205532282 wrapping org.postgresql.jdbc.PgConnection@4efadee7] will not be managed by Spring
2020-04-15 23:09:47 [http-nio-8080-exec-4] [DEBUG] org.mybatis.spring.SqlSessionUtils - SqlSession [org.apache.ibatis.session.defaults.DefaultSqlSession@1a2c33d0] was not registered for synchronization because synchronization is not active
2020-04-15 23:09:47 [http-nio-8080-exec-2] [DEBUG] c.s.adminlte.dao.CompanyDao.getList - ==>  Preparing: SELECT comp_id , comp_nm , comp_contact , comp_email , comp_address , comp_desc , comp_status , comp_create_by , comp_modify_by , comp_create_date , comp_modify_date FROM tb_company WHERE comp_status != ? 
2020-04-15 23:09:47 [http-nio-8080-exec-4] [DEBUG] o.m.s.t.SpringManagedTransaction - JDBC Connection [HikariProxyConnection@350998245 wrapping org.postgresql.jdbc.PgConnection@6df99672] will not be managed by Spring
2020-04-15 23:09:47 [http-nio-8080-exec-2] [DEBUG] c.s.adminlte.dao.CompanyDao.getList - ==> Parameters: 6(String)
2020-04-15 23:09:47 [http-nio-8080-exec-4] [DEBUG] c.s.adminlte.dao.SupplierDao.getList - ==>  Preparing: select ts.sup_id , ts.sup_nm , ts.sup_contact , ts.sup_contact_t , ts.sup_email , ts.sup_desc , ts.sup_status , ts.sup_create_by , ts.sup_create_date , ts.sup_modify_by , ts.sup_modify_date from tb_supplier ts where ts.sup_status != ? 
2020-04-15 23:09:47 [http-nio-8080-exec-4] [DEBUG] c.s.adminlte.dao.SupplierDao.getList - ==> Parameters: 6(String)
2020-04-15 23:09:47 [http-nio-8080-exec-4] [DEBUG] c.s.adminlte.dao.SupplierDao.getList - <==      Total: 2
2020-04-15 23:09:47 [http-nio-8080-exec-2] [DEBUG] c.s.adminlte.dao.CompanyDao.getList - <==      Total: 7
2020-04-15 23:09:47 [http-nio-8080-exec-2] [DEBUG] org.mybatis.spring.SqlSessionUtils - Closing non transactional SqlSession [org.apache.ibatis.session.defaults.DefaultSqlSession@491d3dd0]
2020-04-15 23:09:47 [http-nio-8080-exec-4] [DEBUG] org.mybatis.spring.SqlSessionUtils - Closing non transactional SqlSession [org.apache.ibatis.session.defaults.DefaultSqlSession@1a2c33d0]
2020-04-15 23:10:09 [http-nio-8080-exec-6] [DEBUG] org.mybatis.spring.SqlSessionUtils - Creating a new SqlSession
2020-04-15 23:10:09 [http-nio-8080-exec-5] [DEBUG] org.mybatis.spring.SqlSessionUtils - Creating a new SqlSession
2020-04-15 23:10:09 [http-nio-8080-exec-6] [DEBUG] org.mybatis.spring.SqlSessionUtils - SqlSession [org.apache.ibatis.session.defaults.DefaultSqlSession@42cda058] was not registered for synchronization because synchronization is not active
2020-04-15 23:10:09 [http-nio-8080-exec-5] [DEBUG] org.mybatis.spring.SqlSessionUtils - SqlSession [org.apache.ibatis.session.defaults.DefaultSqlSession@28c74d39] was not registered for synchronization because synchronization is not active
2020-04-15 23:10:09 [http-nio-8080-exec-6] [DEBUG] o.m.s.t.SpringManagedTransaction - JDBC Connection [HikariProxyConnection@1295887328 wrapping org.postgresql.jdbc.PgConnection@4efadee7] will not be managed by Spring
2020-04-15 23:10:09 [http-nio-8080-exec-5] [DEBUG] o.m.s.t.SpringManagedTransaction - JDBC Connection [HikariProxyConnection@1469689338 wrapping org.postgresql.jdbc.PgConnection@6df99672] will not be managed by Spring
2020-04-15 23:10:09 [http-nio-8080-exec-6] [DEBUG] c.s.adminlte.dao.SupplierDao.getList - ==>  Preparing: select ts.sup_id , ts.sup_nm , ts.sup_contact , ts.sup_contact_t , ts.sup_email , ts.sup_desc , ts.sup_status , ts.sup_create_by , ts.sup_create_date , ts.sup_modify_by , ts.sup_modify_date from tb_supplier ts where ts.sup_status != ? 
2020-04-15 23:10:09 [http-nio-8080-exec-5] [DEBUG] c.s.adminlte.dao.CompanyDao.getList - ==>  Preparing: SELECT comp_id , comp_nm , comp_contact , comp_email , comp_address , comp_desc , comp_status , comp_create_by , comp_modify_by , comp_create_date , comp_modify_date FROM tb_company WHERE comp_status != ? 
2020-04-15 23:10:09 [http-nio-8080-exec-5] [DEBUG] c.s.adminlte.dao.CompanyDao.getList - ==> Parameters: 6(String)
2020-04-15 23:10:09 [http-nio-8080-exec-6] [DEBUG] c.s.adminlte.dao.SupplierDao.getList - ==> Parameters: 6(String)
2020-04-15 23:10:09 [http-nio-8080-exec-6] [DEBUG] c.s.adminlte.dao.SupplierDao.getList - <==      Total: 2
2020-04-15 23:10:09 [http-nio-8080-exec-6] [DEBUG] org.mybatis.spring.SqlSessionUtils - Closing non transactional SqlSession [org.apache.ibatis.session.defaults.DefaultSqlSession@42cda058]
2020-04-15 23:10:09 [http-nio-8080-exec-5] [DEBUG] c.s.adminlte.dao.CompanyDao.getList - <==      Total: 7
2020-04-15 23:10:09 [http-nio-8080-exec-5] [DEBUG] org.mybatis.spring.SqlSessionUtils - Closing non transactional SqlSession [org.apache.ibatis.session.defaults.DefaultSqlSession@28c74d39]
2020-04-15 23:10:28 [http-nio-8080-exec-9] [DEBUG] org.mybatis.spring.SqlSessionUtils - Creating a new SqlSession
2020-04-15 23:10:28 [http-nio-8080-exec-9] [DEBUG] org.mybatis.spring.SqlSessionUtils - SqlSession [org.apache.ibatis.session.defaults.DefaultSqlSession@4b805390] was not registered for synchronization because synchronization is not active
2020-04-15 23:10:28 [http-nio-8080-exec-10] [DEBUG] org.mybatis.spring.SqlSessionUtils - Creating a new SqlSession
2020-04-15 23:10:28 [http-nio-8080-exec-9] [DEBUG] o.m.s.t.SpringManagedTransaction - JDBC Connection [HikariProxyConnection@1962867819 wrapping org.postgresql.jdbc.PgConnection@4efadee7] will not be managed by Spring
2020-04-15 23:10:28 [http-nio-8080-exec-10] [DEBUG] org.mybatis.spring.SqlSessionUtils - SqlSession [org.apache.ibatis.session.defaults.DefaultSqlSession@357bfa8c] was not registered for synchronization because synchronization is not active
2020-04-15 23:10:28 [http-nio-8080-exec-9] [DEBUG] c.s.adminlte.dao.CompanyDao.getList - ==>  Preparing: SELECT comp_id , comp_nm , comp_contact , comp_email , comp_address , comp_desc , comp_status , comp_create_by , comp_modify_by , comp_create_date , comp_modify_date FROM tb_company WHERE comp_status != ? 
2020-04-15 23:10:28 [http-nio-8080-exec-9] [DEBUG] c.s.adminlte.dao.CompanyDao.getList - ==> Parameters: 6(String)
2020-04-15 23:10:28 [http-nio-8080-exec-10] [DEBUG] o.m.s.t.SpringManagedTransaction - JDBC Connection [HikariProxyConnection@107458835 wrapping org.postgresql.jdbc.PgConnection@6df99672] will not be managed by Spring
2020-04-15 23:10:28 [http-nio-8080-exec-10] [DEBUG] c.s.adminlte.dao.SupplierDao.getList - ==>  Preparing: select ts.sup_id , ts.sup_nm , ts.sup_contact , ts.sup_contact_t , ts.sup_email , ts.sup_desc , ts.sup_status , ts.sup_create_by , ts.sup_create_date , ts.sup_modify_by , ts.sup_modify_date from tb_supplier ts where ts.sup_status != ? 
2020-04-15 23:10:28 [http-nio-8080-exec-10] [DEBUG] c.s.adminlte.dao.SupplierDao.getList - ==> Parameters: 6(String)
2020-04-15 23:10:28 [http-nio-8080-exec-10] [DEBUG] c.s.adminlte.dao.SupplierDao.getList - <==      Total: 2
2020-04-15 23:10:28 [http-nio-8080-exec-9] [DEBUG] c.s.adminlte.dao.CompanyDao.getList - <==      Total: 7
2020-04-15 23:10:28 [http-nio-8080-exec-10] [DEBUG] org.mybatis.spring.SqlSessionUtils - Closing non transactional SqlSession [org.apache.ibatis.session.defaults.DefaultSqlSession@357bfa8c]
2020-04-15 23:10:28 [http-nio-8080-exec-9] [DEBUG] org.mybatis.spring.SqlSessionUtils - Closing non transactional SqlSession [org.apache.ibatis.session.defaults.DefaultSqlSession@4b805390]
2020-04-15 23:10:36 [http-nio-8080-exec-3] [DEBUG] org.mybatis.spring.SqlSessionUtils - Creating a new SqlSession
2020-04-15 23:10:36 [http-nio-8080-exec-3] [DEBUG] org.mybatis.spring.SqlSessionUtils - SqlSession [org.apache.ibatis.session.defaults.DefaultSqlSession@4bc3d7c2] was not registered for synchronization because synchronization is not active
2020-04-15 23:10:36 [http-nio-8080-exec-1] [DEBUG] org.mybatis.spring.SqlSessionUtils - Creating a new SqlSession
2020-04-15 23:10:36 [http-nio-8080-exec-1] [DEBUG] org.mybatis.spring.SqlSessionUtils - SqlSession [org.apache.ibatis.session.defaults.DefaultSqlSession@7d5a537] was not registered for synchronization because synchronization is not active
2020-04-15 23:10:36 [http-nio-8080-exec-1] [DEBUG] o.m.s.t.SpringManagedTransaction - JDBC Connection [HikariProxyConnection@1980805238 wrapping org.postgresql.jdbc.PgConnection@6df99672] will not be managed by Spring
2020-04-15 23:10:36 [http-nio-8080-exec-3] [DEBUG] o.m.s.t.SpringManagedTransaction - JDBC Connection [HikariProxyConnection@611162425 wrapping org.postgresql.jdbc.PgConnection@4efadee7] will not be managed by Spring
2020-04-15 23:10:36 [http-nio-8080-exec-1] [DEBUG] c.s.adminlte.dao.SupplierDao.getList - ==>  Preparing: select ts.sup_id , ts.sup_nm , ts.sup_contact , ts.sup_contact_t , ts.sup_email , ts.sup_desc , ts.sup_status , ts.sup_create_by , ts.sup_create_date , ts.sup_modify_by , ts.sup_modify_date from tb_supplier ts where ts.sup_status != ? 
2020-04-15 23:10:36 [http-nio-8080-exec-3] [DEBUG] c.s.adminlte.dao.CompanyDao.getList - ==>  Preparing: SELECT comp_id , comp_nm , comp_contact , comp_email , comp_address , comp_desc , comp_status , comp_create_by , comp_modify_by , comp_create_date , comp_modify_date FROM tb_company WHERE comp_status != ? 
2020-04-15 23:10:36 [http-nio-8080-exec-1] [DEBUG] c.s.adminlte.dao.SupplierDao.getList - ==> Parameters: 6(String)
2020-04-15 23:10:36 [http-nio-8080-exec-3] [DEBUG] c.s.adminlte.dao.CompanyDao.getList - ==> Parameters: 6(String)
2020-04-15 23:10:36 [http-nio-8080-exec-1] [DEBUG] c.s.adminlte.dao.SupplierDao.getList - <==      Total: 2
2020-04-15 23:10:36 [http-nio-8080-exec-1] [DEBUG] org.mybatis.spring.SqlSessionUtils - Closing non transactional SqlSession [org.apache.ibatis.session.defaults.DefaultSqlSession@7d5a537]
2020-04-15 23:10:36 [http-nio-8080-exec-3] [DEBUG] c.s.adminlte.dao.CompanyDao.getList - <==      Total: 7
2020-04-15 23:10:36 [http-nio-8080-exec-3] [DEBUG] org.mybatis.spring.SqlSessionUtils - Closing non transactional SqlSession [org.apache.ibatis.session.defaults.DefaultSqlSession@4bc3d7c2]
2020-04-15 23:12:19 [http-nio-8080-exec-10] [DEBUG] org.mybatis.spring.SqlSessionUtils - Creating a new SqlSession
2020-04-15 23:12:19 [http-nio-8080-exec-10] [DEBUG] org.mybatis.spring.SqlSessionUtils - SqlSession [org.apache.ibatis.session.defaults.DefaultSqlSession@1d0316ad] was not registered for synchronization because synchronization is not active
2020-04-15 23:12:19 [http-nio-8080-exec-10] [DEBUG] o.m.s.t.SpringManagedTransaction - JDBC Connection [HikariProxyConnection@1290733557 wrapping org.postgresql.jdbc.PgConnection@6df99672] will not be managed by Spring
2020-04-15 23:12:19 [http-nio-8080-exec-10] [DEBUG] c.s.adminlte.dao.SupplierDao.getList - ==>  Preparing: select ts.sup_id , ts.sup_nm , ts.sup_contact , ts.sup_contact_t , ts.sup_email , ts.sup_desc , ts.sup_status , ts.sup_create_by , ts.sup_create_date , ts.sup_modify_by , ts.sup_modify_date from tb_supplier ts where ts.sup_status != ? 
2020-04-15 23:12:19 [http-nio-8080-exec-10] [DEBUG] c.s.adminlte.dao.SupplierDao.getList - ==> Parameters: 6(String)
2020-04-15 23:12:19 [http-nio-8080-exec-9] [DEBUG] org.mybatis.spring.SqlSessionUtils - Creating a new SqlSession
2020-04-15 23:12:19 [http-nio-8080-exec-9] [DEBUG] org.mybatis.spring.SqlSessionUtils - SqlSession [org.apache.ibatis.session.defaults.DefaultSqlSession@2f244cb1] was not registered for synchronization because synchronization is not active
2020-04-15 23:12:19 [http-nio-8080-exec-10] [DEBUG] c.s.adminlte.dao.SupplierDao.getList - <==      Total: 2
2020-04-15 23:12:19 [http-nio-8080-exec-10] [DEBUG] org.mybatis.spring.SqlSessionUtils - Closing non transactional SqlSession [org.apache.ibatis.session.defaults.DefaultSqlSession@1d0316ad]
2020-04-15 23:12:19 [http-nio-8080-exec-9] [DEBUG] o.m.s.t.SpringManagedTransaction - JDBC Connection [HikariProxyConnection@1476233759 wrapping org.postgresql.jdbc.PgConnection@4efadee7] will not be managed by Spring
2020-04-15 23:12:19 [http-nio-8080-exec-9] [DEBUG] c.s.adminlte.dao.CompanyDao.getList - ==>  Preparing: SELECT comp_id , comp_nm , comp_contact , comp_email , comp_address , comp_desc , comp_status , comp_create_by , comp_modify_by , comp_create_date , comp_modify_date FROM tb_company WHERE comp_status != ? 
2020-04-15 23:12:19 [http-nio-8080-exec-9] [DEBUG] c.s.adminlte.dao.CompanyDao.getList - ==> Parameters: 6(String)
2020-04-15 23:12:19 [http-nio-8080-exec-9] [DEBUG] c.s.adminlte.dao.CompanyDao.getList - <==      Total: 7
2020-04-15 23:12:19 [http-nio-8080-exec-9] [DEBUG] org.mybatis.spring.SqlSessionUtils - Closing non transactional SqlSession [org.apache.ibatis.session.defaults.DefaultSqlSession@2f244cb1]
2020-04-15 23:20:46 [http-nio-8080-exec-5] [DEBUG] org.mybatis.spring.SqlSessionUtils - Creating a new SqlSession
2020-04-15 23:20:46 [http-nio-8080-exec-6] [DEBUG] org.mybatis.spring.SqlSessionUtils - Creating a new SqlSession
2020-04-15 23:20:46 [http-nio-8080-exec-5] [DEBUG] org.mybatis.spring.SqlSessionUtils - SqlSession [org.apache.ibatis.session.defaults.DefaultSqlSession@3fc0a8cc] was not registered for synchronization because synchronization is not active
2020-04-15 23:20:46 [http-nio-8080-exec-6] [DEBUG] org.mybatis.spring.SqlSessionUtils - SqlSession [org.apache.ibatis.session.defaults.DefaultSqlSession@75c82833] was not registered for synchronization because synchronization is not active
2020-04-15 23:20:46 [http-nio-8080-exec-6] [DEBUG] o.m.s.t.SpringManagedTransaction - JDBC Connection [HikariProxyConnection@705992016 wrapping org.postgresql.jdbc.PgConnection@4efadee7] will not be managed by Spring
2020-04-15 23:20:46 [http-nio-8080-exec-5] [DEBUG] o.m.s.t.SpringManagedTransaction - JDBC Connection [HikariProxyConnection@1079434131 wrapping org.postgresql.jdbc.PgConnection@6df99672] will not be managed by Spring
2020-04-15 23:20:46 [http-nio-8080-exec-6] [DEBUG] c.s.adminlte.dao.CompanyDao.getList - ==>  Preparing: SELECT comp_id , comp_nm , comp_contact , comp_email , comp_address , comp_desc , comp_status , comp_create_by , comp_modify_by , comp_create_date , comp_modify_date FROM tb_company WHERE comp_status != ? 
2020-04-15 23:20:46 [http-nio-8080-exec-5] [DEBUG] c.s.adminlte.dao.SupplierDao.getList - ==>  Preparing: select ts.sup_id , ts.sup_nm , ts.sup_contact , ts.sup_contact_t , ts.sup_email , ts.sup_desc , ts.sup_status , ts.sup_create_by , ts.sup_create_date , ts.sup_modify_by , ts.sup_modify_date from tb_supplier ts where ts.sup_status != ? 
2020-04-15 23:20:46 [http-nio-8080-exec-5] [DEBUG] c.s.adminlte.dao.SupplierDao.getList - ==> Parameters: 6(String)
2020-04-15 23:20:46 [http-nio-8080-exec-6] [DEBUG] c.s.adminlte.dao.CompanyDao.getList - ==> Parameters: 6(String)
2020-04-15 23:20:46 [http-nio-8080-exec-5] [DEBUG] c.s.adminlte.dao.SupplierDao.getList - <==      Total: 2
2020-04-15 23:20:46 [http-nio-8080-exec-5] [DEBUG] org.mybatis.spring.SqlSessionUtils - Closing non transactional SqlSession [org.apache.ibatis.session.defaults.DefaultSqlSession@3fc0a8cc]
2020-04-15 23:20:46 [http-nio-8080-exec-6] [DEBUG] c.s.adminlte.dao.CompanyDao.getList - <==      Total: 7
2020-04-15 23:20:46 [http-nio-8080-exec-6] [DEBUG] org.mybatis.spring.SqlSessionUtils - Closing non transactional SqlSession [org.apache.ibatis.session.defaults.DefaultSqlSession@75c82833]
2020-04-15 23:22:12 [http-nio-8080-exec-4] [DEBUG] org.mybatis.spring.SqlSessionUtils - Creating a new SqlSession
2020-04-15 23:22:12 [http-nio-8080-exec-4] [DEBUG] org.mybatis.spring.SqlSessionUtils - SqlSession [org.apache.ibatis.session.defaults.DefaultSqlSession@566af5b6] was not registered for synchronization because synchronization is not active
2020-04-15 23:22:12 [http-nio-8080-exec-2] [DEBUG] org.mybatis.spring.SqlSessionUtils - Creating a new SqlSession
2020-04-15 23:22:12 [http-nio-8080-exec-2] [DEBUG] org.mybatis.spring.SqlSessionUtils - SqlSession [org.apache.ibatis.session.defaults.DefaultSqlSession@1a6b7e27] was not registered for synchronization because synchronization is not active
2020-04-15 23:22:12 [http-nio-8080-exec-2] [DEBUG] o.m.s.t.SpringManagedTransaction - JDBC Connection [HikariProxyConnection@390439660 wrapping org.postgresql.jdbc.PgConnection@4efadee7] will not be managed by Spring
2020-04-15 23:22:12 [http-nio-8080-exec-4] [DEBUG] o.m.s.t.SpringManagedTransaction - JDBC Connection [HikariProxyConnection@905526161 wrapping org.postgresql.jdbc.PgConnection@6df99672] will not be managed by Spring
2020-04-15 23:22:12 [http-nio-8080-exec-4] [DEBUG] c.s.adminlte.dao.CompanyDao.getList - ==>  Preparing: SELECT comp_id , comp_nm , comp_contact , comp_email , comp_address , comp_desc , comp_status , comp_create_by , comp_modify_by , comp_create_date , comp_modify_date FROM tb_company WHERE comp_status != ? 
2020-04-15 23:22:12 [http-nio-8080-exec-2] [DEBUG] c.s.adminlte.dao.SupplierDao.getList - ==>  Preparing: select ts.sup_id , ts.sup_nm , ts.sup_contact , ts.sup_contact_t , ts.sup_email , ts.sup_desc , ts.sup_status , ts.sup_create_by , ts.sup_create_date , ts.sup_modify_by , ts.sup_modify_date from tb_supplier ts where ts.sup_status != ? 
2020-04-15 23:22:12 [http-nio-8080-exec-4] [DEBUG] c.s.adminlte.dao.CompanyDao.getList - ==> Parameters: 6(String)
2020-04-15 23:22:12 [http-nio-8080-exec-2] [DEBUG] c.s.adminlte.dao.SupplierDao.getList - ==> Parameters: 6(String)
2020-04-15 23:22:12 [http-nio-8080-exec-2] [DEBUG] c.s.adminlte.dao.SupplierDao.getList - <==      Total: 2
2020-04-15 23:22:12 [http-nio-8080-exec-2] [DEBUG] org.mybatis.spring.SqlSessionUtils - Closing non transactional SqlSession [org.apache.ibatis.session.defaults.DefaultSqlSession@1a6b7e27]
2020-04-15 23:22:12 [http-nio-8080-exec-4] [DEBUG] c.s.adminlte.dao.CompanyDao.getList - <==      Total: 7
2020-04-15 23:22:12 [http-nio-8080-exec-4] [DEBUG] org.mybatis.spring.SqlSessionUtils - Closing non transactional SqlSession [org.apache.ibatis.session.defaults.DefaultSqlSession@566af5b6]
2020-04-15 23:22:46 [http-nio-8080-exec-5] [DEBUG] org.mybatis.spring.SqlSessionUtils - Creating a new SqlSession
2020-04-15 23:22:46 [http-nio-8080-exec-6] [DEBUG] org.mybatis.spring.SqlSessionUtils - Creating a new SqlSession
2020-04-15 23:22:46 [http-nio-8080-exec-5] [DEBUG] org.mybatis.spring.SqlSessionUtils - SqlSession [org.apache.ibatis.session.defaults.DefaultSqlSession@7d011a43] was not registered for synchronization because synchronization is not active
2020-04-15 23:22:46 [http-nio-8080-exec-6] [DEBUG] org.mybatis.spring.SqlSessionUtils - SqlSession [org.apache.ibatis.session.defaults.DefaultSqlSession@3d5591c5] was not registered for synchronization because synchronization is not active
2020-04-15 23:22:46 [http-nio-8080-exec-5] [DEBUG] o.m.s.t.SpringManagedTransaction - JDBC Connection [HikariProxyConnection@1040105366 wrapping org.postgresql.jdbc.PgConnection@6df99672] will not be managed by Spring
2020-04-15 23:22:46 [http-nio-8080-exec-6] [DEBUG] o.m.s.t.SpringManagedTransaction - JDBC Connection [HikariProxyConnection@879014882 wrapping org.postgresql.jdbc.PgConnection@4efadee7] will not be managed by Spring
2020-04-15 23:22:46 [http-nio-8080-exec-6] [DEBUG] c.s.adminlte.dao.SupplierDao.getList - ==>  Preparing: select ts.sup_id , ts.sup_nm , ts.sup_contact , ts.sup_contact_t , ts.sup_email , ts.sup_desc , ts.sup_status , ts.sup_create_by , ts.sup_create_date , ts.sup_modify_by , ts.sup_modify_date from tb_supplier ts where ts.sup_status != ? 
2020-04-15 23:22:46 [http-nio-8080-exec-5] [DEBUG] c.s.adminlte.dao.CompanyDao.getList - ==>  Preparing: SELECT comp_id , comp_nm , comp_contact , comp_email , comp_address , comp_desc , comp_status , comp_create_by , comp_modify_by , comp_create_date , comp_modify_date FROM tb_company WHERE comp_status != ? 
2020-04-15 23:22:46 [http-nio-8080-exec-6] [DEBUG] c.s.adminlte.dao.SupplierDao.getList - ==> Parameters: 6(String)
2020-04-15 23:22:46 [http-nio-8080-exec-5] [DEBUG] c.s.adminlte.dao.CompanyDao.getList - ==> Parameters: 6(String)
2020-04-15 23:22:46 [http-nio-8080-exec-6] [DEBUG] c.s.adminlte.dao.SupplierDao.getList - <==      Total: 2
2020-04-15 23:22:46 [http-nio-8080-exec-6] [DEBUG] org.mybatis.spring.SqlSessionUtils - Closing non transactional SqlSession [org.apache.ibatis.session.defaults.DefaultSqlSession@3d5591c5]
2020-04-15 23:22:46 [http-nio-8080-exec-5] [DEBUG] c.s.adminlte.dao.CompanyDao.getList - <==      Total: 7
2020-04-15 23:22:46 [http-nio-8080-exec-5] [DEBUG] org.mybatis.spring.SqlSessionUtils - Closing non transactional SqlSession [org.apache.ibatis.session.defaults.DefaultSqlSession@7d011a43]
2020-04-15 23:24:30 [http-nio-8080-exec-9] [DEBUG] org.mybatis.spring.SqlSessionUtils - Creating a new SqlSession
2020-04-15 23:24:30 [http-nio-8080-exec-9] [DEBUG] org.mybatis.spring.SqlSessionUtils - SqlSession [org.apache.ibatis.session.defaults.DefaultSqlSession@13500a88] was not registered for synchronization because synchronization is not active
2020-04-15 23:24:30 [http-nio-8080-exec-4] [DEBUG] org.mybatis.spring.SqlSessionUtils - Creating a new SqlSession
2020-04-15 23:24:30 [http-nio-8080-exec-4] [DEBUG] org.mybatis.spring.SqlSessionUtils - SqlSession [org.apache.ibatis.session.defaults.DefaultSqlSession@654e3dce] was not registered for synchronization because synchronization is not active
2020-04-15 23:24:30 [http-nio-8080-exec-9] [DEBUG] o.m.s.t.SpringManagedTransaction - JDBC Connection [HikariProxyConnection@1408970794 wrapping org.postgresql.jdbc.PgConnection@2c8984b1] will not be managed by Spring
2020-04-15 23:24:30 [http-nio-8080-exec-9] [DEBUG] c.s.adminlte.dao.CompanyDao.getList - ==>  Preparing: SELECT comp_id , comp_nm , comp_contact , comp_email , comp_address , comp_desc , comp_status , comp_create_by , comp_modify_by , comp_create_date , comp_modify_date FROM tb_company WHERE comp_status != ? 
2020-04-15 23:24:30 [http-nio-8080-exec-4] [DEBUG] o.m.s.t.SpringManagedTransaction - JDBC Connection [HikariProxyConnection@1286108712 wrapping org.postgresql.jdbc.PgConnection@4d6efd4e] will not be managed by Spring
2020-04-15 23:24:30 [http-nio-8080-exec-4] [DEBUG] c.s.adminlte.dao.SupplierDao.getList - ==>  Preparing: select ts.sup_id , ts.sup_nm , ts.sup_contact , ts.sup_contact_t , ts.sup_email , ts.sup_desc , ts.sup_status , ts.sup_create_by , ts.sup_create_date , ts.sup_modify_by , ts.sup_modify_date from tb_supplier ts where ts.sup_status != ? 
2020-04-15 23:24:30 [http-nio-8080-exec-9] [DEBUG] c.s.adminlte.dao.CompanyDao.getList - ==> Parameters: 6(String)
2020-04-15 23:24:30 [http-nio-8080-exec-4] [DEBUG] c.s.adminlte.dao.SupplierDao.getList - ==> Parameters: 6(String)
2020-04-15 23:24:30 [http-nio-8080-exec-4] [DEBUG] c.s.adminlte.dao.SupplierDao.getList - <==      Total: 2
2020-04-15 23:24:30 [http-nio-8080-exec-4] [DEBUG] org.mybatis.spring.SqlSessionUtils - Closing non transactional SqlSession [org.apache.ibatis.session.defaults.DefaultSqlSession@654e3dce]
2020-04-15 23:24:30 [http-nio-8080-exec-9] [DEBUG] c.s.adminlte.dao.CompanyDao.getList - <==      Total: 7
2020-04-15 23:24:30 [http-nio-8080-exec-9] [DEBUG] org.mybatis.spring.SqlSessionUtils - Closing non transactional SqlSession [org.apache.ibatis.session.defaults.DefaultSqlSession@13500a88]
